{
  "stats": {
    "suites": 50,
    "tests": 800,
    "passes": 800,
    "pending": 0,
    "failures": 0,
    "start": "2020-11-18T12:02:35.503Z",
    "end": "2020-11-18T12:03:15.391Z",
    "duration": 39888,
    "testsRegistered": 800,
    "passPercent": 100,
    "pendingPercent": 0,
    "other": 0,
    "hasOther": false,
    "skipped": 0,
    "hasSkipped": false
  },
  "results": [
    {
      "uuid": "52f36185-a50f-440f-bc86-147452fb3fd7",
      "title": "",
      "fullFile": "",
      "file": "",
      "beforeHooks": [],
      "afterHooks": [],
      "tests": [],
      "suites": [
        {
          "uuid": "133c5d53-fef1-44fe-bca9-1d985e5f5adc",
          "title": "Test 10Lines game: 30, 34 -  0",
          "fullFile": "/Users/marinaratova/Desktop/JS/test-server/test/test_10Lines.js",
          "file": "/test/test_10Lines.js",
          "beforeHooks": [
            {
              "title": "\"before all\" hook: Spin",
              "fullTitle": "Test 10Lines game: 30, 34 -  0 \"before all\" hook: Spin",
              "timedOut": false,
              "duration": 801,
              "state": null,
              "speed": null,
              "pass": false,
              "fail": false,
              "pending": false,
              "context": null,
              "code": "try {\n    let token = await readToken(Useplatform.nameToken);\n    const response = await spin(Useplatform.getUrlSpin(), token, Usegame.getId(), Usegame.getBet(Useplatform), Usegame.getLines());\n    let { nextActionsSpin, res } = response;\n    getLog(res, Usegame.name, Usegame.getId(), i);\n    let actionsSpin = res.context.current;\n    const winLines = checkWin1(res);\n    const winningResult = getWinningResult(winLines);\n    const FSResult = await getFSResult(nextActionsSpin, actionsSpin, res);\n    let funcResultExpW = chekExpendingWild(UseMathModele, res);\n    const funcResultESymbol = getNewMatrixESymbol(UseMathModele, res, actionsSpin, Usepaytable);\n    const featureEW = CheckFeatureEW(res);\n    const FSChangeMultipl = CheckMultipFS(UseMathModele, actionsSpin, res, FSResult);\n\n    data = { res, nextActionsSpin, actionsSpin, winLines, funcResultExpW, funcResultESymbol, featureEW, FSChangeMultipl, ...winningResult, ...FSResult };\n} catch (error) {\n    // numberErrors += 1;\n    // if (numberErrors > 5) {\n    //     break;\n    // };\n    console.log('!!!!!!ERROR in before block!!!!!! ' + error);\n    logger.error('!!!!!!ERROR in before block!!!!!! ' + error);\n}",
              "err": {},
              "uuid": "26668022-8014-4154-a06c-a5da8d7ae748",
              "parentUUID": "133c5d53-fef1-44fe-bca9-1d985e5f5adc",
              "isHook": true,
              "skipped": false
            }
          ],
          "afterHooks": [
            {
              "title": "\"after all\" hook: wright",
              "fullTitle": "Test 10Lines game: 30, 34 -  0 \"after all\" hook: wright",
              "timedOut": false,
              "duration": 0,
              "state": null,
              "speed": null,
              "pass": false,
              "fail": false,
              "pending": false,
              "context": null,
              "code": "let { FSCount, res, nextActionsSpin, FSChangeMultipl, funcResultRSpin } = data;\nwrightData(nextActionsSpin, FSCount, res, UseMathModele, funcResultRSpin, FSChangeMultipl);",
              "err": {},
              "uuid": "16fb52e4-c01a-406a-85fe-2a4a5aaf6adf",
              "parentUUID": "133c5d53-fef1-44fe-bca9-1d985e5f5adc",
              "isHook": true,
              "skipped": false
            }
          ],
          "tests": [
            {
              "title": "Winning Line coordinates from response is correct",
              "fullTitle": "Test 10Lines game: 30, 34 -  0 Winning Line coordinates from response is correct",
              "timedOut": false,
              "duration": 1,
              "state": "passed",
              "speed": "fast",
              "pass": true,
              "fail": false,
              "pending": false,
              "context": null,
              "code": "const { winLinesWithoutScatter } = data;\nCheckWinningLineCoordinates(winLinesWithoutScatter, UseLines);",
              "err": {},
              "uuid": "e15d177d-ab36-46f1-b2ea-781e8216bf36",
              "parentUUID": "133c5d53-fef1-44fe-bca9-1d985e5f5adc",
              "isHook": false,
              "skipped": false
            },
            {
              "title": "check correct accrual Scatter",
              "fullTitle": "Test 10Lines game: 30, 34 -  0 check correct accrual Scatter",
              "timedOut": false,
              "duration": 0,
              "state": "passed",
              "speed": "fast",
              "pass": true,
              "fail": false,
              "pending": false,
              "context": null,
              "code": "const { winLinesScatter, actionsSpin, res, FSChangeMultipl } = data;\nCheckCorrectAccrualScatter(winLinesScatter, actionsSpin, res, Usepaytable, UseMathModele.FSMultipl, UseMathModele, FSChangeMultipl);",
              "err": {},
              "uuid": "15799b1b-a781-4815-a6b3-c419df769b37",
              "parentUUID": "133c5d53-fef1-44fe-bca9-1d985e5f5adc",
              "isHook": false,
              "skipped": false
            },
            {
              "title": "check correct position Scatter",
              "fullTitle": "Test 10Lines game: 30, 34 -  0 check correct position Scatter",
              "timedOut": false,
              "duration": 0,
              "state": "passed",
              "speed": "fast",
              "pass": true,
              "fail": false,
              "pending": false,
              "context": null,
              "code": "const { winLinesScatter, res } = data;\nCheckCorrectPositionScatter(winLinesScatter, res);",
              "err": {},
              "uuid": "e6fd304d-1b1b-4ea4-8626-7ef9ae1903b7",
              "parentUUID": "133c5d53-fef1-44fe-bca9-1d985e5f5adc",
              "isHook": false,
              "skipped": false
            },
            {
              "title": "check correct position of winning symbol",
              "fullTitle": "Test 10Lines game: 30, 34 -  0 check correct position of winning symbol",
              "timedOut": false,
              "duration": 0,
              "state": "passed",
              "speed": "fast",
              "pass": true,
              "fail": false,
              "pending": false,
              "context": null,
              "code": "const { res, funcResultExpW, winLinesWithoutScatter } = data;\nCheckCorrectPositionOfWinningSymbol(UseMathModele, res, funcResultExpW, winLinesWithoutScatter);",
              "err": {},
              "uuid": "70f0cd38-8022-475c-a451-b39ddbc9a13f",
              "parentUUID": "133c5d53-fef1-44fe-bca9-1d985e5f5adc",
              "isHook": false,
              "skipped": false
            },
            {
              "title": "check correct accrual of winnings",
              "fullTitle": "Test 10Lines game: 30, 34 -  0 check correct accrual of winnings",
              "timedOut": false,
              "duration": 0,
              "state": "passed",
              "speed": "fast",
              "pass": true,
              "fail": false,
              "pending": false,
              "context": null,
              "code": "const { actionsSpin, res, winLinesWithoutScatter, FSChangeMultipl } = data;\nCheckCorrectAccrualOfWinnings(actionsSpin, res, winLinesWithoutScatter, UseMathModele.FSMultipl, UseMathModele.WildMultip, Usepaytable, UseMathModele, FSChangeMultipl);",
              "err": {},
              "uuid": "2de84292-a12e-4009-83d9-2f8654cf9b88",
              "parentUUID": "133c5d53-fef1-44fe-bca9-1d985e5f5adc",
              "isHook": false,
              "skipped": false
            },
            {
              "title": "check total amount is correct",
              "fullTitle": "Test 10Lines game: 30, 34 -  0 check total amount is correct",
              "timedOut": false,
              "duration": 0,
              "state": "passed",
              "speed": "fast",
              "pass": true,
              "fail": false,
              "pending": false,
              "context": null,
              "code": "const { winLines, res } = data;\nCheckTotalAmountIsCorrect(winLines, res);",
              "err": {},
              "uuid": "7d077571-511e-47ef-8d09-92a62d4200c3",
              "parentUUID": "133c5d53-fef1-44fe-bca9-1d985e5f5adc",
              "isHook": false,
              "skipped": false
            },
            {
              "title": "check correct add count of FS",
              "fullTitle": "Test 10Lines game: 30, 34 -  0 check correct add count of FS",
              "timedOut": false,
              "duration": 0,
              "state": "passed",
              "speed": "fast",
              "pass": true,
              "fail": false,
              "pending": false,
              "context": null,
              "code": "const { actionsSpin, res, FSCount } = data;\nCheckCorrectAddCountOfFS(actionsSpin, res, FSCount, UseMathModele.numberFS);",
              "err": {},
              "uuid": "8c07a9e3-c522-4d03-bc96-d015493e8081",
              "parentUUID": "133c5d53-fef1-44fe-bca9-1d985e5f5adc",
              "isHook": false,
              "skipped": false
            },
            {
              "title": "check correct total FS",
              "fullTitle": "Test 10Lines game: 30, 34 -  0 check correct total FS",
              "timedOut": false,
              "duration": 0,
              "state": "passed",
              "speed": "fast",
              "pass": true,
              "fail": false,
              "pending": false,
              "context": null,
              "code": "const { actionsSpin, FSCount, globalDate } = data;\nCheckCorrectTotalFS(actionsSpin, globalDate, FSCount);",
              "err": {},
              "uuid": "08b9dcfe-28b6-4273-ae03-212f58c8fbaa",
              "parentUUID": "133c5d53-fef1-44fe-bca9-1d985e5f5adc",
              "isHook": false,
              "skipped": false
            },
            {
              "title": "Check the number of free spins",
              "fullTitle": "Test 10Lines game: 30, 34 -  0 Check the number of free spins",
              "timedOut": false,
              "duration": 0,
              "state": "passed",
              "speed": "fast",
              "pass": true,
              "fail": false,
              "pending": false,
              "context": null,
              "code": "const { actionsSpin, nextActionsSpin, FSCount } = data;\nCheckNumberFS(actionsSpin, nextActionsSpin, FSCount, UseMathModele.numberFS);",
              "err": {},
              "uuid": "6b865580-36a9-4576-89e0-e0abac8545ef",
              "parentUUID": "133c5d53-fef1-44fe-bca9-1d985e5f5adc",
              "isHook": false,
              "skipped": false
            },
            {
              "title": "check rest FS",
              "fullTitle": "Test 10Lines game: 30, 34 -  0 check rest FS",
              "timedOut": false,
              "duration": 0,
              "state": "passed",
              "speed": "fast",
              "pass": true,
              "fail": false,
              "pending": false,
              "context": null,
              "code": "const { actionsSpin, FSCount, globalDate } = data;\nCheckRestFS(actionsSpin, FSCount, globalDate, UseMathModele.numberFS);",
              "err": {},
              "uuid": "061a3200-a224-4bd7-9a28-0da071d9479f",
              "parentUUID": "133c5d53-fef1-44fe-bca9-1d985e5f5adc",
              "isHook": false,
              "skipped": false
            },
            {
              "title": "balance is not change",
              "fullTitle": "Test 10Lines game: 30, 34 -  0 balance is not change",
              "timedOut": false,
              "duration": 0,
              "state": "passed",
              "speed": "fast",
              "pass": true,
              "fail": false,
              "pending": false,
              "context": null,
              "code": "const { actionsSpin, FSCount, res, globalDate, nextActionsSpin } = data;\nBalanceIsNotChange(actionsSpin, FSCount, res, globalDate, nextActionsSpin);",
              "err": {},
              "uuid": "ac16072f-41b3-4892-adab-fc8ad3ae9761",
              "parentUUID": "133c5d53-fef1-44fe-bca9-1d985e5f5adc",
              "isHook": false,
              "skipped": false
            },
            {
              "title": "check correct accrual FSWin",
              "fullTitle": "Test 10Lines game: 30, 34 -  0 check correct accrual FSWin",
              "timedOut": false,
              "duration": 0,
              "state": "passed",
              "speed": "fast",
              "pass": true,
              "fail": false,
              "pending": false,
              "context": null,
              "code": "const { actionsSpin, winLines, res, globalDate } = data;\nCheckCorrectAccrualFSWin(actionsSpin, UseMathModele, winLines, res, globalDate);",
              "err": {},
              "uuid": "45a9b8e1-966c-441a-aa0b-39fae3d847f8",
              "parentUUID": "133c5d53-fef1-44fe-bca9-1d985e5f5adc",
              "isHook": false,
              "skipped": false
            },
            {
              "title": "check correct add FSWin to balance",
              "fullTitle": "Test 10Lines game: 30, 34 -  0 check correct add FSWin to balance",
              "timedOut": false,
              "duration": 1,
              "state": "passed",
              "speed": "fast",
              "pass": true,
              "fail": false,
              "pending": false,
              "context": null,
              "code": "const { nextActionsSpin, FSCount, globalDate, res } = data;\nCheckCorrectAddFSWinToBalance(nextActionsSpin, FSCount, globalDate, res);",
              "err": {},
              "uuid": "5dae323f-6dba-446e-9302-d0486ae0ccb0",
              "parentUUID": "133c5d53-fef1-44fe-bca9-1d985e5f5adc",
              "isHook": false,
              "skipped": false
            },
            {
              "title": "check type of win Lines",
              "fullTitle": "Test 10Lines game: 30, 34 -  0 check type of win Lines",
              "timedOut": false,
              "duration": 0,
              "state": "passed",
              "speed": "fast",
              "pass": true,
              "fail": false,
              "pending": false,
              "context": null,
              "code": "let { res } = data;\nCheckTypeOfWin(res);",
              "err": {},
              "uuid": "9c130030-14d3-4cdf-b346-5ebf17a21a53",
              "parentUUID": "133c5d53-fef1-44fe-bca9-1d985e5f5adc",
              "isHook": false,
              "skipped": false
            },
            {
              "title": "EWModule",
              "fullTitle": "Test 10Lines game: 30, 34 -  0 EWModule",
              "timedOut": false,
              "duration": 0,
              "state": "passed",
              "speed": "fast",
              "pass": true,
              "fail": false,
              "pending": false,
              "context": null,
              "code": "EWModule(UseMathModele, data);",
              "err": {},
              "uuid": "e6bf94b2-7f17-4008-90d7-8f01047d3c4b",
              "parentUUID": "133c5d53-fef1-44fe-bca9-1d985e5f5adc",
              "isHook": false,
              "skipped": false
            },
            {
              "title": "BookModule",
              "fullTitle": "Test 10Lines game: 30, 34 -  0 BookModule",
              "timedOut": false,
              "duration": 0,
              "state": "passed",
              "speed": "fast",
              "pass": true,
              "fail": false,
              "pending": false,
              "context": null,
              "code": "BookModule(UseMathModele, data, Usepaytable);",
              "err": {},
              "uuid": "1065be8f-6d58-4710-a894-2537caad77e2",
              "parentUUID": "133c5d53-fef1-44fe-bca9-1d985e5f5adc",
              "isHook": false,
              "skipped": false
            }
          ],
          "suites": [],
          "passes": [
            "e15d177d-ab36-46f1-b2ea-781e8216bf36",
            "15799b1b-a781-4815-a6b3-c419df769b37",
            "e6fd304d-1b1b-4ea4-8626-7ef9ae1903b7",
            "70f0cd38-8022-475c-a451-b39ddbc9a13f",
            "2de84292-a12e-4009-83d9-2f8654cf9b88",
            "7d077571-511e-47ef-8d09-92a62d4200c3",
            "8c07a9e3-c522-4d03-bc96-d015493e8081",
            "08b9dcfe-28b6-4273-ae03-212f58c8fbaa",
            "6b865580-36a9-4576-89e0-e0abac8545ef",
            "061a3200-a224-4bd7-9a28-0da071d9479f",
            "ac16072f-41b3-4892-adab-fc8ad3ae9761",
            "45a9b8e1-966c-441a-aa0b-39fae3d847f8",
            "5dae323f-6dba-446e-9302-d0486ae0ccb0",
            "9c130030-14d3-4cdf-b346-5ebf17a21a53",
            "e6bf94b2-7f17-4008-90d7-8f01047d3c4b",
            "1065be8f-6d58-4710-a894-2537caad77e2"
          ],
          "failures": [],
          "pending": [],
          "skipped": [],
          "duration": 2,
          "root": false,
          "rootEmpty": false,
          "_timeout": 300000
        },
        {
          "uuid": "1fd8f8ee-9735-4f65-9c57-c47559de90ae",
          "title": "Test 10Lines game: 30, 34 -  1",
          "fullFile": "/Users/marinaratova/Desktop/JS/test-server/test/test_10Lines.js",
          "file": "/test/test_10Lines.js",
          "beforeHooks": [
            {
              "title": "\"before all\" hook: Spin",
              "fullTitle": "Test 10Lines game: 30, 34 -  1 \"before all\" hook: Spin",
              "timedOut": false,
              "duration": 776,
              "state": null,
              "speed": null,
              "pass": false,
              "fail": false,
              "pending": false,
              "context": null,
              "code": "try {\n    let token = await readToken(Useplatform.nameToken);\n    const response = await spin(Useplatform.getUrlSpin(), token, Usegame.getId(), Usegame.getBet(Useplatform), Usegame.getLines());\n    let { nextActionsSpin, res } = response;\n    getLog(res, Usegame.name, Usegame.getId(), i);\n    let actionsSpin = res.context.current;\n    const winLines = checkWin1(res);\n    const winningResult = getWinningResult(winLines);\n    const FSResult = await getFSResult(nextActionsSpin, actionsSpin, res);\n    let funcResultExpW = chekExpendingWild(UseMathModele, res);\n    const funcResultESymbol = getNewMatrixESymbol(UseMathModele, res, actionsSpin, Usepaytable);\n    const featureEW = CheckFeatureEW(res);\n    const FSChangeMultipl = CheckMultipFS(UseMathModele, actionsSpin, res, FSResult);\n\n    data = { res, nextActionsSpin, actionsSpin, winLines, funcResultExpW, funcResultESymbol, featureEW, FSChangeMultipl, ...winningResult, ...FSResult };\n} catch (error) {\n    // numberErrors += 1;\n    // if (numberErrors > 5) {\n    //     break;\n    // };\n    console.log('!!!!!!ERROR in before block!!!!!! ' + error);\n    logger.error('!!!!!!ERROR in before block!!!!!! ' + error);\n}",
              "err": {},
              "uuid": "7d83db17-3a51-4c42-8f4b-8f694cf2273b",
              "parentUUID": "1fd8f8ee-9735-4f65-9c57-c47559de90ae",
              "isHook": true,
              "skipped": false
            }
          ],
          "afterHooks": [
            {
              "title": "\"after all\" hook: wright",
              "fullTitle": "Test 10Lines game: 30, 34 -  1 \"after all\" hook: wright",
              "timedOut": false,
              "duration": 0,
              "state": null,
              "speed": null,
              "pass": false,
              "fail": false,
              "pending": false,
              "context": null,
              "code": "let { FSCount, res, nextActionsSpin, FSChangeMultipl, funcResultRSpin } = data;\nwrightData(nextActionsSpin, FSCount, res, UseMathModele, funcResultRSpin, FSChangeMultipl);",
              "err": {},
              "uuid": "56ab4f7e-5aff-4ebc-9aec-6947c06035b3",
              "parentUUID": "1fd8f8ee-9735-4f65-9c57-c47559de90ae",
              "isHook": true,
              "skipped": false
            }
          ],
          "tests": [
            {
              "title": "Winning Line coordinates from response is correct",
              "fullTitle": "Test 10Lines game: 30, 34 -  1 Winning Line coordinates from response is correct",
              "timedOut": false,
              "duration": 0,
              "state": "passed",
              "speed": "fast",
              "pass": true,
              "fail": false,
              "pending": false,
              "context": null,
              "code": "const { winLinesWithoutScatter } = data;\nCheckWinningLineCoordinates(winLinesWithoutScatter, UseLines);",
              "err": {},
              "uuid": "1344ac27-b4ed-483b-b1f0-285f9799db85",
              "parentUUID": "1fd8f8ee-9735-4f65-9c57-c47559de90ae",
              "isHook": false,
              "skipped": false
            },
            {
              "title": "check correct accrual Scatter",
              "fullTitle": "Test 10Lines game: 30, 34 -  1 check correct accrual Scatter",
              "timedOut": false,
              "duration": 0,
              "state": "passed",
              "speed": "fast",
              "pass": true,
              "fail": false,
              "pending": false,
              "context": null,
              "code": "const { winLinesScatter, actionsSpin, res, FSChangeMultipl } = data;\nCheckCorrectAccrualScatter(winLinesScatter, actionsSpin, res, Usepaytable, UseMathModele.FSMultipl, UseMathModele, FSChangeMultipl);",
              "err": {},
              "uuid": "e1cb70aa-ff06-4129-bbe8-fef7e9315479",
              "parentUUID": "1fd8f8ee-9735-4f65-9c57-c47559de90ae",
              "isHook": false,
              "skipped": false
            },
            {
              "title": "check correct position Scatter",
              "fullTitle": "Test 10Lines game: 30, 34 -  1 check correct position Scatter",
              "timedOut": false,
              "duration": 0,
              "state": "passed",
              "speed": "fast",
              "pass": true,
              "fail": false,
              "pending": false,
              "context": null,
              "code": "const { winLinesScatter, res } = data;\nCheckCorrectPositionScatter(winLinesScatter, res);",
              "err": {},
              "uuid": "d7d61738-d757-4b9b-aa61-363464166b2b",
              "parentUUID": "1fd8f8ee-9735-4f65-9c57-c47559de90ae",
              "isHook": false,
              "skipped": false
            },
            {
              "title": "check correct position of winning symbol",
              "fullTitle": "Test 10Lines game: 30, 34 -  1 check correct position of winning symbol",
              "timedOut": false,
              "duration": 0,
              "state": "passed",
              "speed": "fast",
              "pass": true,
              "fail": false,
              "pending": false,
              "context": null,
              "code": "const { res, funcResultExpW, winLinesWithoutScatter } = data;\nCheckCorrectPositionOfWinningSymbol(UseMathModele, res, funcResultExpW, winLinesWithoutScatter);",
              "err": {},
              "uuid": "823238d7-064d-4aaf-8ebf-48b37dcf0d3e",
              "parentUUID": "1fd8f8ee-9735-4f65-9c57-c47559de90ae",
              "isHook": false,
              "skipped": false
            },
            {
              "title": "check correct accrual of winnings",
              "fullTitle": "Test 10Lines game: 30, 34 -  1 check correct accrual of winnings",
              "timedOut": false,
              "duration": 0,
              "state": "passed",
              "speed": "fast",
              "pass": true,
              "fail": false,
              "pending": false,
              "context": null,
              "code": "const { actionsSpin, res, winLinesWithoutScatter, FSChangeMultipl } = data;\nCheckCorrectAccrualOfWinnings(actionsSpin, res, winLinesWithoutScatter, UseMathModele.FSMultipl, UseMathModele.WildMultip, Usepaytable, UseMathModele, FSChangeMultipl);",
              "err": {},
              "uuid": "fefba8fc-b837-45c3-a702-8fd8aad9a6e1",
              "parentUUID": "1fd8f8ee-9735-4f65-9c57-c47559de90ae",
              "isHook": false,
              "skipped": false
            },
            {
              "title": "check total amount is correct",
              "fullTitle": "Test 10Lines game: 30, 34 -  1 check total amount is correct",
              "timedOut": false,
              "duration": 0,
              "state": "passed",
              "speed": "fast",
              "pass": true,
              "fail": false,
              "pending": false,
              "context": null,
              "code": "const { winLines, res } = data;\nCheckTotalAmountIsCorrect(winLines, res);",
              "err": {},
              "uuid": "aa25c56e-d82f-4dfc-bc6e-f1de04830445",
              "parentUUID": "1fd8f8ee-9735-4f65-9c57-c47559de90ae",
              "isHook": false,
              "skipped": false
            },
            {
              "title": "check correct add count of FS",
              "fullTitle": "Test 10Lines game: 30, 34 -  1 check correct add count of FS",
              "timedOut": false,
              "duration": 0,
              "state": "passed",
              "speed": "fast",
              "pass": true,
              "fail": false,
              "pending": false,
              "context": null,
              "code": "const { actionsSpin, res, FSCount } = data;\nCheckCorrectAddCountOfFS(actionsSpin, res, FSCount, UseMathModele.numberFS);",
              "err": {},
              "uuid": "47c5ab58-2cb9-4b89-ba46-24815aa0fce4",
              "parentUUID": "1fd8f8ee-9735-4f65-9c57-c47559de90ae",
              "isHook": false,
              "skipped": false
            },
            {
              "title": "check correct total FS",
              "fullTitle": "Test 10Lines game: 30, 34 -  1 check correct total FS",
              "timedOut": false,
              "duration": 0,
              "state": "passed",
              "speed": "fast",
              "pass": true,
              "fail": false,
              "pending": false,
              "context": null,
              "code": "const { actionsSpin, FSCount, globalDate } = data;\nCheckCorrectTotalFS(actionsSpin, globalDate, FSCount);",
              "err": {},
              "uuid": "8e3d81e0-71d7-4503-ab1a-7b9ee14e7cf3",
              "parentUUID": "1fd8f8ee-9735-4f65-9c57-c47559de90ae",
              "isHook": false,
              "skipped": false
            },
            {
              "title": "Check the number of free spins",
              "fullTitle": "Test 10Lines game: 30, 34 -  1 Check the number of free spins",
              "timedOut": false,
              "duration": 0,
              "state": "passed",
              "speed": "fast",
              "pass": true,
              "fail": false,
              "pending": false,
              "context": null,
              "code": "const { actionsSpin, nextActionsSpin, FSCount } = data;\nCheckNumberFS(actionsSpin, nextActionsSpin, FSCount, UseMathModele.numberFS);",
              "err": {},
              "uuid": "572cd68f-a916-481b-9394-28aefb1fefdc",
              "parentUUID": "1fd8f8ee-9735-4f65-9c57-c47559de90ae",
              "isHook": false,
              "skipped": false
            },
            {
              "title": "check rest FS",
              "fullTitle": "Test 10Lines game: 30, 34 -  1 check rest FS",
              "timedOut": false,
              "duration": 0,
              "state": "passed",
              "speed": "fast",
              "pass": true,
              "fail": false,
              "pending": false,
              "context": null,
              "code": "const { actionsSpin, FSCount, globalDate } = data;\nCheckRestFS(actionsSpin, FSCount, globalDate, UseMathModele.numberFS);",
              "err": {},
              "uuid": "c15a5a3c-df3f-493d-bbec-11938f947223",
              "parentUUID": "1fd8f8ee-9735-4f65-9c57-c47559de90ae",
              "isHook": false,
              "skipped": false
            },
            {
              "title": "balance is not change",
              "fullTitle": "Test 10Lines game: 30, 34 -  1 balance is not change",
              "timedOut": false,
              "duration": 0,
              "state": "passed",
              "speed": "fast",
              "pass": true,
              "fail": false,
              "pending": false,
              "context": null,
              "code": "const { actionsSpin, FSCount, res, globalDate, nextActionsSpin } = data;\nBalanceIsNotChange(actionsSpin, FSCount, res, globalDate, nextActionsSpin);",
              "err": {},
              "uuid": "751e1a9a-06bf-4333-9c00-28cd2c8ce497",
              "parentUUID": "1fd8f8ee-9735-4f65-9c57-c47559de90ae",
              "isHook": false,
              "skipped": false
            },
            {
              "title": "check correct accrual FSWin",
              "fullTitle": "Test 10Lines game: 30, 34 -  1 check correct accrual FSWin",
              "timedOut": false,
              "duration": 0,
              "state": "passed",
              "speed": "fast",
              "pass": true,
              "fail": false,
              "pending": false,
              "context": null,
              "code": "const { actionsSpin, winLines, res, globalDate } = data;\nCheckCorrectAccrualFSWin(actionsSpin, UseMathModele, winLines, res, globalDate);",
              "err": {},
              "uuid": "611e9904-b5d2-4255-9f84-1cfab1a6b909",
              "parentUUID": "1fd8f8ee-9735-4f65-9c57-c47559de90ae",
              "isHook": false,
              "skipped": false
            },
            {
              "title": "check correct add FSWin to balance",
              "fullTitle": "Test 10Lines game: 30, 34 -  1 check correct add FSWin to balance",
              "timedOut": false,
              "duration": 0,
              "state": "passed",
              "speed": "fast",
              "pass": true,
              "fail": false,
              "pending": false,
              "context": null,
              "code": "const { nextActionsSpin, FSCount, globalDate, res } = data;\nCheckCorrectAddFSWinToBalance(nextActionsSpin, FSCount, globalDate, res);",
              "err": {},
              "uuid": "761f2ff2-a888-445d-8b3b-caec8881d925",
              "parentUUID": "1fd8f8ee-9735-4f65-9c57-c47559de90ae",
              "isHook": false,
              "skipped": false
            },
            {
              "title": "check type of win Lines",
              "fullTitle": "Test 10Lines game: 30, 34 -  1 check type of win Lines",
              "timedOut": false,
              "duration": 0,
              "state": "passed",
              "speed": "fast",
              "pass": true,
              "fail": false,
              "pending": false,
              "context": null,
              "code": "let { res } = data;\nCheckTypeOfWin(res);",
              "err": {},
              "uuid": "06d4d220-9167-43e2-9c3b-7acff2e41d34",
              "parentUUID": "1fd8f8ee-9735-4f65-9c57-c47559de90ae",
              "isHook": false,
              "skipped": false
            },
            {
              "title": "EWModule",
              "fullTitle": "Test 10Lines game: 30, 34 -  1 EWModule",
              "timedOut": false,
              "duration": 0,
              "state": "passed",
              "speed": "fast",
              "pass": true,
              "fail": false,
              "pending": false,
              "context": null,
              "code": "EWModule(UseMathModele, data);",
              "err": {},
              "uuid": "0741aecc-d36b-49ce-a403-7e43bd463c68",
              "parentUUID": "1fd8f8ee-9735-4f65-9c57-c47559de90ae",
              "isHook": false,
              "skipped": false
            },
            {
              "title": "BookModule",
              "fullTitle": "Test 10Lines game: 30, 34 -  1 BookModule",
              "timedOut": false,
              "duration": 0,
              "state": "passed",
              "speed": "fast",
              "pass": true,
              "fail": false,
              "pending": false,
              "context": null,
              "code": "BookModule(UseMathModele, data, Usepaytable);",
              "err": {},
              "uuid": "6e0adc38-aa0a-4059-a042-1ca230207f3f",
              "parentUUID": "1fd8f8ee-9735-4f65-9c57-c47559de90ae",
              "isHook": false,
              "skipped": false
            }
          ],
          "suites": [],
          "passes": [
            "1344ac27-b4ed-483b-b1f0-285f9799db85",
            "e1cb70aa-ff06-4129-bbe8-fef7e9315479",
            "d7d61738-d757-4b9b-aa61-363464166b2b",
            "823238d7-064d-4aaf-8ebf-48b37dcf0d3e",
            "fefba8fc-b837-45c3-a702-8fd8aad9a6e1",
            "aa25c56e-d82f-4dfc-bc6e-f1de04830445",
            "47c5ab58-2cb9-4b89-ba46-24815aa0fce4",
            "8e3d81e0-71d7-4503-ab1a-7b9ee14e7cf3",
            "572cd68f-a916-481b-9394-28aefb1fefdc",
            "c15a5a3c-df3f-493d-bbec-11938f947223",
            "751e1a9a-06bf-4333-9c00-28cd2c8ce497",
            "611e9904-b5d2-4255-9f84-1cfab1a6b909",
            "761f2ff2-a888-445d-8b3b-caec8881d925",
            "06d4d220-9167-43e2-9c3b-7acff2e41d34",
            "0741aecc-d36b-49ce-a403-7e43bd463c68",
            "6e0adc38-aa0a-4059-a042-1ca230207f3f"
          ],
          "failures": [],
          "pending": [],
          "skipped": [],
          "duration": 0,
          "root": false,
          "rootEmpty": false,
          "_timeout": 300000
        },
        {
          "uuid": "a3f849b2-c0b5-4ffa-85ac-f87af4f3f139",
          "title": "Test 10Lines game: 30, 34 -  2",
          "fullFile": "/Users/marinaratova/Desktop/JS/test-server/test/test_10Lines.js",
          "file": "/test/test_10Lines.js",
          "beforeHooks": [
            {
              "title": "\"before all\" hook: Spin",
              "fullTitle": "Test 10Lines game: 30, 34 -  2 \"before all\" hook: Spin",
              "timedOut": false,
              "duration": 796,
              "state": null,
              "speed": null,
              "pass": false,
              "fail": false,
              "pending": false,
              "context": null,
              "code": "try {\n    let token = await readToken(Useplatform.nameToken);\n    const response = await spin(Useplatform.getUrlSpin(), token, Usegame.getId(), Usegame.getBet(Useplatform), Usegame.getLines());\n    let { nextActionsSpin, res } = response;\n    getLog(res, Usegame.name, Usegame.getId(), i);\n    let actionsSpin = res.context.current;\n    const winLines = checkWin1(res);\n    const winningResult = getWinningResult(winLines);\n    const FSResult = await getFSResult(nextActionsSpin, actionsSpin, res);\n    let funcResultExpW = chekExpendingWild(UseMathModele, res);\n    const funcResultESymbol = getNewMatrixESymbol(UseMathModele, res, actionsSpin, Usepaytable);\n    const featureEW = CheckFeatureEW(res);\n    const FSChangeMultipl = CheckMultipFS(UseMathModele, actionsSpin, res, FSResult);\n\n    data = { res, nextActionsSpin, actionsSpin, winLines, funcResultExpW, funcResultESymbol, featureEW, FSChangeMultipl, ...winningResult, ...FSResult };\n} catch (error) {\n    // numberErrors += 1;\n    // if (numberErrors > 5) {\n    //     break;\n    // };\n    console.log('!!!!!!ERROR in before block!!!!!! ' + error);\n    logger.error('!!!!!!ERROR in before block!!!!!! ' + error);\n}",
              "err": {},
              "uuid": "f60b8803-7608-4fe2-bfde-3a244d5f2b1c",
              "parentUUID": "a3f849b2-c0b5-4ffa-85ac-f87af4f3f139",
              "isHook": true,
              "skipped": false
            }
          ],
          "afterHooks": [
            {
              "title": "\"after all\" hook: wright",
              "fullTitle": "Test 10Lines game: 30, 34 -  2 \"after all\" hook: wright",
              "timedOut": false,
              "duration": 0,
              "state": null,
              "speed": null,
              "pass": false,
              "fail": false,
              "pending": false,
              "context": null,
              "code": "let { FSCount, res, nextActionsSpin, FSChangeMultipl, funcResultRSpin } = data;\nwrightData(nextActionsSpin, FSCount, res, UseMathModele, funcResultRSpin, FSChangeMultipl);",
              "err": {},
              "uuid": "dba792f7-f878-40d6-a3b4-1890391dd019",
              "parentUUID": "a3f849b2-c0b5-4ffa-85ac-f87af4f3f139",
              "isHook": true,
              "skipped": false
            }
          ],
          "tests": [
            {
              "title": "Winning Line coordinates from response is correct",
              "fullTitle": "Test 10Lines game: 30, 34 -  2 Winning Line coordinates from response is correct",
              "timedOut": false,
              "duration": 3,
              "state": "passed",
              "speed": "fast",
              "pass": true,
              "fail": false,
              "pending": false,
              "context": null,
              "code": "const { winLinesWithoutScatter } = data;\nCheckWinningLineCoordinates(winLinesWithoutScatter, UseLines);",
              "err": {},
              "uuid": "fd97ec94-1f31-4a67-9065-cd8f91e49c4f",
              "parentUUID": "a3f849b2-c0b5-4ffa-85ac-f87af4f3f139",
              "isHook": false,
              "skipped": false
            },
            {
              "title": "check correct accrual Scatter",
              "fullTitle": "Test 10Lines game: 30, 34 -  2 check correct accrual Scatter",
              "timedOut": false,
              "duration": 0,
              "state": "passed",
              "speed": "fast",
              "pass": true,
              "fail": false,
              "pending": false,
              "context": null,
              "code": "const { winLinesScatter, actionsSpin, res, FSChangeMultipl } = data;\nCheckCorrectAccrualScatter(winLinesScatter, actionsSpin, res, Usepaytable, UseMathModele.FSMultipl, UseMathModele, FSChangeMultipl);",
              "err": {},
              "uuid": "0930cc73-fa83-4037-9769-24fce366a354",
              "parentUUID": "a3f849b2-c0b5-4ffa-85ac-f87af4f3f139",
              "isHook": false,
              "skipped": false
            },
            {
              "title": "check correct position Scatter",
              "fullTitle": "Test 10Lines game: 30, 34 -  2 check correct position Scatter",
              "timedOut": false,
              "duration": 0,
              "state": "passed",
              "speed": "fast",
              "pass": true,
              "fail": false,
              "pending": false,
              "context": null,
              "code": "const { winLinesScatter, res } = data;\nCheckCorrectPositionScatter(winLinesScatter, res);",
              "err": {},
              "uuid": "03f57864-dd67-4a44-86c9-29e934ed82b8",
              "parentUUID": "a3f849b2-c0b5-4ffa-85ac-f87af4f3f139",
              "isHook": false,
              "skipped": false
            },
            {
              "title": "check correct position of winning symbol",
              "fullTitle": "Test 10Lines game: 30, 34 -  2 check correct position of winning symbol",
              "timedOut": false,
              "duration": 1,
              "state": "passed",
              "speed": "fast",
              "pass": true,
              "fail": false,
              "pending": false,
              "context": null,
              "code": "const { res, funcResultExpW, winLinesWithoutScatter } = data;\nCheckCorrectPositionOfWinningSymbol(UseMathModele, res, funcResultExpW, winLinesWithoutScatter);",
              "err": {},
              "uuid": "35dcb412-b65c-45fc-ae0d-fdfde0d80292",
              "parentUUID": "a3f849b2-c0b5-4ffa-85ac-f87af4f3f139",
              "isHook": false,
              "skipped": false
            },
            {
              "title": "check correct accrual of winnings",
              "fullTitle": "Test 10Lines game: 30, 34 -  2 check correct accrual of winnings",
              "timedOut": false,
              "duration": 1,
              "state": "passed",
              "speed": "fast",
              "pass": true,
              "fail": false,
              "pending": false,
              "context": null,
              "code": "const { actionsSpin, res, winLinesWithoutScatter, FSChangeMultipl } = data;\nCheckCorrectAccrualOfWinnings(actionsSpin, res, winLinesWithoutScatter, UseMathModele.FSMultipl, UseMathModele.WildMultip, Usepaytable, UseMathModele, FSChangeMultipl);",
              "err": {},
              "uuid": "df409c8e-2b23-4d36-97df-131a6af4457e",
              "parentUUID": "a3f849b2-c0b5-4ffa-85ac-f87af4f3f139",
              "isHook": false,
              "skipped": false
            },
            {
              "title": "check total amount is correct",
              "fullTitle": "Test 10Lines game: 30, 34 -  2 check total amount is correct",
              "timedOut": false,
              "duration": 0,
              "state": "passed",
              "speed": "fast",
              "pass": true,
              "fail": false,
              "pending": false,
              "context": null,
              "code": "const { winLines, res } = data;\nCheckTotalAmountIsCorrect(winLines, res);",
              "err": {},
              "uuid": "e54fd1aa-55ac-45a4-81b4-6dfd9316de19",
              "parentUUID": "a3f849b2-c0b5-4ffa-85ac-f87af4f3f139",
              "isHook": false,
              "skipped": false
            },
            {
              "title": "check correct add count of FS",
              "fullTitle": "Test 10Lines game: 30, 34 -  2 check correct add count of FS",
              "timedOut": false,
              "duration": 0,
              "state": "passed",
              "speed": "fast",
              "pass": true,
              "fail": false,
              "pending": false,
              "context": null,
              "code": "const { actionsSpin, res, FSCount } = data;\nCheckCorrectAddCountOfFS(actionsSpin, res, FSCount, UseMathModele.numberFS);",
              "err": {},
              "uuid": "4282d748-fee4-4a8b-b4bf-5b26e7b67d85",
              "parentUUID": "a3f849b2-c0b5-4ffa-85ac-f87af4f3f139",
              "isHook": false,
              "skipped": false
            },
            {
              "title": "check correct total FS",
              "fullTitle": "Test 10Lines game: 30, 34 -  2 check correct total FS",
              "timedOut": false,
              "duration": 0,
              "state": "passed",
              "speed": "fast",
              "pass": true,
              "fail": false,
              "pending": false,
              "context": null,
              "code": "const { actionsSpin, FSCount, globalDate } = data;\nCheckCorrectTotalFS(actionsSpin, globalDate, FSCount);",
              "err": {},
              "uuid": "dc4d3aa6-d75d-4ce5-9e74-118f86282eb6",
              "parentUUID": "a3f849b2-c0b5-4ffa-85ac-f87af4f3f139",
              "isHook": false,
              "skipped": false
            },
            {
              "title": "Check the number of free spins",
              "fullTitle": "Test 10Lines game: 30, 34 -  2 Check the number of free spins",
              "timedOut": false,
              "duration": 0,
              "state": "passed",
              "speed": "fast",
              "pass": true,
              "fail": false,
              "pending": false,
              "context": null,
              "code": "const { actionsSpin, nextActionsSpin, FSCount } = data;\nCheckNumberFS(actionsSpin, nextActionsSpin, FSCount, UseMathModele.numberFS);",
              "err": {},
              "uuid": "60e76b12-f366-4537-a190-6c487da9a315",
              "parentUUID": "a3f849b2-c0b5-4ffa-85ac-f87af4f3f139",
              "isHook": false,
              "skipped": false
            },
            {
              "title": "check rest FS",
              "fullTitle": "Test 10Lines game: 30, 34 -  2 check rest FS",
              "timedOut": false,
              "duration": 0,
              "state": "passed",
              "speed": "fast",
              "pass": true,
              "fail": false,
              "pending": false,
              "context": null,
              "code": "const { actionsSpin, FSCount, globalDate } = data;\nCheckRestFS(actionsSpin, FSCount, globalDate, UseMathModele.numberFS);",
              "err": {},
              "uuid": "8c78a1a8-784f-4a36-a746-108accb58f67",
              "parentUUID": "a3f849b2-c0b5-4ffa-85ac-f87af4f3f139",
              "isHook": false,
              "skipped": false
            },
            {
              "title": "balance is not change",
              "fullTitle": "Test 10Lines game: 30, 34 -  2 balance is not change",
              "timedOut": false,
              "duration": 0,
              "state": "passed",
              "speed": "fast",
              "pass": true,
              "fail": false,
              "pending": false,
              "context": null,
              "code": "const { actionsSpin, FSCount, res, globalDate, nextActionsSpin } = data;\nBalanceIsNotChange(actionsSpin, FSCount, res, globalDate, nextActionsSpin);",
              "err": {},
              "uuid": "b245528e-e066-4389-9060-cf932e05412b",
              "parentUUID": "a3f849b2-c0b5-4ffa-85ac-f87af4f3f139",
              "isHook": false,
              "skipped": false
            },
            {
              "title": "check correct accrual FSWin",
              "fullTitle": "Test 10Lines game: 30, 34 -  2 check correct accrual FSWin",
              "timedOut": false,
              "duration": 0,
              "state": "passed",
              "speed": "fast",
              "pass": true,
              "fail": false,
              "pending": false,
              "context": null,
              "code": "const { actionsSpin, winLines, res, globalDate } = data;\nCheckCorrectAccrualFSWin(actionsSpin, UseMathModele, winLines, res, globalDate);",
              "err": {},
              "uuid": "4ceafc22-acd4-4c32-b7e5-a745443e1d11",
              "parentUUID": "a3f849b2-c0b5-4ffa-85ac-f87af4f3f139",
              "isHook": false,
              "skipped": false
            },
            {
              "title": "check correct add FSWin to balance",
              "fullTitle": "Test 10Lines game: 30, 34 -  2 check correct add FSWin to balance",
              "timedOut": false,
              "duration": 0,
              "state": "passed",
              "speed": "fast",
              "pass": true,
              "fail": false,
              "pending": false,
              "context": null,
              "code": "const { nextActionsSpin, FSCount, globalDate, res } = data;\nCheckCorrectAddFSWinToBalance(nextActionsSpin, FSCount, globalDate, res);",
              "err": {},
              "uuid": "da900afa-1ce7-446b-9e61-bc79874dde64",
              "parentUUID": "a3f849b2-c0b5-4ffa-85ac-f87af4f3f139",
              "isHook": false,
              "skipped": false
            },
            {
              "title": "check type of win Lines",
              "fullTitle": "Test 10Lines game: 30, 34 -  2 check type of win Lines",
              "timedOut": false,
              "duration": 0,
              "state": "passed",
              "speed": "fast",
              "pass": true,
              "fail": false,
              "pending": false,
              "context": null,
              "code": "let { res } = data;\nCheckTypeOfWin(res);",
              "err": {},
              "uuid": "d34831a6-e0b5-4d20-a725-b4fef6b400a4",
              "parentUUID": "a3f849b2-c0b5-4ffa-85ac-f87af4f3f139",
              "isHook": false,
              "skipped": false
            },
            {
              "title": "EWModule",
              "fullTitle": "Test 10Lines game: 30, 34 -  2 EWModule",
              "timedOut": false,
              "duration": 0,
              "state": "passed",
              "speed": "fast",
              "pass": true,
              "fail": false,
              "pending": false,
              "context": null,
              "code": "EWModule(UseMathModele, data);",
              "err": {},
              "uuid": "1a73ffb3-3933-4bdb-98c2-ba80cc4618a9",
              "parentUUID": "a3f849b2-c0b5-4ffa-85ac-f87af4f3f139",
              "isHook": false,
              "skipped": false
            },
            {
              "title": "BookModule",
              "fullTitle": "Test 10Lines game: 30, 34 -  2 BookModule",
              "timedOut": false,
              "duration": 0,
              "state": "passed",
              "speed": "fast",
              "pass": true,
              "fail": false,
              "pending": false,
              "context": null,
              "code": "BookModule(UseMathModele, data, Usepaytable);",
              "err": {},
              "uuid": "35450c28-4167-4557-ac6c-b91ba68b33ec",
              "parentUUID": "a3f849b2-c0b5-4ffa-85ac-f87af4f3f139",
              "isHook": false,
              "skipped": false
            }
          ],
          "suites": [],
          "passes": [
            "fd97ec94-1f31-4a67-9065-cd8f91e49c4f",
            "0930cc73-fa83-4037-9769-24fce366a354",
            "03f57864-dd67-4a44-86c9-29e934ed82b8",
            "35dcb412-b65c-45fc-ae0d-fdfde0d80292",
            "df409c8e-2b23-4d36-97df-131a6af4457e",
            "e54fd1aa-55ac-45a4-81b4-6dfd9316de19",
            "4282d748-fee4-4a8b-b4bf-5b26e7b67d85",
            "dc4d3aa6-d75d-4ce5-9e74-118f86282eb6",
            "60e76b12-f366-4537-a190-6c487da9a315",
            "8c78a1a8-784f-4a36-a746-108accb58f67",
            "b245528e-e066-4389-9060-cf932e05412b",
            "4ceafc22-acd4-4c32-b7e5-a745443e1d11",
            "da900afa-1ce7-446b-9e61-bc79874dde64",
            "d34831a6-e0b5-4d20-a725-b4fef6b400a4",
            "1a73ffb3-3933-4bdb-98c2-ba80cc4618a9",
            "35450c28-4167-4557-ac6c-b91ba68b33ec"
          ],
          "failures": [],
          "pending": [],
          "skipped": [],
          "duration": 5,
          "root": false,
          "rootEmpty": false,
          "_timeout": 300000
        },
        {
          "uuid": "1c6b1522-860b-40df-b267-878628eae369",
          "title": "Test 10Lines game: 30, 34 -  3",
          "fullFile": "/Users/marinaratova/Desktop/JS/test-server/test/test_10Lines.js",
          "file": "/test/test_10Lines.js",
          "beforeHooks": [
            {
              "title": "\"before all\" hook: Spin",
              "fullTitle": "Test 10Lines game: 30, 34 -  3 \"before all\" hook: Spin",
              "timedOut": false,
              "duration": 505,
              "state": null,
              "speed": null,
              "pass": false,
              "fail": false,
              "pending": false,
              "context": null,
              "code": "try {\n    let token = await readToken(Useplatform.nameToken);\n    const response = await spin(Useplatform.getUrlSpin(), token, Usegame.getId(), Usegame.getBet(Useplatform), Usegame.getLines());\n    let { nextActionsSpin, res } = response;\n    getLog(res, Usegame.name, Usegame.getId(), i);\n    let actionsSpin = res.context.current;\n    const winLines = checkWin1(res);\n    const winningResult = getWinningResult(winLines);\n    const FSResult = await getFSResult(nextActionsSpin, actionsSpin, res);\n    let funcResultExpW = chekExpendingWild(UseMathModele, res);\n    const funcResultESymbol = getNewMatrixESymbol(UseMathModele, res, actionsSpin, Usepaytable);\n    const featureEW = CheckFeatureEW(res);\n    const FSChangeMultipl = CheckMultipFS(UseMathModele, actionsSpin, res, FSResult);\n\n    data = { res, nextActionsSpin, actionsSpin, winLines, funcResultExpW, funcResultESymbol, featureEW, FSChangeMultipl, ...winningResult, ...FSResult };\n} catch (error) {\n    // numberErrors += 1;\n    // if (numberErrors > 5) {\n    //     break;\n    // };\n    console.log('!!!!!!ERROR in before block!!!!!! ' + error);\n    logger.error('!!!!!!ERROR in before block!!!!!! ' + error);\n}",
              "err": {},
              "uuid": "d93580fc-6252-4b28-9529-39be793ac0c9",
              "parentUUID": "1c6b1522-860b-40df-b267-878628eae369",
              "isHook": true,
              "skipped": false
            }
          ],
          "afterHooks": [
            {
              "title": "\"after all\" hook: wright",
              "fullTitle": "Test 10Lines game: 30, 34 -  3 \"after all\" hook: wright",
              "timedOut": false,
              "duration": 1,
              "state": null,
              "speed": null,
              "pass": false,
              "fail": false,
              "pending": false,
              "context": null,
              "code": "let { FSCount, res, nextActionsSpin, FSChangeMultipl, funcResultRSpin } = data;\nwrightData(nextActionsSpin, FSCount, res, UseMathModele, funcResultRSpin, FSChangeMultipl);",
              "err": {},
              "uuid": "3c02f9a3-8ba8-437c-8c87-25265c5bc748",
              "parentUUID": "1c6b1522-860b-40df-b267-878628eae369",
              "isHook": true,
              "skipped": false
            }
          ],
          "tests": [
            {
              "title": "Winning Line coordinates from response is correct",
              "fullTitle": "Test 10Lines game: 30, 34 -  3 Winning Line coordinates from response is correct",
              "timedOut": false,
              "duration": 0,
              "state": "passed",
              "speed": "fast",
              "pass": true,
              "fail": false,
              "pending": false,
              "context": null,
              "code": "const { winLinesWithoutScatter } = data;\nCheckWinningLineCoordinates(winLinesWithoutScatter, UseLines);",
              "err": {},
              "uuid": "1710286f-6754-469c-96fa-d3dbca05fa28",
              "parentUUID": "1c6b1522-860b-40df-b267-878628eae369",
              "isHook": false,
              "skipped": false
            },
            {
              "title": "check correct accrual Scatter",
              "fullTitle": "Test 10Lines game: 30, 34 -  3 check correct accrual Scatter",
              "timedOut": false,
              "duration": 0,
              "state": "passed",
              "speed": "fast",
              "pass": true,
              "fail": false,
              "pending": false,
              "context": null,
              "code": "const { winLinesScatter, actionsSpin, res, FSChangeMultipl } = data;\nCheckCorrectAccrualScatter(winLinesScatter, actionsSpin, res, Usepaytable, UseMathModele.FSMultipl, UseMathModele, FSChangeMultipl);",
              "err": {},
              "uuid": "4c0e13ab-0988-446c-9f6b-448c81d8558c",
              "parentUUID": "1c6b1522-860b-40df-b267-878628eae369",
              "isHook": false,
              "skipped": false
            },
            {
              "title": "check correct position Scatter",
              "fullTitle": "Test 10Lines game: 30, 34 -  3 check correct position Scatter",
              "timedOut": false,
              "duration": 0,
              "state": "passed",
              "speed": "fast",
              "pass": true,
              "fail": false,
              "pending": false,
              "context": null,
              "code": "const { winLinesScatter, res } = data;\nCheckCorrectPositionScatter(winLinesScatter, res);",
              "err": {},
              "uuid": "05c04426-bd66-4712-a38d-f0a868478daa",
              "parentUUID": "1c6b1522-860b-40df-b267-878628eae369",
              "isHook": false,
              "skipped": false
            },
            {
              "title": "check correct position of winning symbol",
              "fullTitle": "Test 10Lines game: 30, 34 -  3 check correct position of winning symbol",
              "timedOut": false,
              "duration": 0,
              "state": "passed",
              "speed": "fast",
              "pass": true,
              "fail": false,
              "pending": false,
              "context": null,
              "code": "const { res, funcResultExpW, winLinesWithoutScatter } = data;\nCheckCorrectPositionOfWinningSymbol(UseMathModele, res, funcResultExpW, winLinesWithoutScatter);",
              "err": {},
              "uuid": "6e39ec98-be95-4394-b3d5-efd0d4d8f86d",
              "parentUUID": "1c6b1522-860b-40df-b267-878628eae369",
              "isHook": false,
              "skipped": false
            },
            {
              "title": "check correct accrual of winnings",
              "fullTitle": "Test 10Lines game: 30, 34 -  3 check correct accrual of winnings",
              "timedOut": false,
              "duration": 0,
              "state": "passed",
              "speed": "fast",
              "pass": true,
              "fail": false,
              "pending": false,
              "context": null,
              "code": "const { actionsSpin, res, winLinesWithoutScatter, FSChangeMultipl } = data;\nCheckCorrectAccrualOfWinnings(actionsSpin, res, winLinesWithoutScatter, UseMathModele.FSMultipl, UseMathModele.WildMultip, Usepaytable, UseMathModele, FSChangeMultipl);",
              "err": {},
              "uuid": "7a3673e8-496b-4469-beda-3db8959ac400",
              "parentUUID": "1c6b1522-860b-40df-b267-878628eae369",
              "isHook": false,
              "skipped": false
            },
            {
              "title": "check total amount is correct",
              "fullTitle": "Test 10Lines game: 30, 34 -  3 check total amount is correct",
              "timedOut": false,
              "duration": 0,
              "state": "passed",
              "speed": "fast",
              "pass": true,
              "fail": false,
              "pending": false,
              "context": null,
              "code": "const { winLines, res } = data;\nCheckTotalAmountIsCorrect(winLines, res);",
              "err": {},
              "uuid": "87436256-98a2-4cd7-8c01-24ddd128f5b8",
              "parentUUID": "1c6b1522-860b-40df-b267-878628eae369",
              "isHook": false,
              "skipped": false
            },
            {
              "title": "check correct add count of FS",
              "fullTitle": "Test 10Lines game: 30, 34 -  3 check correct add count of FS",
              "timedOut": false,
              "duration": 0,
              "state": "passed",
              "speed": "fast",
              "pass": true,
              "fail": false,
              "pending": false,
              "context": null,
              "code": "const { actionsSpin, res, FSCount } = data;\nCheckCorrectAddCountOfFS(actionsSpin, res, FSCount, UseMathModele.numberFS);",
              "err": {},
              "uuid": "90d83b3f-dfe2-40e4-b660-7444c132b423",
              "parentUUID": "1c6b1522-860b-40df-b267-878628eae369",
              "isHook": false,
              "skipped": false
            },
            {
              "title": "check correct total FS",
              "fullTitle": "Test 10Lines game: 30, 34 -  3 check correct total FS",
              "timedOut": false,
              "duration": 0,
              "state": "passed",
              "speed": "fast",
              "pass": true,
              "fail": false,
              "pending": false,
              "context": null,
              "code": "const { actionsSpin, FSCount, globalDate } = data;\nCheckCorrectTotalFS(actionsSpin, globalDate, FSCount);",
              "err": {},
              "uuid": "2a185836-d9c4-44f0-8aff-b2f7146dab68",
              "parentUUID": "1c6b1522-860b-40df-b267-878628eae369",
              "isHook": false,
              "skipped": false
            },
            {
              "title": "Check the number of free spins",
              "fullTitle": "Test 10Lines game: 30, 34 -  3 Check the number of free spins",
              "timedOut": false,
              "duration": 0,
              "state": "passed",
              "speed": "fast",
              "pass": true,
              "fail": false,
              "pending": false,
              "context": null,
              "code": "const { actionsSpin, nextActionsSpin, FSCount } = data;\nCheckNumberFS(actionsSpin, nextActionsSpin, FSCount, UseMathModele.numberFS);",
              "err": {},
              "uuid": "ef34f9d8-728e-4f05-a39c-2c1c6294a984",
              "parentUUID": "1c6b1522-860b-40df-b267-878628eae369",
              "isHook": false,
              "skipped": false
            },
            {
              "title": "check rest FS",
              "fullTitle": "Test 10Lines game: 30, 34 -  3 check rest FS",
              "timedOut": false,
              "duration": 0,
              "state": "passed",
              "speed": "fast",
              "pass": true,
              "fail": false,
              "pending": false,
              "context": null,
              "code": "const { actionsSpin, FSCount, globalDate } = data;\nCheckRestFS(actionsSpin, FSCount, globalDate, UseMathModele.numberFS);",
              "err": {},
              "uuid": "efd3971e-261a-4884-83e1-65aa627f499c",
              "parentUUID": "1c6b1522-860b-40df-b267-878628eae369",
              "isHook": false,
              "skipped": false
            },
            {
              "title": "balance is not change",
              "fullTitle": "Test 10Lines game: 30, 34 -  3 balance is not change",
              "timedOut": false,
              "duration": 0,
              "state": "passed",
              "speed": "fast",
              "pass": true,
              "fail": false,
              "pending": false,
              "context": null,
              "code": "const { actionsSpin, FSCount, res, globalDate, nextActionsSpin } = data;\nBalanceIsNotChange(actionsSpin, FSCount, res, globalDate, nextActionsSpin);",
              "err": {},
              "uuid": "9b7270f2-ddf4-43b6-820b-c7cd728ce30a",
              "parentUUID": "1c6b1522-860b-40df-b267-878628eae369",
              "isHook": false,
              "skipped": false
            },
            {
              "title": "check correct accrual FSWin",
              "fullTitle": "Test 10Lines game: 30, 34 -  3 check correct accrual FSWin",
              "timedOut": false,
              "duration": 0,
              "state": "passed",
              "speed": "fast",
              "pass": true,
              "fail": false,
              "pending": false,
              "context": null,
              "code": "const { actionsSpin, winLines, res, globalDate } = data;\nCheckCorrectAccrualFSWin(actionsSpin, UseMathModele, winLines, res, globalDate);",
              "err": {},
              "uuid": "2375c796-e3f3-45c2-9857-9e82f85d050a",
              "parentUUID": "1c6b1522-860b-40df-b267-878628eae369",
              "isHook": false,
              "skipped": false
            },
            {
              "title": "check correct add FSWin to balance",
              "fullTitle": "Test 10Lines game: 30, 34 -  3 check correct add FSWin to balance",
              "timedOut": false,
              "duration": 0,
              "state": "passed",
              "speed": "fast",
              "pass": true,
              "fail": false,
              "pending": false,
              "context": null,
              "code": "const { nextActionsSpin, FSCount, globalDate, res } = data;\nCheckCorrectAddFSWinToBalance(nextActionsSpin, FSCount, globalDate, res);",
              "err": {},
              "uuid": "2c3b6a90-78ab-4596-9b24-4d14d19b235a",
              "parentUUID": "1c6b1522-860b-40df-b267-878628eae369",
              "isHook": false,
              "skipped": false
            },
            {
              "title": "check type of win Lines",
              "fullTitle": "Test 10Lines game: 30, 34 -  3 check type of win Lines",
              "timedOut": false,
              "duration": 0,
              "state": "passed",
              "speed": "fast",
              "pass": true,
              "fail": false,
              "pending": false,
              "context": null,
              "code": "let { res } = data;\nCheckTypeOfWin(res);",
              "err": {},
              "uuid": "4baebb61-5754-402a-97b8-4ea708c9e637",
              "parentUUID": "1c6b1522-860b-40df-b267-878628eae369",
              "isHook": false,
              "skipped": false
            },
            {
              "title": "EWModule",
              "fullTitle": "Test 10Lines game: 30, 34 -  3 EWModule",
              "timedOut": false,
              "duration": 0,
              "state": "passed",
              "speed": "fast",
              "pass": true,
              "fail": false,
              "pending": false,
              "context": null,
              "code": "EWModule(UseMathModele, data);",
              "err": {},
              "uuid": "722618f6-5fa4-46c3-9bde-680319e50177",
              "parentUUID": "1c6b1522-860b-40df-b267-878628eae369",
              "isHook": false,
              "skipped": false
            },
            {
              "title": "BookModule",
              "fullTitle": "Test 10Lines game: 30, 34 -  3 BookModule",
              "timedOut": false,
              "duration": 0,
              "state": "passed",
              "speed": "fast",
              "pass": true,
              "fail": false,
              "pending": false,
              "context": null,
              "code": "BookModule(UseMathModele, data, Usepaytable);",
              "err": {},
              "uuid": "55ac1b42-0ae2-484f-ab6a-21172f6ad733",
              "parentUUID": "1c6b1522-860b-40df-b267-878628eae369",
              "isHook": false,
              "skipped": false
            }
          ],
          "suites": [],
          "passes": [
            "1710286f-6754-469c-96fa-d3dbca05fa28",
            "4c0e13ab-0988-446c-9f6b-448c81d8558c",
            "05c04426-bd66-4712-a38d-f0a868478daa",
            "6e39ec98-be95-4394-b3d5-efd0d4d8f86d",
            "7a3673e8-496b-4469-beda-3db8959ac400",
            "87436256-98a2-4cd7-8c01-24ddd128f5b8",
            "90d83b3f-dfe2-40e4-b660-7444c132b423",
            "2a185836-d9c4-44f0-8aff-b2f7146dab68",
            "ef34f9d8-728e-4f05-a39c-2c1c6294a984",
            "efd3971e-261a-4884-83e1-65aa627f499c",
            "9b7270f2-ddf4-43b6-820b-c7cd728ce30a",
            "2375c796-e3f3-45c2-9857-9e82f85d050a",
            "2c3b6a90-78ab-4596-9b24-4d14d19b235a",
            "4baebb61-5754-402a-97b8-4ea708c9e637",
            "722618f6-5fa4-46c3-9bde-680319e50177",
            "55ac1b42-0ae2-484f-ab6a-21172f6ad733"
          ],
          "failures": [],
          "pending": [],
          "skipped": [],
          "duration": 0,
          "root": false,
          "rootEmpty": false,
          "_timeout": 300000
        },
        {
          "uuid": "7134059e-5673-49b1-b246-7e19ce413de9",
          "title": "Test 10Lines game: 30, 34 -  4",
          "fullFile": "/Users/marinaratova/Desktop/JS/test-server/test/test_10Lines.js",
          "file": "/test/test_10Lines.js",
          "beforeHooks": [
            {
              "title": "\"before all\" hook: Spin",
              "fullTitle": "Test 10Lines game: 30, 34 -  4 \"before all\" hook: Spin",
              "timedOut": false,
              "duration": 604,
              "state": null,
              "speed": null,
              "pass": false,
              "fail": false,
              "pending": false,
              "context": null,
              "code": "try {\n    let token = await readToken(Useplatform.nameToken);\n    const response = await spin(Useplatform.getUrlSpin(), token, Usegame.getId(), Usegame.getBet(Useplatform), Usegame.getLines());\n    let { nextActionsSpin, res } = response;\n    getLog(res, Usegame.name, Usegame.getId(), i);\n    let actionsSpin = res.context.current;\n    const winLines = checkWin1(res);\n    const winningResult = getWinningResult(winLines);\n    const FSResult = await getFSResult(nextActionsSpin, actionsSpin, res);\n    let funcResultExpW = chekExpendingWild(UseMathModele, res);\n    const funcResultESymbol = getNewMatrixESymbol(UseMathModele, res, actionsSpin, Usepaytable);\n    const featureEW = CheckFeatureEW(res);\n    const FSChangeMultipl = CheckMultipFS(UseMathModele, actionsSpin, res, FSResult);\n\n    data = { res, nextActionsSpin, actionsSpin, winLines, funcResultExpW, funcResultESymbol, featureEW, FSChangeMultipl, ...winningResult, ...FSResult };\n} catch (error) {\n    // numberErrors += 1;\n    // if (numberErrors > 5) {\n    //     break;\n    // };\n    console.log('!!!!!!ERROR in before block!!!!!! ' + error);\n    logger.error('!!!!!!ERROR in before block!!!!!! ' + error);\n}",
              "err": {},
              "uuid": "d1bb2228-f058-46f2-92f6-4526f2ed1db9",
              "parentUUID": "7134059e-5673-49b1-b246-7e19ce413de9",
              "isHook": true,
              "skipped": false
            }
          ],
          "afterHooks": [
            {
              "title": "\"after all\" hook: wright",
              "fullTitle": "Test 10Lines game: 30, 34 -  4 \"after all\" hook: wright",
              "timedOut": false,
              "duration": 0,
              "state": null,
              "speed": null,
              "pass": false,
              "fail": false,
              "pending": false,
              "context": null,
              "code": "let { FSCount, res, nextActionsSpin, FSChangeMultipl, funcResultRSpin } = data;\nwrightData(nextActionsSpin, FSCount, res, UseMathModele, funcResultRSpin, FSChangeMultipl);",
              "err": {},
              "uuid": "f68498a4-d416-41be-afb7-78585dc3c628",
              "parentUUID": "7134059e-5673-49b1-b246-7e19ce413de9",
              "isHook": true,
              "skipped": false
            }
          ],
          "tests": [
            {
              "title": "Winning Line coordinates from response is correct",
              "fullTitle": "Test 10Lines game: 30, 34 -  4 Winning Line coordinates from response is correct",
              "timedOut": false,
              "duration": 0,
              "state": "passed",
              "speed": "fast",
              "pass": true,
              "fail": false,
              "pending": false,
              "context": null,
              "code": "const { winLinesWithoutScatter } = data;\nCheckWinningLineCoordinates(winLinesWithoutScatter, UseLines);",
              "err": {},
              "uuid": "ccdae3b8-7cc2-44d0-b44e-66dff64a11de",
              "parentUUID": "7134059e-5673-49b1-b246-7e19ce413de9",
              "isHook": false,
              "skipped": false
            },
            {
              "title": "check correct accrual Scatter",
              "fullTitle": "Test 10Lines game: 30, 34 -  4 check correct accrual Scatter",
              "timedOut": false,
              "duration": 0,
              "state": "passed",
              "speed": "fast",
              "pass": true,
              "fail": false,
              "pending": false,
              "context": null,
              "code": "const { winLinesScatter, actionsSpin, res, FSChangeMultipl } = data;\nCheckCorrectAccrualScatter(winLinesScatter, actionsSpin, res, Usepaytable, UseMathModele.FSMultipl, UseMathModele, FSChangeMultipl);",
              "err": {},
              "uuid": "37aaad9e-ff4c-4220-9048-3245d2b07fe1",
              "parentUUID": "7134059e-5673-49b1-b246-7e19ce413de9",
              "isHook": false,
              "skipped": false
            },
            {
              "title": "check correct position Scatter",
              "fullTitle": "Test 10Lines game: 30, 34 -  4 check correct position Scatter",
              "timedOut": false,
              "duration": 0,
              "state": "passed",
              "speed": "fast",
              "pass": true,
              "fail": false,
              "pending": false,
              "context": null,
              "code": "const { winLinesScatter, res } = data;\nCheckCorrectPositionScatter(winLinesScatter, res);",
              "err": {},
              "uuid": "0e14ff00-d068-4b12-b744-871fef9eb096",
              "parentUUID": "7134059e-5673-49b1-b246-7e19ce413de9",
              "isHook": false,
              "skipped": false
            },
            {
              "title": "check correct position of winning symbol",
              "fullTitle": "Test 10Lines game: 30, 34 -  4 check correct position of winning symbol",
              "timedOut": false,
              "duration": 0,
              "state": "passed",
              "speed": "fast",
              "pass": true,
              "fail": false,
              "pending": false,
              "context": null,
              "code": "const { res, funcResultExpW, winLinesWithoutScatter } = data;\nCheckCorrectPositionOfWinningSymbol(UseMathModele, res, funcResultExpW, winLinesWithoutScatter);",
              "err": {},
              "uuid": "b7ed8d20-6489-426b-8d67-7365284d21d0",
              "parentUUID": "7134059e-5673-49b1-b246-7e19ce413de9",
              "isHook": false,
              "skipped": false
            },
            {
              "title": "check correct accrual of winnings",
              "fullTitle": "Test 10Lines game: 30, 34 -  4 check correct accrual of winnings",
              "timedOut": false,
              "duration": 0,
              "state": "passed",
              "speed": "fast",
              "pass": true,
              "fail": false,
              "pending": false,
              "context": null,
              "code": "const { actionsSpin, res, winLinesWithoutScatter, FSChangeMultipl } = data;\nCheckCorrectAccrualOfWinnings(actionsSpin, res, winLinesWithoutScatter, UseMathModele.FSMultipl, UseMathModele.WildMultip, Usepaytable, UseMathModele, FSChangeMultipl);",
              "err": {},
              "uuid": "2cc28947-6a11-44d7-be96-39b4ba57a4bd",
              "parentUUID": "7134059e-5673-49b1-b246-7e19ce413de9",
              "isHook": false,
              "skipped": false
            },
            {
              "title": "check total amount is correct",
              "fullTitle": "Test 10Lines game: 30, 34 -  4 check total amount is correct",
              "timedOut": false,
              "duration": 0,
              "state": "passed",
              "speed": "fast",
              "pass": true,
              "fail": false,
              "pending": false,
              "context": null,
              "code": "const { winLines, res } = data;\nCheckTotalAmountIsCorrect(winLines, res);",
              "err": {},
              "uuid": "a9e7c661-1538-4b7e-bfe4-5cb18807bc02",
              "parentUUID": "7134059e-5673-49b1-b246-7e19ce413de9",
              "isHook": false,
              "skipped": false
            },
            {
              "title": "check correct add count of FS",
              "fullTitle": "Test 10Lines game: 30, 34 -  4 check correct add count of FS",
              "timedOut": false,
              "duration": 0,
              "state": "passed",
              "speed": "fast",
              "pass": true,
              "fail": false,
              "pending": false,
              "context": null,
              "code": "const { actionsSpin, res, FSCount } = data;\nCheckCorrectAddCountOfFS(actionsSpin, res, FSCount, UseMathModele.numberFS);",
              "err": {},
              "uuid": "4f5a4c54-6385-422e-8eaf-d43bcbdb7351",
              "parentUUID": "7134059e-5673-49b1-b246-7e19ce413de9",
              "isHook": false,
              "skipped": false
            },
            {
              "title": "check correct total FS",
              "fullTitle": "Test 10Lines game: 30, 34 -  4 check correct total FS",
              "timedOut": false,
              "duration": 0,
              "state": "passed",
              "speed": "fast",
              "pass": true,
              "fail": false,
              "pending": false,
              "context": null,
              "code": "const { actionsSpin, FSCount, globalDate } = data;\nCheckCorrectTotalFS(actionsSpin, globalDate, FSCount);",
              "err": {},
              "uuid": "443c7b72-4a8d-4856-8edd-04e36be3ebf4",
              "parentUUID": "7134059e-5673-49b1-b246-7e19ce413de9",
              "isHook": false,
              "skipped": false
            },
            {
              "title": "Check the number of free spins",
              "fullTitle": "Test 10Lines game: 30, 34 -  4 Check the number of free spins",
              "timedOut": false,
              "duration": 0,
              "state": "passed",
              "speed": "fast",
              "pass": true,
              "fail": false,
              "pending": false,
              "context": null,
              "code": "const { actionsSpin, nextActionsSpin, FSCount } = data;\nCheckNumberFS(actionsSpin, nextActionsSpin, FSCount, UseMathModele.numberFS);",
              "err": {},
              "uuid": "f1305ad6-caf6-4f83-965c-869776ab95bf",
              "parentUUID": "7134059e-5673-49b1-b246-7e19ce413de9",
              "isHook": false,
              "skipped": false
            },
            {
              "title": "check rest FS",
              "fullTitle": "Test 10Lines game: 30, 34 -  4 check rest FS",
              "timedOut": false,
              "duration": 0,
              "state": "passed",
              "speed": "fast",
              "pass": true,
              "fail": false,
              "pending": false,
              "context": null,
              "code": "const { actionsSpin, FSCount, globalDate } = data;\nCheckRestFS(actionsSpin, FSCount, globalDate, UseMathModele.numberFS);",
              "err": {},
              "uuid": "11b350b2-513a-466c-b23e-da913a4b231f",
              "parentUUID": "7134059e-5673-49b1-b246-7e19ce413de9",
              "isHook": false,
              "skipped": false
            },
            {
              "title": "balance is not change",
              "fullTitle": "Test 10Lines game: 30, 34 -  4 balance is not change",
              "timedOut": false,
              "duration": 0,
              "state": "passed",
              "speed": "fast",
              "pass": true,
              "fail": false,
              "pending": false,
              "context": null,
              "code": "const { actionsSpin, FSCount, res, globalDate, nextActionsSpin } = data;\nBalanceIsNotChange(actionsSpin, FSCount, res, globalDate, nextActionsSpin);",
              "err": {},
              "uuid": "b4e4f482-2fed-49fe-ac4d-26fc1887a81e",
              "parentUUID": "7134059e-5673-49b1-b246-7e19ce413de9",
              "isHook": false,
              "skipped": false
            },
            {
              "title": "check correct accrual FSWin",
              "fullTitle": "Test 10Lines game: 30, 34 -  4 check correct accrual FSWin",
              "timedOut": false,
              "duration": 0,
              "state": "passed",
              "speed": "fast",
              "pass": true,
              "fail": false,
              "pending": false,
              "context": null,
              "code": "const { actionsSpin, winLines, res, globalDate } = data;\nCheckCorrectAccrualFSWin(actionsSpin, UseMathModele, winLines, res, globalDate);",
              "err": {},
              "uuid": "73b68844-02d2-49a5-8b73-014c8348bf8b",
              "parentUUID": "7134059e-5673-49b1-b246-7e19ce413de9",
              "isHook": false,
              "skipped": false
            },
            {
              "title": "check correct add FSWin to balance",
              "fullTitle": "Test 10Lines game: 30, 34 -  4 check correct add FSWin to balance",
              "timedOut": false,
              "duration": 0,
              "state": "passed",
              "speed": "fast",
              "pass": true,
              "fail": false,
              "pending": false,
[...]
              "context": null,
              "code": "let { res } = data;\nCheckTypeOfWin(res);",
              "err": {},
              "uuid": "791b4257-e356-4e45-b431-550a41289660",
              "parentUUID": "885609dd-8227-423e-a1d8-c09ed2116f60",
              "isHook": false,
              "skipped": false
            },
            {
              "title": "EWModule",
              "fullTitle": "Test 10Lines game: 30, 34 -  48 EWModule",
              "timedOut": false,
              "duration": 0,
              "state": "passed",
              "speed": "fast",
              "pass": true,
              "fail": false,
              "pending": false,
              "context": null,
              "code": "EWModule(UseMathModele, data);",
              "err": {},
              "uuid": "33e65c11-6240-4af0-9b4c-18b04b92bf14",
              "parentUUID": "885609dd-8227-423e-a1d8-c09ed2116f60",
              "isHook": false,
              "skipped": false
            },
            {
              "title": "BookModule",
              "fullTitle": "Test 10Lines game: 30, 34 -  48 BookModule",
              "timedOut": false,
              "duration": 0,
              "state": "passed",
              "speed": "fast",
              "pass": true,
              "fail": false,
              "pending": false,
              "context": null,
              "code": "BookModule(UseMathModele, data, Usepaytable);",
              "err": {},
              "uuid": "ea3b372b-d007-447e-bca9-285ae5b6bb2c",
              "parentUUID": "885609dd-8227-423e-a1d8-c09ed2116f60",
              "isHook": false,
              "skipped": false
            }
          ],
          "suites": [],
          "passes": [
            "a60032f0-c787-4db0-886c-c952cfc36d72",
            "1a38f324-1104-4b3e-9c91-91e19649632b",
            "d510ef55-5eda-4138-8549-e6c4705e1fbc",
            "f4a9f210-6368-4a59-8378-f8586cb53e48",
            "f73ab35d-98aa-4655-bd71-b9c3cf4f01bb",
            "245f57ea-1b47-4836-8136-d9ef68a0f365",
            "4952c0c1-2dec-4b2b-89ab-b9b86022a7b5",
            "e713ccd6-a2a9-4a7c-9bca-3b8bbff0185a",
            "9d7b0602-b83e-4f55-9468-2e128f2e7858",
            "c8a07633-a7ce-446e-982e-c6b2a4f8ebfa",
            "bc9b3777-ae14-40bc-98eb-e356b5b61165",
            "7f38b431-725c-409d-8868-da8e1dc9dfd7",
            "472afc73-80dc-4b79-9390-114f3ef121d1",
            "791b4257-e356-4e45-b431-550a41289660",
            "33e65c11-6240-4af0-9b4c-18b04b92bf14",
            "ea3b372b-d007-447e-bca9-285ae5b6bb2c"
          ],
          "failures": [],
          "pending": [],
          "skipped": [],
          "duration": 13,
          "root": false,
          "rootEmpty": false,
          "_timeout": 300000
        },
        {
          "uuid": "48734985-d40c-4063-b488-2280e74559e3",
          "title": "Test 10Lines game: 30, 34 -  49",
          "fullFile": "/Users/marinaratova/Desktop/JS/test-server/test/test_10Lines.js",
          "file": "/test/test_10Lines.js",
          "beforeHooks": [
            {
              "title": "\"before all\" hook: Spin",
              "fullTitle": "Test 10Lines game: 30, 34 -  49 \"before all\" hook: Spin",
              "timedOut": false,
              "duration": 797,
              "state": null,
              "speed": null,
              "pass": false,
              "fail": false,
              "pending": false,
              "context": null,
              "code": "try {\n    let token = await readToken(Useplatform.nameToken);\n    const response = await spin(Useplatform.getUrlSpin(), token, Usegame.getId(), Usegame.getBet(Useplatform), Usegame.getLines());\n    let { nextActionsSpin, res } = response;\n    getLog(res, Usegame.name, Usegame.getId(), i);\n    let actionsSpin = res.context.current;\n    const winLines = checkWin1(res);\n    const winningResult = getWinningResult(winLines);\n    const FSResult = await getFSResult(nextActionsSpin, actionsSpin, res);\n    let funcResultExpW = chekExpendingWild(UseMathModele, res);\n    const funcResultESymbol = getNewMatrixESymbol(UseMathModele, res, actionsSpin, Usepaytable);\n    const featureEW = CheckFeatureEW(res);\n    const FSChangeMultipl = CheckMultipFS(UseMathModele, actionsSpin, res, FSResult);\n\n    data = { res, nextActionsSpin, actionsSpin, winLines, funcResultExpW, funcResultESymbol, featureEW, FSChangeMultipl, ...winningResult, ...FSResult };\n} catch (error) {\n    // numberErrors += 1;\n    // if (numberErrors > 5) {\n    //     break;\n    // };\n    console.log('!!!!!!ERROR in before block!!!!!! ' + error);\n    logger.error('!!!!!!ERROR in before block!!!!!! ' + error);\n}",
              "err": {},
              "uuid": "8bc7131c-c050-460b-ba36-13dd80973f5c",
              "parentUUID": "48734985-d40c-4063-b488-2280e74559e3",
              "isHook": true,
              "skipped": false
            }
          ],
          "afterHooks": [
            {
              "title": "\"after all\" hook: wright",
              "fullTitle": "Test 10Lines game: 30, 34 -  49 \"after all\" hook: wright",
              "timedOut": false,
              "duration": 0,
              "state": null,
              "speed": null,
              "pass": false,
              "fail": false,
              "pending": false,
              "context": null,
              "code": "let { FSCount, res, nextActionsSpin, FSChangeMultipl, funcResultRSpin } = data;\nwrightData(nextActionsSpin, FSCount, res, UseMathModele, funcResultRSpin, FSChangeMultipl);",
              "err": {},
              "uuid": "8fd4c0b9-fa85-4c21-a1f8-20566c51e2fc",
              "parentUUID": "48734985-d40c-4063-b488-2280e74559e3",
              "isHook": true,
              "skipped": false
            }
          ],
          "tests": [
            {
              "title": "Winning Line coordinates from response is correct",
              "fullTitle": "Test 10Lines game: 30, 34 -  49 Winning Line coordinates from response is correct",
              "timedOut": false,
              "duration": 0,
              "state": "passed",
              "speed": "fast",
              "pass": true,
              "fail": false,
              "pending": false,
              "context": null,
              "code": "const { winLinesWithoutScatter } = data;\nCheckWinningLineCoordinates(winLinesWithoutScatter, UseLines);",
              "err": {},
              "uuid": "de8813cc-bd6f-405e-af29-a06f291ad3f5",
              "parentUUID": "48734985-d40c-4063-b488-2280e74559e3",
              "isHook": false,
              "skipped": false
            },
            {
              "title": "check correct accrual Scatter",
              "fullTitle": "Test 10Lines game: 30, 34 -  49 check correct accrual Scatter",
              "timedOut": false,
              "duration": 0,
              "state": "passed",
              "speed": "fast",
              "pass": true,
              "fail": false,
              "pending": false,
              "context": null,
              "code": "const { winLinesScatter, actionsSpin, res, FSChangeMultipl } = data;\nCheckCorrectAccrualScatter(winLinesScatter, actionsSpin, res, Usepaytable, UseMathModele.FSMultipl, UseMathModele, FSChangeMultipl);",
              "err": {},
              "uuid": "f075805b-0d8a-4187-9247-2c6569541e51",
              "parentUUID": "48734985-d40c-4063-b488-2280e74559e3",
              "isHook": false,
              "skipped": false
            },
            {
              "title": "check correct position Scatter",
              "fullTitle": "Test 10Lines game: 30, 34 -  49 check correct position Scatter",
              "timedOut": false,
              "duration": 0,
              "state": "passed",
              "speed": "fast",
              "pass": true,
              "fail": false,
              "pending": false,
              "context": null,
              "code": "const { winLinesScatter, res } = data;\nCheckCorrectPositionScatter(winLinesScatter, res);",
              "err": {},
              "uuid": "a1109889-98a2-444c-a1ff-3f3e8af7f1b5",
              "parentUUID": "48734985-d40c-4063-b488-2280e74559e3",
              "isHook": false,
              "skipped": false
            },
            {
              "title": "check correct position of winning symbol",
              "fullTitle": "Test 10Lines game: 30, 34 -  49 check correct position of winning symbol",
              "timedOut": false,
              "duration": 0,
              "state": "passed",
              "speed": "fast",
              "pass": true,
              "fail": false,
              "pending": false,
              "context": null,
              "code": "const { res, funcResultExpW, winLinesWithoutScatter } = data;\nCheckCorrectPositionOfWinningSymbol(UseMathModele, res, funcResultExpW, winLinesWithoutScatter);",
              "err": {},
              "uuid": "294bcef1-bdb3-4a2e-a840-c8104e5f41ac",
              "parentUUID": "48734985-d40c-4063-b488-2280e74559e3",
              "isHook": false,
              "skipped": false
            },
            {
              "title": "check correct accrual of winnings",
              "fullTitle": "Test 10Lines game: 30, 34 -  49 check correct accrual of winnings",
              "timedOut": false,
              "duration": 0,
              "state": "passed",
              "speed": "fast",
              "pass": true,
              "fail": false,
              "pending": false,
              "context": null,
              "code": "const { actionsSpin, res, winLinesWithoutScatter, FSChangeMultipl } = data;\nCheckCorrectAccrualOfWinnings(actionsSpin, res, winLinesWithoutScatter, UseMathModele.FSMultipl, UseMathModele.WildMultip, Usepaytable, UseMathModele, FSChangeMultipl);",
              "err": {},
              "uuid": "f735142a-f2a0-49b7-b8ca-24164e93af27",
              "parentUUID": "48734985-d40c-4063-b488-2280e74559e3",
              "isHook": false,
              "skipped": false
            },
            {
              "title": "check total amount is correct",
              "fullTitle": "Test 10Lines game: 30, 34 -  49 check total amount is correct",
              "timedOut": false,
              "duration": 0,
              "state": "passed",
              "speed": "fast",
              "pass": true,
              "fail": false,
              "pending": false,
              "context": null,
              "code": "const { winLines, res } = data;\nCheckTotalAmountIsCorrect(winLines, res);",
              "err": {},
              "uuid": "a06d1cb0-81f7-4018-ad8d-216197f3fd6a",
              "parentUUID": "48734985-d40c-4063-b488-2280e74559e3",
              "isHook": false,
              "skipped": false
            },
            {
              "title": "check correct add count of FS",
              "fullTitle": "Test 10Lines game: 30, 34 -  49 check correct add count of FS",
              "timedOut": false,
              "duration": 0,
              "state": "passed",
              "speed": "fast",
              "pass": true,
              "fail": false,
              "pending": false,
              "context": null,
              "code": "const { actionsSpin, res, FSCount } = data;\nCheckCorrectAddCountOfFS(actionsSpin, res, FSCount, UseMathModele.numberFS);",
              "err": {},
              "uuid": "7ffdf90c-fd25-4475-9eb4-1960cb0656cd",
              "parentUUID": "48734985-d40c-4063-b488-2280e74559e3",
              "isHook": false,
              "skipped": false
            },
            {
              "title": "check correct total FS",
              "fullTitle": "Test 10Lines game: 30, 34 -  49 check correct total FS",
              "timedOut": false,
              "duration": 0,
              "state": "passed",
              "speed": "fast",
              "pass": true,
              "fail": false,
              "pending": false,
              "context": null,
              "code": "const { actionsSpin, FSCount, globalDate } = data;\nCheckCorrectTotalFS(actionsSpin, globalDate, FSCount);",
              "err": {},
              "uuid": "c730dfc6-1688-4cbf-92e9-a70dc0666883",
              "parentUUID": "48734985-d40c-4063-b488-2280e74559e3",
              "isHook": false,
              "skipped": false
            },
            {
              "title": "Check the number of free spins",
              "fullTitle": "Test 10Lines game: 30, 34 -  49 Check the number of free spins",
              "timedOut": false,
              "duration": 0,
              "state": "passed",
              "speed": "fast",
              "pass": true,
              "fail": false,
              "pending": false,
              "context": null,
              "code": "const { actionsSpin, nextActionsSpin, FSCount } = data;\nCheckNumberFS(actionsSpin, nextActionsSpin, FSCount, UseMathModele.numberFS);",
              "err": {},
              "uuid": "60fa3515-53d5-4aa7-a23a-00e1ce1f8dcd",
              "parentUUID": "48734985-d40c-4063-b488-2280e74559e3",
              "isHook": false,
              "skipped": false
            },
            {
              "title": "check rest FS",
              "fullTitle": "Test 10Lines game: 30, 34 -  49 check rest FS",
              "timedOut": false,
              "duration": 0,
              "state": "passed",
              "speed": "fast",
              "pass": true,
              "fail": false,
              "pending": false,
              "context": null,
              "code": "const { actionsSpin, FSCount, globalDate } = data;\nCheckRestFS(actionsSpin, FSCount, globalDate, UseMathModele.numberFS);",
              "err": {},
              "uuid": "8ded7d70-ba20-4a80-853e-04e09da65dcf",
              "parentUUID": "48734985-d40c-4063-b488-2280e74559e3",
              "isHook": false,
              "skipped": false
            },
            {
              "title": "balance is not change",
              "fullTitle": "Test 10Lines game: 30, 34 -  49 balance is not change",
              "timedOut": false,
              "duration": 0,
              "state": "passed",
              "speed": "fast",
              "pass": true,
              "fail": false,
              "pending": false,
              "context": null,
              "code": "const { actionsSpin, FSCount, res, globalDate, nextActionsSpin } = data;\nBalanceIsNotChange(actionsSpin, FSCount, res, globalDate, nextActionsSpin);",
              "err": {},
              "uuid": "a2c03e33-e8bd-4b5e-81ef-3bbf25aa87cd",
              "parentUUID": "48734985-d40c-4063-b488-2280e74559e3",
              "isHook": false,
              "skipped": false
            },
            {
              "title": "check correct accrual FSWin",
              "fullTitle": "Test 10Lines game: 30, 34 -  49 check correct accrual FSWin",
              "timedOut": false,
              "duration": 0,
              "state": "passed",
              "speed": "fast",
              "pass": true,
              "fail": false,
              "pending": false,
              "context": null,
              "code": "const { actionsSpin, winLines, res, globalDate } = data;\nCheckCorrectAccrualFSWin(actionsSpin, UseMathModele, winLines, res, globalDate);",
              "err": {},
              "uuid": "b2ef9e00-58da-4d56-befa-4f87d5ee04ed",
              "parentUUID": "48734985-d40c-4063-b488-2280e74559e3",
              "isHook": false,
              "skipped": false
            },
            {
              "title": "check correct add FSWin to balance",
              "fullTitle": "Test 10Lines game: 30, 34 -  49 check correct add FSWin to balance",
              "timedOut": false,
              "duration": 0,
              "state": "passed",
              "speed": "fast",
              "pass": true,
              "fail": false,
              "pending": false,
              "context": null,
              "code": "const { nextActionsSpin, FSCount, globalDate, res } = data;\nCheckCorrectAddFSWinToBalance(nextActionsSpin, FSCount, globalDate, res);",
              "err": {},
              "uuid": "448591db-41a0-4494-982a-91dea435564f",
              "parentUUID": "48734985-d40c-4063-b488-2280e74559e3",
              "isHook": false,
              "skipped": false
            },
            {
              "title": "check type of win Lines",
              "fullTitle": "Test 10Lines game: 30, 34 -  49 check type of win Lines",
              "timedOut": false,
              "duration": 0,
              "state": "passed",
              "speed": "fast",
              "pass": true,
              "fail": false,
              "pending": false,
              "context": null,
              "code": "let { res } = data;\nCheckTypeOfWin(res);",
              "err": {},
              "uuid": "5614c357-871f-454c-bd11-8ad36fa1f675",
              "parentUUID": "48734985-d40c-4063-b488-2280e74559e3",
              "isHook": false,
              "skipped": false
            },
            {
              "title": "EWModule",
              "fullTitle": "Test 10Lines game: 30, 34 -  49 EWModule",
              "timedOut": false,
              "duration": 0,
              "state": "passed",
              "speed": "fast",
              "pass": true,
              "fail": false,
              "pending": false,
              "context": null,
              "code": "EWModule(UseMathModele, data);",
              "err": {},
              "uuid": "4922a1a5-69ef-4bb5-ac35-8186ea5ee2be",
              "parentUUID": "48734985-d40c-4063-b488-2280e74559e3",
              "isHook": false,
              "skipped": false
            },
            {
              "title": "BookModule",
              "fullTitle": "Test 10Lines game: 30, 34 -  49 BookModule",
              "timedOut": false,
              "duration": 0,
              "state": "passed",
              "speed": "fast",
              "pass": true,
              "fail": false,
              "pending": false,
              "context": null,
              "code": "BookModule(UseMathModele, data, Usepaytable);",
              "err": {},
              "uuid": "cd1ab936-780c-44c3-ab93-c7a66e2d20b3",
              "parentUUID": "48734985-d40c-4063-b488-2280e74559e3",
              "isHook": false,
              "skipped": false
            }
          ],
          "suites": [],
          "passes": [
            "de8813cc-bd6f-405e-af29-a06f291ad3f5",
            "f075805b-0d8a-4187-9247-2c6569541e51",
            "a1109889-98a2-444c-a1ff-3f3e8af7f1b5",
            "294bcef1-bdb3-4a2e-a840-c8104e5f41ac",
            "f735142a-f2a0-49b7-b8ca-24164e93af27",
            "a06d1cb0-81f7-4018-ad8d-216197f3fd6a",
            "7ffdf90c-fd25-4475-9eb4-1960cb0656cd",
            "c730dfc6-1688-4cbf-92e9-a70dc0666883",
            "60fa3515-53d5-4aa7-a23a-00e1ce1f8dcd",
            "8ded7d70-ba20-4a80-853e-04e09da65dcf",
            "a2c03e33-e8bd-4b5e-81ef-3bbf25aa87cd",
            "b2ef9e00-58da-4d56-befa-4f87d5ee04ed",
            "448591db-41a0-4494-982a-91dea435564f",
            "5614c357-871f-454c-bd11-8ad36fa1f675",
            "4922a1a5-69ef-4bb5-ac35-8186ea5ee2be",
            "cd1ab936-780c-44c3-ab93-c7a66e2d20b3"
          ],
          "failures": [],
          "pending": [],
          "skipped": [],
          "duration": 0,
          "root": false,
          "rootEmpty": false,
          "_timeout": 300000
        }
      ],
      "passes": [],
      "failures": [],
      "pending": [],
      "skipped": [],
      "duration": 0,
      "root": true,
      "rootEmpty": true,
      "_timeout": 300000
    }
  ],
  "meta": {
    "mocha": {
      "version": "7.2.0"
    },
    "mochawesome": {
      "options": {
        "quiet": false,
        "reportFilename": "mochawesome",
        "saveHtml": true,
        "saveJson": true,
        "consoleReporter": "spec",
        "useInlineDiffs": false,
        "code": true
      },
      "version": "6.1.1"
    },
    "marge": {
      "options": null,
      "version": "5.1.0"
    }
  }
}