{
  "stats": {
    "suites": 100,
    "tests": 100,
    "passes": 100,
    "pending": 0,
    "failures": 0,
    "start": "2020-05-25T19:36:00.178Z",
    "end": "2020-05-25T19:37:20.190Z",
    "duration": 80012,
    "testsRegistered": 100,
    "passPercent": 100,
    "pendingPercent": 0,
    "other": 0,
    "hasOther": false,
    "skipped": 0,
    "hasSkipped": false
  },
  "results": [
    {
      "uuid": "2616b866-0323-4ff3-a3f9-a86969fcddab",
      "title": "",
      "fullFile": "",
      "file": "",
      "beforeHooks": [],
      "afterHooks": [],
      "tests": [],
      "suites": [
        {
          "uuid": "dd232a79-45fa-40a6-aab0-30f9f5d43750",
          "title": "Test type of win",
          "fullFile": "/Users/marinaratova/Desktop/JS/mocha-chai-test-project/test/TypeOfWin5Lines.js",
          "file": "/test/TypeOfWin5Lines.js",
          "beforeHooks": [],
          "afterHooks": [],
          "tests": [
            {
              "title": "spintype of win is tru",
              "fullTitle": "Test type of win spintype of win is tru",
              "timedOut": false,
              "duration": 862,
              "state": "passed",
              "speed": "slow",
              "pass": true,
              "fail": false,
              "pending": false,
              "context": null,
              "code": "const responce = await spin(urlSpin, token, id, elbet, lines);\nlet { res } = responce;\nconsole.log(res);\n\nfunction typeofwin() {\n    const totalWin = res.context.win.total;\n    const matrix = res.context.matrix;\n    console.log(matrix);\n    const bet = betLines(res);\n    const typeCoef = totalWin / bet;\n    console.log((typeCoef) + \" - typeCoef\");\n    if (typeCoef < 10) {\n        return \"regular\";\n    } else if (typeCoef >= 10 && typeCoef < 100) {\n        return \"big\";\n    } else if (typeCoef >= 100 && typeCoef < 500) {\n        return \"ultra\";\n    } else if (typeCoef >= 500 && typeCoef <= 1500) {\n        return \"mega\";\n    }\n}\nif (res.context.hasOwnProperty('win')) {\n    const gameTypeWin = res.context.win.type;\n    console.log((gameTypeWin) + '  - gameTypeWin');\n\n    expect(gameTypeWin).to.eql(typeofwin());\n    // console.log(\"Type of win is correct\");\n    logger.info(\"Type of win is correct\");\n} else {\n    console.log(\"spin without wining\");\n}",
              "err": {},
              "uuid": "ad163e1b-f8a3-4418-8ab6-a5b46ecc7dc4",
              "parentUUID": "dd232a79-45fa-40a6-aab0-30f9f5d43750",
              "isHook": false,
              "skipped": false
            }
          ],
          "suites": [],
          "passes": [
            "ad163e1b-f8a3-4418-8ab6-a5b46ecc7dc4"
          ],
          "failures": [],
          "pending": [],
          "skipped": [],
          "duration": 862,
          "root": false,
          "rootEmpty": false,
          "_timeout": 30000
        },
        {
          "uuid": "2ae52796-fb3e-476f-b3c3-2f3ee8c3f141",
          "title": "Test type of win",
          "fullFile": "/Users/marinaratova/Desktop/JS/mocha-chai-test-project/test/TypeOfWin5Lines.js",
          "file": "/test/TypeOfWin5Lines.js",
          "beforeHooks": [],
          "afterHooks": [],
          "tests": [
            {
              "title": "spintype of win is tru",
              "fullTitle": "Test type of win spintype of win is tru",
              "timedOut": false,
              "duration": 1114,
              "state": "passed",
              "speed": "slow",
              "pass": true,
              "fail": false,
              "pending": false,
              "context": null,
              "code": "const responce = await spin(urlSpin, token, id, elbet, lines);\nlet { res } = responce;\nconsole.log(res);\n\nfunction typeofwin() {\n    const totalWin = res.context.win.total;\n    const matrix = res.context.matrix;\n    console.log(matrix);\n    const bet = betLines(res);\n    const typeCoef = totalWin / bet;\n    console.log((typeCoef) + \" - typeCoef\");\n    if (typeCoef < 10) {\n        return \"regular\";\n    } else if (typeCoef >= 10 && typeCoef < 100) {\n        return \"big\";\n    } else if (typeCoef >= 100 && typeCoef < 500) {\n        return \"ultra\";\n    } else if (typeCoef >= 500 && typeCoef <= 1500) {\n        return \"mega\";\n    }\n}\nif (res.context.hasOwnProperty('win')) {\n    const gameTypeWin = res.context.win.type;\n    console.log((gameTypeWin) + '  - gameTypeWin');\n\n    expect(gameTypeWin).to.eql(typeofwin());\n    // console.log(\"Type of win is correct\");\n    logger.info(\"Type of win is correct\");\n} else {\n    console.log(\"spin without wining\");\n}",
              "err": {},
              "uuid": "a8ee6dc6-27f5-487d-ae2a-cc42a8cd68ba",
              "parentUUID": "2ae52796-fb3e-476f-b3c3-2f3ee8c3f141",
              "isHook": false,
              "skipped": false
            }
          ],
          "suites": [],
          "passes": [
            "a8ee6dc6-27f5-487d-ae2a-cc42a8cd68ba"
          ],
          "failures": [],
          "pending": [],
          "skipped": [],
          "duration": 1114,
          "root": false,
          "rootEmpty": false,
          "_timeout": 30000
        },
        {
          "uuid": "3df7b99f-f1ac-4c90-a750-521b9d3167fe",
          "title": "Test type of win",
          "fullFile": "/Users/marinaratova/Desktop/JS/mocha-chai-test-project/test/TypeOfWin5Lines.js",
          "file": "/test/TypeOfWin5Lines.js",
          "beforeHooks": [],
          "afterHooks": [],
          "tests": [
            {
              "title": "spintype of win is tru",
              "fullTitle": "Test type of win spintype of win is tru",
              "timedOut": false,
              "duration": 715,
              "state": "passed",
              "speed": "slow",
              "pass": true,
              "fail": false,
              "pending": false,
              "context": null,
              "code": "const responce = await spin(urlSpin, token, id, elbet, lines);\nlet { res } = responce;\nconsole.log(res);\n\nfunction typeofwin() {\n    const totalWin = res.context.win.total;\n    const matrix = res.context.matrix;\n    console.log(matrix);\n    const bet = betLines(res);\n    const typeCoef = totalWin / bet;\n    console.log((typeCoef) + \" - typeCoef\");\n    if (typeCoef < 10) {\n        return \"regular\";\n    } else if (typeCoef >= 10 && typeCoef < 100) {\n        return \"big\";\n    } else if (typeCoef >= 100 && typeCoef < 500) {\n        return \"ultra\";\n    } else if (typeCoef >= 500 && typeCoef <= 1500) {\n        return \"mega\";\n    }\n}\nif (res.context.hasOwnProperty('win')) {\n    const gameTypeWin = res.context.win.type;\n    console.log((gameTypeWin) + '  - gameTypeWin');\n\n    expect(gameTypeWin).to.eql(typeofwin());\n    // console.log(\"Type of win is correct\");\n    logger.info(\"Type of win is correct\");\n} else {\n    console.log(\"spin without wining\");\n}",
              "err": {},
              "uuid": "ee5190c5-54a8-4f8d-b085-a974cfb1d8f1",
              "parentUUID": "3df7b99f-f1ac-4c90-a750-521b9d3167fe",
              "isHook": false,
              "skipped": false
            }
          ],
          "suites": [],
          "passes": [
            "ee5190c5-54a8-4f8d-b085-a974cfb1d8f1"
          ],
          "failures": [],
          "pending": [],
          "skipped": [],
          "duration": 715,
          "root": false,
          "rootEmpty": false,
          "_timeout": 30000
        },
        {
          "uuid": "4cf42d7c-77dd-48ae-9030-1ea802647685",
          "title": "Test type of win",
          "fullFile": "/Users/marinaratova/Desktop/JS/mocha-chai-test-project/test/TypeOfWin5Lines.js",
          "file": "/test/TypeOfWin5Lines.js",
          "beforeHooks": [],
          "afterHooks": [],
          "tests": [
            {
              "title": "spintype of win is tru",
              "fullTitle": "Test type of win spintype of win is tru",
              "timedOut": false,
              "duration": 663,
              "state": "passed",
              "speed": "slow",
              "pass": true,
              "fail": false,
              "pending": false,
              "context": null,
              "code": "const responce = await spin(urlSpin, token, id, elbet, lines);\nlet { res } = responce;\nconsole.log(res);\n\nfunction typeofwin() {\n    const totalWin = res.context.win.total;\n    const matrix = res.context.matrix;\n    console.log(matrix);\n    const bet = betLines(res);\n    const typeCoef = totalWin / bet;\n    console.log((typeCoef) + \" - typeCoef\");\n    if (typeCoef < 10) {\n        return \"regular\";\n    } else if (typeCoef >= 10 && typeCoef < 100) {\n        return \"big\";\n    } else if (typeCoef >= 100 && typeCoef < 500) {\n        return \"ultra\";\n    } else if (typeCoef >= 500 && typeCoef <= 1500) {\n        return \"mega\";\n    }\n}\nif (res.context.hasOwnProperty('win')) {\n    const gameTypeWin = res.context.win.type;\n    console.log((gameTypeWin) + '  - gameTypeWin');\n\n    expect(gameTypeWin).to.eql(typeofwin());\n    // console.log(\"Type of win is correct\");\n    logger.info(\"Type of win is correct\");\n} else {\n    console.log(\"spin without wining\");\n}",
              "err": {},
              "uuid": "061bc1e1-680d-423f-838e-f344d1ce9b1b",
              "parentUUID": "4cf42d7c-77dd-48ae-9030-1ea802647685",
              "isHook": false,
              "skipped": false
            }
          ],
          "suites": [],
          "passes": [
            "061bc1e1-680d-423f-838e-f344d1ce9b1b"
          ],
          "failures": [],
          "pending": [],
          "skipped": [],
          "duration": 663,
          "root": false,
          "rootEmpty": false,
          "_timeout": 30000
        },
        {
          "uuid": "ba246646-6cf8-4b63-8abb-6f19e38d565a",
          "title": "Test type of win",
          "fullFile": "/Users/marinaratova/Desktop/JS/mocha-chai-test-project/test/TypeOfWin5Lines.js",
          "file": "/test/TypeOfWin5Lines.js",
          "beforeHooks": [],
          "afterHooks": [],
          "tests": [
            {
              "title": "spintype of win is tru",
              "fullTitle": "Test type of win spintype of win is tru",
              "timedOut": false,
              "duration": 870,
              "state": "passed",
              "speed": "slow",
              "pass": true,
              "fail": false,
              "pending": false,
              "context": null,
              "code": "const responce = await spin(urlSpin, token, id, elbet, lines);\nlet { res } = responce;\nconsole.log(res);\n\nfunction typeofwin() {\n    const totalWin = res.context.win.total;\n    const matrix = res.context.matrix;\n    console.log(matrix);\n    const bet = betLines(res);\n    const typeCoef = totalWin / bet;\n    console.log((typeCoef) + \" - typeCoef\");\n    if (typeCoef < 10) {\n        return \"regular\";\n    } else if (typeCoef >= 10 && typeCoef < 100) {\n        return \"big\";\n    } else if (typeCoef >= 100 && typeCoef < 500) {\n        return \"ultra\";\n    } else if (typeCoef >= 500 && typeCoef <= 1500) {\n        return \"mega\";\n    }\n}\nif (res.context.hasOwnProperty('win')) {\n    const gameTypeWin = res.context.win.type;\n    console.log((gameTypeWin) + '  - gameTypeWin');\n\n    expect(gameTypeWin).to.eql(typeofwin());\n    // console.log(\"Type of win is correct\");\n    logger.info(\"Type of win is correct\");\n} else {\n    console.log(\"spin without wining\");\n}",
              "err": {},
              "uuid": "f37df777-a96c-4e18-ba06-c540e506d225",
              "parentUUID": "ba246646-6cf8-4b63-8abb-6f19e38d565a",
              "isHook": false,
              "skipped": false
            }
          ],
          "suites": [],
          "passes": [
            "f37df777-a96c-4e18-ba06-c540e506d225"
          ],
          "failures": [],
          "pending": [],
          "skipped": [],
          "duration": 870,
          "root": false,
          "rootEmpty": false,
          "_timeout": 30000
        },
        {
          "uuid": "8e4bc93b-059e-4358-aa5c-9e4a8f7ed14e",
          "title": "Test type of win",
          "fullFile": "/Users/marinaratova/Desktop/JS/mocha-chai-test-project/test/TypeOfWin5Lines.js",
          "file": "/test/TypeOfWin5Lines.js",
          "beforeHooks": [],
          "afterHooks": [],
          "tests": [
            {
              "title": "spintype of win is tru",
              "fullTitle": "Test type of win spintype of win is tru",
              "timedOut": false,
              "duration": 956,
              "state": "passed",
              "speed": "slow",
              "pass": true,
              "fail": false,
              "pending": false,
              "context": null,
              "code": "const responce = await spin(urlSpin, token, id, elbet, lines);\nlet { res } = responce;\nconsole.log(res);\n\nfunction typeofwin() {\n    const totalWin = res.context.win.total;\n    const matrix = res.context.matrix;\n    console.log(matrix);\n    const bet = betLines(res);\n    const typeCoef = totalWin / bet;\n    console.log((typeCoef) + \" - typeCoef\");\n    if (typeCoef < 10) {\n        return \"regular\";\n    } else if (typeCoef >= 10 && typeCoef < 100) {\n        return \"big\";\n    } else if (typeCoef >= 100 && typeCoef < 500) {\n        return \"ultra\";\n    } else if (typeCoef >= 500 && typeCoef <= 1500) {\n        return \"mega\";\n    }\n}\nif (res.context.hasOwnProperty('win')) {\n    const gameTypeWin = res.context.win.type;\n    console.log((gameTypeWin) + '  - gameTypeWin');\n\n    expect(gameTypeWin).to.eql(typeofwin());\n    // console.log(\"Type of win is correct\");\n    logger.info(\"Type of win is correct\");\n} else {\n    console.log(\"spin without wining\");\n}",
              "err": {},
              "uuid": "13cd8003-6673-4297-ae5e-559ec41204b6",
              "parentUUID": "8e4bc93b-059e-4358-aa5c-9e4a8f7ed14e",
              "isHook": false,
              "skipped": false
            }
          ],
          "suites": [],
          "passes": [
            "13cd8003-6673-4297-ae5e-559ec41204b6"
          ],
          "failures": [],
          "pending": [],
          "skipped": [],
          "duration": 956,
          "root": false,
          "rootEmpty": false,
          "_timeout": 30000
        },
        {
          "uuid": "9910a771-425e-47e6-a540-a65740c9db26",
          "title": "Test type of win",
          "fullFile": "/Users/marinaratova/Desktop/JS/mocha-chai-test-project/test/TypeOfWin5Lines.js",
          "file": "/test/TypeOfWin5Lines.js",
          "beforeHooks": [],
          "afterHooks": [],
          "tests": [
            {
              "title": "spintype of win is tru",
              "fullTitle": "Test type of win spintype of win is tru",
              "timedOut": false,
              "duration": 885,
              "state": "passed",
              "speed": "slow",
              "pass": true,
              "fail": false,
              "pending": false,
              "context": null,
              "code": "const responce = await spin(urlSpin, token, id, elbet, lines);\nlet { res } = responce;\nconsole.log(res);\n\nfunction typeofwin() {\n    const totalWin = res.context.win.total;\n    const matrix = res.context.matrix;\n    console.log(matrix);\n    const bet = betLines(res);\n    const typeCoef = totalWin / bet;\n    console.log((typeCoef) + \" - typeCoef\");\n    if (typeCoef < 10) {\n        return \"regular\";\n    } else if (typeCoef >= 10 && typeCoef < 100) {\n        return \"big\";\n    } else if (typeCoef >= 100 && typeCoef < 500) {\n        return \"ultra\";\n    } else if (typeCoef >= 500 && typeCoef <= 1500) {\n        return \"mega\";\n    }\n}\nif (res.context.hasOwnProperty('win')) {\n    const gameTypeWin = res.context.win.type;\n    console.log((gameTypeWin) + '  - gameTypeWin');\n\n    expect(gameTypeWin).to.eql(typeofwin());\n    // console.log(\"Type of win is correct\");\n    logger.info(\"Type of win is correct\");\n} else {\n    console.log(\"spin without wining\");\n}",
              "err": {},
              "uuid": "7723c871-e9b9-4283-8144-e2001b5bf226",
              "parentUUID": "9910a771-425e-47e6-a540-a65740c9db26",
              "isHook": false,
              "skipped": false
            }
          ],
          "suites": [],
          "passes": [
            "7723c871-e9b9-4283-8144-e2001b5bf226"
          ],
          "failures": [],
          "pending": [],
          "skipped": [],
          "duration": 885,
          "root": false,
          "rootEmpty": false,
          "_timeout": 30000
        },
        {
          "uuid": "c8dcf257-4482-4fe7-a987-d3517c8bd163",
          "title": "Test type of win",
          "fullFile": "/Users/marinaratova/Desktop/JS/mocha-chai-test-project/test/TypeOfWin5Lines.js",
          "file": "/test/TypeOfWin5Lines.js",
          "beforeHooks": [],
          "afterHooks": [],
          "tests": [
            {
              "title": "spintype of win is tru",
              "fullTitle": "Test type of win spintype of win is tru",
              "timedOut": false,
              "duration": 723,
              "state": "passed",
              "speed": "slow",
              "pass": true,
              "fail": false,
              "pending": false,
              "context": null,
              "code": "const responce = await spin(urlSpin, token, id, elbet, lines);\nlet { res } = responce;\nconsole.log(res);\n\nfunction typeofwin() {\n    const totalWin = res.context.win.total;\n    const matrix = res.context.matrix;\n    console.log(matrix);\n    const bet = betLines(res);\n    const typeCoef = totalWin / bet;\n    console.log((typeCoef) + \" - typeCoef\");\n    if (typeCoef < 10) {\n        return \"regular\";\n    } else if (typeCoef >= 10 && typeCoef < 100) {\n        return \"big\";\n    } else if (typeCoef >= 100 && typeCoef < 500) {\n        return \"ultra\";\n    } else if (typeCoef >= 500 && typeCoef <= 1500) {\n        return \"mega\";\n    }\n}\nif (res.context.hasOwnProperty('win')) {\n    const gameTypeWin = res.context.win.type;\n    console.log((gameTypeWin) + '  - gameTypeWin');\n\n    expect(gameTypeWin).to.eql(typeofwin());\n    // console.log(\"Type of win is correct\");\n    logger.info(\"Type of win is correct\");\n} else {\n    console.log(\"spin without wining\");\n}",
              "err": {},
              "uuid": "7423894c-5809-4b06-8977-6b2c35ee9748",
              "parentUUID": "c8dcf257-4482-4fe7-a987-d3517c8bd163",
              "isHook": false,
              "skipped": false
            }
          ],
          "suites": [],
          "passes": [
            "7423894c-5809-4b06-8977-6b2c35ee9748"
          ],
          "failures": [],
          "pending": [],
          "skipped": [],
          "duration": 723,
          "root": false,
          "rootEmpty": false,
          "_timeout": 30000
        },
        {
          "uuid": "ab38ae61-183f-44e6-a1e9-7fb3ab8f35cd",
          "title": "Test type of win",
          "fullFile": "/Users/marinaratova/Desktop/JS/mocha-chai-test-project/test/TypeOfWin5Lines.js",
          "file": "/test/TypeOfWin5Lines.js",
          "beforeHooks": [],
          "afterHooks": [],
          "tests": [
            {
              "title": "spintype of win is tru",
              "fullTitle": "Test type of win spintype of win is tru",
              "timedOut": false,
              "duration": 708,
              "state": "passed",
              "speed": "slow",
              "pass": true,
              "fail": false,
              "pending": false,
              "context": null,
              "code": "const responce = await spin(urlSpin, token, id, elbet, lines);\nlet { res } = responce;\nconsole.log(res);\n\nfunction typeofwin() {\n    const totalWin = res.context.win.total;\n    const matrix = res.context.matrix;\n    console.log(matrix);\n    const bet = betLines(res);\n    const typeCoef = totalWin / bet;\n    console.log((typeCoef) + \" - typeCoef\");\n    if (typeCoef < 10) {\n        return \"regular\";\n    } else if (typeCoef >= 10 && typeCoef < 100) {\n        return \"big\";\n    } else if (typeCoef >= 100 && typeCoef < 500) {\n        return \"ultra\";\n    } else if (typeCoef >= 500 && typeCoef <= 1500) {\n        return \"mega\";\n    }\n}\nif (res.context.hasOwnProperty('win')) {\n    const gameTypeWin = res.context.win.type;\n    console.log((gameTypeWin) + '  - gameTypeWin');\n\n    expect(gameTypeWin).to.eql(typeofwin());\n    // console.log(\"Type of win is correct\");\n    logger.info(\"Type of win is correct\");\n} else {\n    console.log(\"spin without wining\");\n}",
              "err": {},
              "uuid": "ebe9c7ef-c049-4a69-a964-2a20101506a9",
              "parentUUID": "ab38ae61-183f-44e6-a1e9-7fb3ab8f35cd",
              "isHook": false,
              "skipped": false
            }
          ],
          "suites": [],
          "passes": [
            "ebe9c7ef-c049-4a69-a964-2a20101506a9"
          ],
          "failures": [],
          "pending": [],
          "skipped": [],
          "duration": 708,
          "root": false,
          "rootEmpty": false,
          "_timeout": 30000
        },
        {
          "uuid": "a71646b7-7818-4a21-9cbb-8cc6ddf93b97",
          "title": "Test type of win",
          "fullFile": "/Users/marinaratova/Desktop/JS/mocha-chai-test-project/test/TypeOfWin5Lines.js",
          "file": "/test/TypeOfWin5Lines.js",
          "beforeHooks": [],
          "afterHooks": [],
          "tests": [
            {
              "title": "spintype of win is tru",
              "fullTitle": "Test type of win spintype of win is tru",
              "timedOut": false,
              "duration": 817,
              "state": "passed",
              "speed": "slow",
              "pass": true,
              "fail": false,
              "pending": false,
              "context": null,
              "code": "const responce = await spin(urlSpin, token, id, elbet, lines);\nlet { res } = responce;\nconsole.log(res);\n\nfunction typeofwin() {\n    const totalWin = res.context.win.total;\n    const matrix = res.context.matrix;\n    console.log(matrix);\n    const bet = betLines(res);\n    const typeCoef = totalWin / bet;\n    console.log((typeCoef) + \" - typeCoef\");\n    if (typeCoef < 10) {\n        return \"regular\";\n    } else if (typeCoef >= 10 && typeCoef < 100) {\n        return \"big\";\n    } else if (typeCoef >= 100 && typeCoef < 500) {\n        return \"ultra\";\n    } else if (typeCoef >= 500 && typeCoef <= 1500) {\n        return \"mega\";\n    }\n}\nif (res.context.hasOwnProperty('win')) {\n    const gameTypeWin = res.context.win.type;\n    console.log((gameTypeWin) + '  - gameTypeWin');\n\n    expect(gameTypeWin).to.eql(typeofwin());\n    // console.log(\"Type of win is correct\");\n    logger.info(\"Type of win is correct\");\n} else {\n    console.log(\"spin without wining\");\n}",
              "err": {},
              "uuid": "f914a7f2-439d-477c-8392-72ba1c42c76b",
              "parentUUID": "a71646b7-7818-4a21-9cbb-8cc6ddf93b97",
              "isHook": false,
              "skipped": false
            }
          ],
          "suites": [],
          "passes": [
            "f914a7f2-439d-477c-8392-72ba1c42c76b"
          ],
          "failures": [],
          "pending": [],
          "skipped": [],
          "duration": 817,
          "root": false,
          "rootEmpty": false,
          "_timeout": 30000
        },
        {
          "uuid": "ac79382f-0e98-4630-9b14-b6950f299154",
          "title": "Test type of win",
          "fullFile": "/Users/marinaratova/Desktop/JS/mocha-chai-test-project/test/TypeOfWin5Lines.js",
          "file": "/test/TypeOfWin5Lines.js",
          "beforeHooks": [],
          "afterHooks": [],
          "tests": [
            {
              "title": "spintype of win is tru",
              "fullTitle": "Test type of win spintype of win is tru",
              "timedOut": false,
              "duration": 820,
              "state": "passed",
              "speed": "slow",
              "pass": true,
              "fail": false,
              "pending": false,
              "context": null,
              "code": "const responce = await spin(urlSpin, token, id, elbet, lines);\nlet { res } = responce;\nconsole.log(res);\n\nfunction typeofwin() {\n    const totalWin = res.context.win.total;\n    const matrix = res.context.matrix;\n    console.log(matrix);\n    const bet = betLines(res);\n    const typeCoef = totalWin / bet;\n    console.log((typeCoef) + \" - typeCoef\");\n    if (typeCoef < 10) {\n        return \"regular\";\n    } else if (typeCoef >= 10 && typeCoef < 100) {\n        return \"big\";\n    } else if (typeCoef >= 100 && typeCoef < 500) {\n        return \"ultra\";\n    } else if (typeCoef >= 500 && typeCoef <= 1500) {\n        return \"mega\";\n    }\n}\nif (res.context.hasOwnProperty('win')) {\n    const gameTypeWin = res.context.win.type;\n    console.log((gameTypeWin) + '  - gameTypeWin');\n\n    expect(gameTypeWin).to.eql(typeofwin());\n    // console.log(\"Type of win is correct\");\n    logger.info(\"Type of win is correct\");\n} else {\n    console.log(\"spin without wining\");\n}",
              "err": {},
              "uuid": "a1abcfc9-1051-438d-850b-5205144a32fe",
              "parentUUID": "ac79382f-0e98-4630-9b14-b6950f299154",
              "isHook": false,
              "skipped": false
            }
          ],
          "suites": [],
          "passes": [
            "a1abcfc9-1051-438d-850b-5205144a32fe"
          ],
          "failures": [],
          "pending": [],
          "skipped": [],
          "duration": 820,
          "root": false,
          "rootEmpty": false,
          "_timeout": 30000
        },
        {
          "uuid": "e791c6a3-648c-40cd-b9f2-1cc819a9bf6c",
          "title": "Test type of win",
          "fullFile": "/Users/marinaratova/Desktop/JS/mocha-chai-test-project/test/TypeOfWin5Lines.js",
          "file": "/test/TypeOfWin5Lines.js",
          "beforeHooks": [],
          "afterHooks": [],
          "tests": [
            {
              "title": "spintype of win is tru",
              "fullTitle": "Test type of win spintype of win is tru",
              "timedOut": false,
              "duration": 716,
              "state": "passed",
              "speed": "slow",
              "pass": true,
              "fail": false,
              "pending": false,
              "context": null,
              "code": "const responce = await spin(urlSpin, token, id, elbet, lines);\nlet { res } = responce;\nconsole.log(res);\n\nfunction typeofwin() {\n    const totalWin = res.context.win.total;\n    const matrix = res.context.matrix;\n    console.log(matrix);\n    const bet = betLines(res);\n    const typeCoef = totalWin / bet;\n    console.log((typeCoef) + \" - typeCoef\");\n    if (typeCoef < 10) {\n        return \"regular\";\n    } else if (typeCoef >= 10 && typeCoef < 100) {\n        return \"big\";\n    } else if (typeCoef >= 100 && typeCoef < 500) {\n        return \"ultra\";\n    } else if (typeCoef >= 500 && typeCoef <= 1500) {\n        return \"mega\";\n    }\n}\nif (res.context.hasOwnProperty('win')) {\n    const gameTypeWin = res.context.win.type;\n    console.log((gameTypeWin) + '  - gameTypeWin');\n\n    expect(gameTypeWin).to.eql(typeofwin());\n    // console.log(\"Type of win is correct\");\n    logger.info(\"Type of win is correct\");\n} else {\n    console.log(\"spin without wining\");\n}",
              "err": {},
              "uuid": "6da999de-e2d1-4d1a-aa46-a0c6cb3f7d4f",
              "parentUUID": "e791c6a3-648c-40cd-b9f2-1cc819a9bf6c",
              "isHook": false,
              "skipped": false
            }
          ],
          "suites": [],
          "passes": [
            "6da999de-e2d1-4d1a-aa46-a0c6cb3f7d4f"
          ],
          "failures": [],
          "pending": [],
          "skipped": [],
          "duration": 716,
          "root": false,
          "rootEmpty": false,
          "_timeout": 30000
        },
        {
          "uuid": "fa9e3eed-77fa-4d34-9575-a501939fe20c",
          "title": "Test type of win",
          "fullFile": "/Users/marinaratova/Desktop/JS/mocha-chai-test-project/test/TypeOfWin5Lines.js",
          "file": "/test/TypeOfWin5Lines.js",
          "beforeHooks": [],
          "afterHooks": [],
          "tests": [
            {
              "title": "spintype of win is tru",
              "fullTitle": "Test type of win spintype of win is tru",
              "timedOut": false,
              "duration": 817,
              "state": "passed",
              "speed": "slow",
              "pass": true,
              "fail": false,
              "pending": false,
              "context": null,
              "code": "const responce = await spin(urlSpin, token, id, elbet, lines);\nlet { res } = responce;\nconsole.log(res);\n\nfunction typeofwin() {\n    const totalWin = res.context.win.total;\n    const matrix = res.context.matrix;\n    console.log(matrix);\n    const bet = betLines(res);\n    const typeCoef = totalWin / bet;\n    console.log((typeCoef) + \" - typeCoef\");\n    if (typeCoef < 10) {\n        return \"regular\";\n    } else if (typeCoef >= 10 && typeCoef < 100) {\n        return \"big\";\n    } else if (typeCoef >= 100 && typeCoef < 500) {\n        return \"ultra\";\n    } else if (typeCoef >= 500 && typeCoef <= 1500) {\n        return \"mega\";\n    }\n}\nif (res.context.hasOwnProperty('win')) {\n    const gameTypeWin = res.context.win.type;\n    console.log((gameTypeWin) + '  - gameTypeWin');\n\n    expect(gameTypeWin).to.eql(typeofwin());\n    // console.log(\"Type of win is correct\");\n    logger.info(\"Type of win is correct\");\n} else {\n    console.log(\"spin without wining\");\n}",
              "err": {},
              "uuid": "2b674719-9526-428c-b0b6-dd0ce9c08f91",
              "parentUUID": "fa9e3eed-77fa-4d34-9575-a501939fe20c",
              "isHook": false,
              "skipped": false
            }
          ],
          "suites": [],
          "passes": [
            "2b674719-9526-428c-b0b6-dd0ce9c08f91"
          ],
          "failures": [],
          "pending": [],
          "skipped": [],
          "duration": 817,
          "root": false,
          "rootEmpty": false,
          "_timeout": 30000
        },
        {
          "uuid": "0e11b849-4cd2-4e9f-8a40-22c2b43a6e01",
          "title": "Test type of win",
          "fullFile": "/Users/marinaratova/Desktop/JS/mocha-chai-test-project/test/TypeOfWin5Lines.js",
          "file": "/test/TypeOfWin5Lines.js",
          "beforeHooks": [],
          "afterHooks": [],
          "tests": [
            {
              "title": "spintype of win is tru",
              "fullTitle": "Test type of win spintype of win is tru",
              "timedOut": false,
              "duration": 745,
              "state": "passed",
              "speed": "slow",
              "pass": true,
              "fail": false,
              "pending": false,
              "context": null,
              "code": "const responce = await spin(urlSpin, token, id, elbet, lines);\nlet { res } = responce;\nconsole.log(res);\n\nfunction typeofwin() {\n    const totalWin = res.context.win.total;\n    const matrix = res.context.matrix;\n    console.log(matrix);\n    const bet = betLines(res);\n    const typeCoef = totalWin / bet;\n    console.log((typeCoef) + \" - typeCoef\");\n    if (typeCoef < 10) {\n        return \"regular\";\n    } else if (typeCoef >= 10 && typeCoef < 100) {\n        return \"big\";\n    } else if (typeCoef >= 100 && typeCoef < 500) {\n        return \"ultra\";\n    } else if (typeCoef >= 500 && typeCoef <= 1500) {\n        return \"mega\";\n    }\n}\nif (res.context.hasOwnProperty('win')) {\n    const gameTypeWin = res.context.win.type;\n    console.log((gameTypeWin) + '  - gameTypeWin');\n\n    expect(gameTypeWin).to.eql(typeofwin());\n    // console.log(\"Type of win is correct\");\n    logger.info(\"Type of win is correct\");\n} else {\n    console.log(\"spin without wining\");\n}",
              "err": {},
              "uuid": "705a3764-785a-43eb-8911-d6d49540c89e",
              "parentUUID": "0e11b849-4cd2-4e9f-8a40-22c2b43a6e01",
              "isHook": false,
              "skipped": false
            }
          ],
          "suites": [],
          "passes": [
            "705a3764-785a-43eb-8911-d6d49540c89e"
          ],
          "failures": [],
          "pending": [],
          "skipped": [],
          "duration": 745,
          "root": false,
          "rootEmpty": false,
          "_timeout": 30000
        },
        {
          "uuid": "52e50909-9904-4a88-8988-080310059304",
          "title": "Test type of win",
          "fullFile": "/Users/marinaratova/Desktop/JS/mocha-chai-test-project/test/TypeOfWin5Lines.js",
          "file": "/test/TypeOfWin5Lines.js",
          "beforeHooks": [],
          "afterHooks": [],
          "tests": [
            {
              "title": "spintype of win is tru",
              "fullTitle": "Test type of win spintype of win is tru",
              "timedOut": false,
              "duration": 790,
              "state": "passed",
              "speed": "slow",
              "pass": true,
              "fail": false,
              "pending": false,
              "context": null,
              "code": "const responce = await spin(urlSpin, token, id, elbet, lines);\nlet { res } = responce;\nconsole.log(res);\n\nfunction typeofwin() {\n    const totalWin = res.context.win.total;\n    const matrix = res.context.matrix;\n    console.log(matrix);\n    const bet = betLines(res);\n    const typeCoef = totalWin / bet;\n    console.log((typeCoef) + \" - typeCoef\");\n    if (typeCoef < 10) {\n        return \"regular\";\n    } else if (typeCoef >= 10 && typeCoef < 100) {\n        return \"big\";\n    } else if (typeCoef >= 100 && typeCoef < 500) {\n        return \"ultra\";\n    } else if (typeCoef >= 500 && typeCoef <= 1500) {\n        return \"mega\";\n    }\n}\nif (res.context.hasOwnProperty('win')) {\n    const gameTypeWin = res.context.win.type;\n    console.log((gameTypeWin) + '  - gameTypeWin');\n\n    expect(gameTypeWin).to.eql(typeofwin());\n    // console.log(\"Type of win is correct\");\n    logger.info(\"Type of win is correct\");\n} else {\n    console.log(\"spin without wining\");\n}",
              "err": {},
              "uuid": "2c7e420f-0254-4238-85a4-abfb9e9416a9",
              "parentUUID": "52e50909-9904-4a88-8988-080310059304",
              "isHook": false,
              "skipped": false
            }
          ],
          "suites": [],
          "passes": [
            "2c7e420f-0254-4238-85a4-abfb9e9416a9"
          ],
          "failures": [],
          "pending": [],
          "skipped": [],
          "duration": 790,
          "root": false,
          "rootEmpty": false,
          "_timeout": 30000
        },
        {
          "uuid": "78b806ab-7aac-4091-bcbf-9fb44e4f063b",
          "title": "Test type of win",
          "fullFile": "/Users/marinaratova/Desktop/JS/mocha-chai-test-project/test/TypeOfWin5Lines.js",
          "file": "/test/TypeOfWin5Lines.js",
          "beforeHooks": [],
          "afterHooks": [],
          "tests": [
            {
              "title": "spintype of win is tru",
              "fullTitle": "Test type of win spintype of win is tru",
              "timedOut": false,
              "duration": 921,
              "state": "passed",
              "speed": "slow",
              "pass": true,
              "fail": false,
              "pending": false,
              "context": null,
              "code": "const responce = await spin(urlSpin, token, id, elbet, lines);\nlet { res } = responce;\nconsole.log(res);\n\nfunction typeofwin() {\n    const totalWin = res.context.win.total;\n    const matrix = res.context.matrix;\n    console.log(matrix);\n    const bet = betLines(res);\n    const typeCoef = totalWin / bet;\n    console.log((typeCoef) + \" - typeCoef\");\n    if (typeCoef < 10) {\n        return \"regular\";\n    } else if (typeCoef >= 10 && typeCoef < 100) {\n        return \"big\";\n    } else if (typeCoef >= 100 && typeCoef < 500) {\n        return \"ultra\";\n    } else if (typeCoef >= 500 && typeCoef <= 1500) {\n        return \"mega\";\n    }\n}\nif (res.context.hasOwnProperty('win')) {\n    const gameTypeWin = res.context.win.type;\n    console.log((gameTypeWin) + '  - gameTypeWin');\n\n    expect(gameTypeWin).to.eql(typeofwin());\n    // console.log(\"Type of win is correct\");\n    logger.info(\"Type of win is correct\");\n} else {\n    console.log(\"spin without wining\");\n}",
              "err": {},
              "uuid": "5c454e94-76f8-48ce-8e69-2588be56ae16",
              "parentUUID": "78b806ab-7aac-4091-bcbf-9fb44e4f063b",
              "isHook": false,
              "skipped": false
            }
          ],
          "suites": [],
          "passes": [
            "5c454e94-76f8-48ce-8e69-2588be56ae16"
          ],
          "failures": [],
          "pending": [],
          "skipped": [],
          "duration": 921,
          "root": false,
          "rootEmpty": false,
          "_timeout": 30000
        },
        {
          "uuid": "0fd5825a-f612-412c-a585-3596704376e8",
          "title": "Test type of win",
          "fullFile": "/Users/marinaratova/Desktop/JS/mocha-chai-test-project/test/TypeOfWin5Lines.js",
          "file": "/test/TypeOfWin5Lines.js",
          "beforeHooks": [],
          "afterHooks": [],
          "tests": [
            {
              "title": "spintype of win is tru",
              "fullTitle": "Test type of win spintype of win is tru",
              "timedOut": false,
              "duration": 714,
              "state": "passed",
              "speed": "slow",
              "pass": true,
              "fail": false,
              "pending": false,
              "context": null,
              "code": "const responce = await spin(urlSpin, token, id, elbet, lines);\nlet { res } = responce;\nconsole.log(res);\n\nfunction typeofwin() {\n    const totalWin = res.context.win.total;\n    const matrix = res.context.matrix;\n    console.log(matrix);\n    const bet = betLines(res);\n    const typeCoef = totalWin / bet;\n    console.log((typeCoef) + \" - typeCoef\");\n    if (typeCoef < 10) {\n        return \"regular\";\n    } else if (typeCoef >= 10 && typeCoef < 100) {\n        return \"big\";\n    } else if (typeCoef >= 100 && typeCoef < 500) {\n        return \"ultra\";\n    } else if (typeCoef >= 500 && typeCoef <= 1500) {\n        return \"mega\";\n    }\n}\nif (res.context.hasOwnProperty('win')) {\n    const gameTypeWin = res.context.win.type;\n    console.log((gameTypeWin) + '  - gameTypeWin');\n\n    expect(gameTypeWin).to.eql(typeofwin());\n    // console.log(\"Type of win is correct\");\n    logger.info(\"Type of win is correct\");\n} else {\n    console.log(\"spin without wining\");\n}",
              "err": {},
              "uuid": "e2c72ec3-79cb-4b63-974b-2dfa8814ab27",
              "parentUUID": "0fd5825a-f612-412c-a585-3596704376e8",
              "isHook": false,
              "skipped": false
            }
          ],
          "suites": [],
          "passes": [
            "e2c72ec3-79cb-4b63-974b-2dfa8814ab27"
          ],
          "failures": [],
          "pending": [],
          "skipped": [],
          "duration": 714,
          "root": false,
          "rootEmpty": false,
          "_timeout": 30000
        },
        {
          "uuid": "3c6b1ecd-fc05-4bad-bdb1-8efc7291e002",
          "title": "Test type of win",
          "fullFile": "/Users/marinaratova/Desktop/JS/mocha-chai-test-project/test/TypeOfWin5Lines.js",
          "file": "/test/TypeOfWin5Lines.js",
          "beforeHooks": [],
          "afterHooks": [],
          "tests": [
            {
              "title": "spintype of win is tru",
              "fullTitle": "Test type of win spintype of win is tru",
              "timedOut": false,
              "duration": 1032,
              "state": "passed",
              "speed": "slow",
              "pass": true,
              "fail": false,
              "pending": false,
              "context": null,
              "code": "const responce = await spin(urlSpin, token, id, elbet, lines);\nlet { res } = responce;\nconsole.log(res);\n\nfunction typeofwin() {\n    const totalWin = res.context.win.total;\n    const matrix = res.context.matrix;\n    console.log(matrix);\n    const bet = betLines(res);\n    const typeCoef = totalWin / bet;\n    console.log((typeCoef) + \" - typeCoef\");\n    if (typeCoef < 10) {\n        return \"regular\";\n    } else if (typeCoef >= 10 && typeCoef < 100) {\n        return \"big\";\n    } else if (typeCoef >= 100 && typeCoef < 500) {\n        return \"ultra\";\n    } else if (typeCoef >= 500 && typeCoef <= 1500) {\n        return \"mega\";\n    }\n}\nif (res.context.hasOwnProperty('win')) {\n    const gameTypeWin = res.context.win.type;\n    console.log((gameTypeWin) + '  - gameTypeWin');\n\n    expect(gameTypeWin).to.eql(typeofwin());\n    // console.log(\"Type of win is correct\");\n    logger.info(\"Type of win is correct\");\n} else {\n    console.log(\"spin without wining\");\n}",
              "err": {},
              "uuid": "0e06739e-8753-4986-973b-72fd84b1780a",
              "parentUUID": "3c6b1ecd-fc05-4bad-bdb1-8efc7291e002",
              "isHook": false,
              "skipped": false
            }
          ],
          "suites": [],
          "passes": [
            "0e06739e-8753-4986-973b-72fd84b1780a"
          ],
          "failures": [],
          "pending": [],
          "skipped": [],
          "duration": 1032,
          "root": false,
          "rootEmpty": false,
          "_timeout": 30000
        },
        {
          "uuid": "84e01f97-e89b-4ed3-9a90-fae56a44ef99",
          "title": "Test type of win",
          "fullFile": "/Users/marinaratova/Desktop/JS/mocha-chai-test-project/test/TypeOfWin5Lines.js",
          "file": "/test/TypeOfWin5Lines.js",
          "beforeHooks": [],
          "afterHooks": [],
          "tests": [
            {
              "title": "spintype of win is tru",
              "fullTitle": "Test type of win spintype of win is tru",
              "timedOut": false,
              "duration": 808,
              "state": "passed",
              "speed": "slow",
              "pass": true,
              "fail": false,
              "pending": false,
              "context": null,
              "code": "const responce = await spin(urlSpin, token, id, elbet, lines);\nlet { res } = responce;\nconsole.log(res);\n\nfunction typeofwin() {\n    const totalWin = res.context.win.total;\n    const matrix = res.context.matrix;\n    console.log(matrix);\n    const bet = betLines(res);\n    const typeCoef = totalWin / bet;\n    console.log((typeCoef) + \" - typeCoef\");\n    if (typeCoef < 10) {\n        return \"regular\";\n    } else if (typeCoef >= 10 && typeCoef < 100) {\n        return \"big\";\n    } else if (typeCoef >= 100 && typeCoef < 500) {\n        return \"ultra\";\n    } else if (typeCoef >= 500 && typeCoef <= 1500) {\n        return \"mega\";\n    }\n}\nif (res.context.hasOwnProperty('win')) {\n    const gameTypeWin = res.context.win.type;\n    console.log((gameTypeWin) + '  - gameTypeWin');\n\n    expect(gameTypeWin).to.eql(typeofwin());\n    // console.log(\"Type of win is correct\");\n    logger.info(\"Type of win is correct\");\n} else {\n    console.log(\"spin without wining\");\n}",
              "err": {},
              "uuid": "adc2c347-b285-4225-acb0-98290dea0683",
              "parentUUID": "84e01f97-e89b-4ed3-9a90-fae56a44ef99",
              "isHook": false,
              "skipped": false
            }
          ],
          "suites": [],
          "passes": [
            "adc2c347-b285-4225-acb0-98290dea0683"
          ],
          "failures": [],
          "pending": [],
          "skipped": [],
          "duration": 808,
          "root": false,
          "rootEmpty": false,
          "_timeout": 30000
        },
        {
          "uuid": "082f3441-4b6a-403a-a44c-7e84e8eef80d",
          "title": "Test type of win",
          "fullFile": "/Users/marinaratova/Desktop/JS/mocha-chai-test-project/test/TypeOfWin5Lines.js",
          "file": "/test/TypeOfWin5Lines.js",
          "beforeHooks": [],
          "afterHooks": [],
          "tests": [
            {
              "title": "spintype of win is tru",
              "fullTitle": "Test type of win spintype of win is tru",
              "timedOut": false,
              "duration": 822,
              "state": "passed",
              "speed": "slow",
              "pass": true,
              "fail": false,
              "pending": false,
              "context": null,
              "code": "const responce = await spin(urlSpin, token, id, elbet, lines);\nlet { res } = responce;\nconsole.log(res);\n\nfunction typeofwin() {\n    const totalWin = res.context.win.total;\n    const matrix = res.context.matrix;\n    console.log(matrix);\n    const bet = betLines(res);\n    const typeCoef = totalWin / bet;\n    console.log((typeCoef) + \" - typeCoef\");\n    if (typeCoef < 10) {\n        return \"regular\";\n    } else if (typeCoef >= 10 && typeCoef < 100) {\n        return \"big\";\n    } else if (typeCoef >= 100 && typeCoef < 500) {\n        return \"ultra\";\n    } else if (typeCoef >= 500 && typeCoef <= 1500) {\n        return \"mega\";\n    }\n}\nif (res.context.hasOwnProperty('win')) {\n    const gameTypeWin = res.context.win.type;\n    console.log((gameTypeWin) + '  - gameTypeWin');\n\n    expect(gameTypeWin).to.eql(typeofwin());\n    // console.log(\"Type of win is correct\");\n    logger.info(\"Type of win is correct\");\n} else {\n    console.log(\"spin without wining\");\n}",
              "err": {},
              "uuid": "c0624f98-71bd-4f56-a267-c65af9d77153",
              "parentUUID": "082f3441-4b6a-403a-a44c-7e84e8eef80d",
              "isHook": false,
              "skipped": false
            }
          ],
          "suites": [],
          "passes": [
            "c0624f98-71bd-4f56-a267-c65af9d77153"
          ],
          "failures": [],
          "pending": [],
          "skipped": [],
          "duration": 822,
          "root": false,
          "rootEmpty": false,
          "_timeout": 30000
        },
        {
          "uuid": "d76ad2ff-17b6-457b-bd4c-34ac2069e807",
          "title": "Test type of win",
          "fullFile": "/Users/marinaratova/Desktop/JS/mocha-chai-test-project/test/TypeOfWin5Lines.js",
          "file": "/test/TypeOfWin5Lines.js",
          "beforeHooks": [],
          "afterHooks": [],
          "tests": [
            {
              "title": "spintype of win is tru",
              "fullTitle": "Test type of win spintype of win is tru",
              "timedOut": false,
              "duration": 715,
              "state": "passed",
              "speed": "slow",
              "pass": true,
              "fail": false,
              "pending": false,
              "context": null,
              "code": "const responce = await spin(urlSpin, token, id, elbet, lines);\nlet { res } = responce;\nconsole.log(res);\n\nfunction typeofwin() {\n    const totalWin = res.context.win.total;\n    const matrix = res.context.matrix;\n    console.log(matrix);\n    const bet = betLines(res);\n    const typeCoef = totalWin / bet;\n    console.log((typeCoef) + \" - typeCoef\");\n    if (typeCoef < 10) {\n        return \"regular\";\n    } else if (typeCoef >= 10 && typeCoef < 100) {\n        return \"big\";\n    } else if (typeCoef >= 100 && typeCoef < 500) {\n        return \"ultra\";\n    } else if (typeCoef >= 500 && typeCoef <= 1500) {\n        return \"mega\";\n    }\n}\nif (res.context.hasOwnProperty('win')) {\n    const gameTypeWin = res.context.win.type;\n    console.log((gameTypeWin) + '  - gameTypeWin');\n\n    expect(gameTypeWin).to.eql(typeofwin());\n    // console.log(\"Type of win is correct\");\n    logger.info(\"Type of win is correct\");\n} else {\n    console.log(\"spin without wining\");\n}",
              "err": {},
              "uuid": "10b075b7-6c83-4caf-a41c-40309e0cf738",
              "parentUUID": "d76ad2ff-17b6-457b-bd4c-34ac2069e807",
              "isHook": false,
              "skipped": false
            }
          ],
          "suites": [],
          "passes": [
            "10b075b7-6c83-4caf-a41c-40309e0cf738"
          ],
          "failures": [],
          "pending": [],
          "skipped": [],
          "duration": 715,
          "root": false,
          "rootEmpty": false,
          "_timeout": 30000
        },
        {
          "uuid": "c2fda0c1-fd99-41bb-98b0-2c221c5c100e",
          "title": "Test type of win",
          "fullFile": "/Users/marinaratova/Desktop/JS/mocha-chai-test-project/test/TypeOfWin5Lines.js",
          "file": "/test/TypeOfWin5Lines.js",
          "beforeHooks": [],
          "afterHooks": [],
          "tests": [
            {
              "title": "spintype of win is tru",
              "fullTitle": "Test type of win spintype of win is tru",
              "timedOut": false,
              "duration": 817,
              "state": "passed",
              "speed": "slow",
              "pass": true,
              "fail": false,
              "pending": false,
              "context": null,
              "code": "const responce = await spin(urlSpin, token, id, elbet, lines);\nlet { res } = responce;\nconsole.log(res);\n\nfunction typeofwin() {\n    const totalWin = res.context.win.total;\n    const matrix = res.context.matrix;\n    console.log(matrix);\n    const bet = betLines(res);\n    const typeCoef = totalWin / bet;\n    console.log((typeCoef) + \" - typeCoef\");\n    if (typeCoef < 10) {\n        return \"regular\";\n    } else if (typeCoef >= 10 && typeCoef < 100) {\n        return \"big\";\n    } else if (typeCoef >= 100 && typeCoef < 500) {\n        return \"ultra\";\n    } else if (typeCoef >= 500 && typeCoef <= 1500) {\n        return \"mega\";\n    }\n}\nif (res.context.hasOwnProperty('win')) {\n    const gameTypeWin = res.context.win.type;\n    console.log((gameTypeWin) + '  - gameTypeWin');\n\n    expect(gameTypeWin).to.eql(typeofwin());\n    // console.log(\"Type of win is correct\");\n    logger.info(\"Type of win is correct\");\n} else {\n    console.log(\"spin without wining\");\n}",
              "err": {},
              "uuid": "f1a0cb32-9b2d-4838-89c9-b2a83447fa05",
              "parentUUID": "c2fda0c1-fd99-41bb-98b0-2c221c5c100e",
              "isHook": false,
              "skipped": false
            }
          ],
          "suites": [],
          "passes": [
            "f1a0cb32-9b2d-4838-89c9-b2a83447fa05"
          ],
          "failures": [],
          "pending": [],
          "skipped": [],
          "duration": 817,
          "root": false,
          "rootEmpty": false,
          "_timeout": 30000
        },
        {
          "uuid": "6ce36fa6-356a-45bf-bdd1-190d341fa6a7",
          "title": "Test type of win",
          "fullFile": "/Users/marinaratova/Desktop/JS/mocha-chai-test-project/test/TypeOfWin5Lines.js",
          "file": "/test/TypeOfWin5Lines.js",
          "beforeHooks": [],
          "afterHooks": [],
          "tests": [
            {
              "title": "spintype of win is tru",
              "fullTitle": "Test type of win spintype of win is tru",
              "timedOut": false,
              "duration": 818,
              "state": "passed",
              "speed": "slow",
              "pass": true,
              "fail": false,
              "pending": false,
              "context": null,
              "code": "const responce = await spin(urlSpin, token, id, elbet, lines);\nlet { res } = responce;\nconsole.log(res);\n\nfunction typeofwin() {\n    const totalWin = res.context.win.total;\n    const matrix = res.context.matrix;\n    console.log(matrix);\n    const bet = betLines(res);\n    const typeCoef = totalWin / bet;\n    console.log((typeCoef) + \" - typeCoef\");\n    if (typeCoef < 10) {\n        return \"regular\";\n    } else if (typeCoef >= 10 && typeCoef < 100) {\n        return \"big\";\n    } else if (typeCoef >= 100 && typeCoef < 500) {\n        return \"ultra\";\n    } else if (typeCoef >= 500 && typeCoef <= 1500) {\n        return \"mega\";\n    }\n}\nif (res.context.hasOwnProperty('win')) {\n    const gameTypeWin = res.context.win.type;\n    console.log((gameTypeWin) + '  - gameTypeWin');\n\n    expect(gameTypeWin).to.eql(typeofwin());\n    // console.log(\"Type of win is correct\");\n    logger.info(\"Type of win is correct\");\n} else {\n    console.log(\"spin without wining\");\n}",
              "err": {},
              "uuid": "9cf40717-d198-43b4-bc34-7e0291d9d020",
              "parentUUID": "6ce36fa6-356a-45bf-bdd1-190d341fa6a7",
              "isHook": false,
              "skipped": false
            }
          ],
          "suites": [],
          "passes": [
            "9cf40717-d198-43b4-bc34-7e0291d9d020"
          ],
          "failures": [],
          "pending": [],
          "skipped": [],
          "duration": 818,
          "root": false,
          "rootEmpty": false,
          "_timeout": 30000
        },
        {
          "uuid": "d4b93829-f883-49ed-a732-a4ecd306e4f5",
          "title": "Test type of win",
          "fullFile": "/Users/marinaratova/Desktop/JS/mocha-chai-test-project/test/TypeOfWin5Lines.js",
          "file": "/test/TypeOfWin5Lines.js",
          "beforeHooks": [],
          "afterHooks": [],
          "tests": [
            {
              "title": "spintype of win is tru",
              "fullTitle": "Test type of win spintype of win is tru",
              "timedOut": false,
              "duration": 818,
              "state": "passed",
              "speed": "slow",
              "pass": true,
              "fail": false,
              "pending": false,
              "context": null,
              "code": "const responce = await spin(urlSpin, token, id, elbet, lines);\nlet { res } = responce;\nconsole.log(res);\n\nfunction typeofwin() {\n    const totalWin = res.context.win.total;\n    const matrix = res.context.matrix;\n    console.log(matrix);\n    const bet = betLines(res);\n    const typeCoef = totalWin / bet;\n    console.log((typeCoef) + \" - typeCoef\");\n    if (typeCoef < 10) {\n        return \"regular\";\n    } else if (typeCoef >= 10 && typeCoef < 100) {\n        return \"big\";\n    } else if (typeCoef >= 100 && typeCoef < 500) {\n        return \"ultra\";\n    } else if (typeCoef >= 500 && typeCoef <= 1500) {\n        return \"mega\";\n    }\n}\nif (res.context.hasOwnProperty('win')) {\n    const gameTypeWin = res.context.win.type;\n    console.log((gameTypeWin) + '  - gameTypeWin');\n\n    expect(gameTypeWin).to.eql(typeofwin());\n    // console.log(\"Type of win is correct\");\n    logger.info(\"Type of win is correct\");\n} else {\n    console.log(\"spin without wining\");\n}",
              "err": {},
              "uuid": "218523cd-8ccb-48a2-b355-8d7a2f73c9b9",
              "parentUUID": "d4b93829-f883-49ed-a732-a4ecd306e4f5",
              "isHook": false,
              "skipped": false
            }
          ],
          "suites": [],
          "passes": [
            "218523cd-8ccb-48a2-b355-8d7a2f73c9b9"
          ],
          "failures": [],
          "pending": [],
          "skipped": [],
          "duration": 818,
          "root": false,
          "rootEmpty": false,
          "_timeout": 30000
        },
        {
          "uuid": "d566e75b-c4f5-4cb1-bf0b-ec412418fce2",
          "title": "Test type of win",
          "fullFile": "/Users/marinaratova/Desktop/JS/mocha-chai-test-project/test/TypeOfWin5Lines.js",
          "file": "/test/TypeOfWin5Lines.js",
          "beforeHooks": [],
          "afterHooks": [],
          "tests": [
            {
              "title": "spintype of win is tru",
              "fullTitle": "Test type of win spintype of win is tru",
              "timedOut": false,
              "duration": 850,
              "state": "passed",
              "speed": "slow",
              "pass": true,
              "fail": false,
              "pending": false,
              "context": null,
              "code": "const responce = await spin(urlSpin, token, id, elbet, lines);\nlet { res } = responce;\nconsole.log(res);\n\nfunction typeofwin() {\n    const totalWin = res.context.win.total;\n    const matrix = res.context.matrix;\n    console.log(matrix);\n    const bet = betLines(res);\n    const typeCoef = totalWin / bet;\n    console.log((typeCoef) + \" - typeCoef\");\n    if (typeCoef < 10) {\n        return \"regular\";\n    } else if (typeCoef >= 10 && typeCoef < 100) {\n        return \"big\";\n    } else if (typeCoef >= 100 && typeCoef < 500) {\n        return \"ultra\";\n    } else if (typeCoef >= 500 && typeCoef <= 1500) {\n        return \"mega\";\n    }\n}\nif (res.context.hasOwnProperty('win')) {\n    const gameTypeWin = res.context.win.type;\n    console.log((gameTypeWin) + '  - gameTypeWin');\n\n    expect(gameTypeWin).to.eql(typeofwin());\n    // console.log(\"Type of win is correct\");\n    logger.info(\"Type of win is correct\");\n} else {\n    console.log(\"spin without wining\");\n}",
              "err": {},
              "uuid": "064dafc4-ff87-4faf-b4f0-f8976ac723f6",
              "parentUUID": "d566e75b-c4f5-4cb1-bf0b-ec412418fce2",
              "isHook": false,
              "skipped": false
            }
          ],
          "suites": [],
          "passes": [
            "064dafc4-ff87-4faf-b4f0-f8976ac723f6"
          ],
          "failures": [],
          "pending": [],
          "skipped": [],
          "duration": 850,
          "root": false,
          "rootEmpty": false,
          "_timeout": 30000
        },
        {
          "uuid": "27be2326-fefb-4953-880d-5d7e6440cab8",
          "title": "Test type of win",
          "fullFile": "/Users/marinaratova/Desktop/JS/mocha-chai-test-project/test/TypeOfWin5Lines.js",
          "file": "/test/TypeOfWin5Lines.js",
          "beforeHooks": [],
          "afterHooks": [],
          "tests": [
            {
              "title": "spintype of win is tru",
              "fullTitle": "Test type of win spintype of win is tru",
              "timedOut": false,
              "duration": 787,
              "state": "passed",
              "speed": "slow",
              "pass": true,
              "fail": false,
              "pending": false,
              "context": null,
              "code": "const responce = await spin(urlSpin, token, id, elbet, lines);\nlet { res } = responce;\nconsole.log(res);\n\nfunction typeofwin() {\n    const totalWin = res.context.win.total;\n    const matrix = res.context.matrix;\n    console.log(matrix);\n    const bet = betLines(res);\n    const typeCoef = totalWin / bet;\n    console.log((typeCoef) + \" - typeCoef\");\n    if (typeCoef < 10) {\n        return \"regular\";\n    } else if (typeCoef >= 10 && typeCoef < 100) {\n        return \"big\";\n    } else if (typeCoef >= 100 && typeCoef < 500) {\n        return \"ultra\";\n    } else if (typeCoef >= 500 && typeCoef <= 1500) {\n        return \"mega\";\n    }\n}\nif (res.context.hasOwnProperty('win')) {\n    const gameTypeWin = res.context.win.type;\n    console.log((gameTypeWin) + '  - gameTypeWin');\n\n    expect(gameTypeWin).to.eql(typeofwin());\n    // console.log(\"Type of win is correct\");\n    logger.info(\"Type of win is correct\");\n} else {\n    console.log(\"spin without wining\");\n}",
              "err": {},
              "uuid": "cccffe9c-6649-43b7-bd63-4822a8bd26a4",
              "parentUUID": "27be2326-fefb-4953-880d-5d7e6440cab8",
              "isHook": false,
              "skipped": false
            }
          ],
          "suites": [],
          "passes": [
            "cccffe9c-6649-43b7-bd63-4822a8bd26a4"
          ],
          "failures": [],
          "pending": [],
          "skipped": [],
          "duration": 787,
          "root": false,
          "rootEmpty": false,
          "_timeout": 30000
        },
        {
          "uuid": "cc29e47d-4d3c-48f7-b1ef-35b2fa12a92e",
          "title": "Test type of win",
          "fullFile": "/Users/marinaratova/Desktop/JS/mocha-chai-test-project/test/TypeOfWin5Lines.js",
          "file": "/test/TypeOfWin5Lines.js",
          "beforeHooks": [],
          "afterHooks": [],
          "tests": [
            {
              "title": "spintype of win is tru",
              "fullTitle": "Test type of win spintype of win is tru",
              "timedOut": false,
              "duration": 920,
              "state": "passed",
              "speed": "slow",
              "pass": true,
              "fail": false,
              "pending": false,
              "context": null,
              "code": "const responce = await spin(urlSpin, token, id, elbet, lines);\nlet { res } = responce;\nconsole.log(res);\n\nfunction typeofwin() {\n    const totalWin = res.context.win.total;\n    const matrix = res.context.matrix;\n    console.log(matrix);\n    const bet = betLines(res);\n    const typeCoef = totalWin / bet;\n    console.log((typeCoef) + \" - typeCoef\");\n    if (typeCoef < 10) {\n        return \"regular\";\n    } else if (typeCoef >= 10 && typeCoef < 100) {\n        return \"big\";\n    } else if (typeCoef >= 100 && typeCoef < 500) {\n        return \"ultra\";\n    } else if (typeCoef >= 500 && typeCoef <= 1500) {\n        return \"mega\";\n    }\n}\nif (res.context.hasOwnProperty('win')) {\n    const gameTypeWin = res.context.win.type;\n    console.log((gameTypeWin) + '  - gameTypeWin');\n\n    expect(gameTypeWin).to.eql(typeofwin());\n    // console.log(\"Type of win is correct\");\n    logger.info(\"Type of win is correct\");\n} else {\n    console.log(\"spin without wining\");\n}",
              "err": {},
              "uuid": "811c3bd9-03c3-44ff-8d9c-6532fa2b10f0",
              "parentUUID": "cc29e47d-4d3c-48f7-b1ef-35b2fa12a92e",
              "isHook": false,
              "skipped": false
            }
          ],
          "suites": [],
          "passes": [
            "811c3bd9-03c3-44ff-8d9c-6532fa2b10f0"
          ],
          "failures": [],
          "pending": [],
          "skipped": [],
          "duration": 920,
          "root": false,
          "rootEmpty": false,
          "_timeout": 30000
        },
        {
          "uuid": "1d8d71bd-3926-4557-96bd-8ef9233731af",
          "title": "Test type of win",
          "fullFile": "/Users/marinaratova/Desktop/JS/mocha-chai-test-project/test/TypeOfWin5Lines.js",
          "file": "/test/TypeOfWin5Lines.js",
          "beforeHooks": [],
          "afterHooks": [],
          "tests": [
            {
              "title": "spintype of win is tru",
              "fullTitle": "Test type of win spintype of win is tru",
              "timedOut": false,
              "duration": 926,
              "state": "passed",
              "speed": "slow",
              "pass": true,
              "fail": false,
              "pending": false,
              "context": null,
              "code": "const responce = await spin(urlSpin, token, id, elbet, lines);\nlet { res } = responce;\nconsole.log(res);\n\nfunction typeofwin() {\n    const totalWin = res.context.win.total;\n    const matrix = res.context.matrix;\n    console.log(matrix);\n    const bet = betLines(res);\n    const typeCoef = totalWin / bet;\n    console.log((typeCoef) + \" - typeCoef\");\n    if (typeCoef < 10) {\n        return \"regular\";\n    } else if (typeCoef >= 10 && typeCoef < 100) {\n        return \"big\";\n    } else if (typeCoef >= 100 && typeCoef < 500) {\n        return \"ultra\";\n    } else if (typeCoef >= 500 && typeCoef <= 1500) {\n        return \"mega\";\n    }\n}\nif (res.context.hasOwnProperty('win')) {\n    const gameTypeWin = res.context.win.type;\n    console.log((gameTypeWin) + '  - gameTypeWin');\n\n    expect(gameTypeWin).to.eql(typeofwin());\n    // console.log(\"Type of win is correct\");\n    logger.info(\"Type of win is correct\");\n} else {\n    console.log(\"spin without wining\");\n}",
              "err": {},
              "uuid": "85177b4e-6258-4892-983a-d031a060b194",
              "parentUUID": "1d8d71bd-3926-4557-96bd-8ef9233731af",
              "isHook": false,
              "skipped": false
            }
          ],
          "suites": [],
          "passes": [
            "85177b4e-6258-4892-983a-d031a060b194"
          ],
          "failures": [],
          "pending": [],
          "skipped": [],
          "duration": 926,
          "root": false,
          "rootEmpty": false,
          "_timeout": 30000
        },
        {
          "uuid": "b77183e5-e849-490e-8421-9a0cd03de6b3",
          "title": "Test type of win",
          "fullFile": "/Users/marinaratova/Desktop/JS/mocha-chai-test-project/test/TypeOfWin5Lines.js",
          "file": "/test/TypeOfWin5Lines.js",
          "beforeHooks": [],
          "afterHooks": [],
          "tests": [
            {
              "title": "spintype of win is tru",
              "fullTitle": "Test type of win spintype of win is tru",
              "timedOut": false,
              "duration": 809,
              "state": "passed",
              "speed": "slow",
              "pass": true,
              "fail": false,
              "pending": false,
              "context": null,
              "code": "const responce = await spin(urlSpin, token, id, elbet, lines);\nlet { res } = responce;\nconsole.log(res);\n\nfunction typeofwin() {\n    const totalWin = res.context.win.total;\n    const matrix = res.context.matrix;\n    console.log(matrix);\n    const bet = betLines(res);\n    const typeCoef = totalWin / bet;\n    console.log((typeCoef) + \" - typeCoef\");\n    if (typeCoef < 10) {\n        return \"regular\";\n    } else if (typeCoef >= 10 && typeCoef < 100) {\n        return \"big\";\n    } else if (typeCoef >= 100 && typeCoef < 500) {\n        return \"ultra\";\n    } else if (typeCoef >= 500 && typeCoef <= 1500) {\n        return \"mega\";\n    }\n}\nif (res.context.hasOwnProperty('win')) {\n    const gameTypeWin = res.context.win.type;\n    console.log((gameTypeWin) + '  - gameTypeWin');\n\n    expect(gameTypeWin).to.eql(typeofwin());\n    // console.log(\"Type of win is correct\");\n    logger.info(\"Type of win is correct\");\n} else {\n    console.log(\"spin without wining\");\n}",
              "err": {},
              "uuid": "71e16e19-e8df-40aa-8f47-9fbe8e6d7a6f",
              "parentUUID": "b77183e5-e849-490e-8421-9a0cd03de6b3",
              "isHook": false,
              "skipped": false
            }
          ],
          "suites": [],
          "passes": [
            "71e16e19-e8df-40aa-8f47-9fbe8e6d7a6f"
          ],
          "failures": [],
          "pending": [],
          "skipped": [],
          "duration": 809,
          "root": false,
          "rootEmpty": false,
          "_timeout": 30000
        },
        {
          "uuid": "32ff7d37-b5b1-4c11-ad76-36f3cf3b6604",
          "title": "Test type of win",
          "fullFile": "/Users/marinaratova/Desktop/JS/mocha-chai-test-project/test/TypeOfWin5Lines.js",
          "file": "/test/TypeOfWin5Lines.js",
          "beforeHooks": [],
          "afterHooks": [],
          "tests": [
            {
              "title": "spintype of win is tru",
              "fullTitle": "Test type of win spintype of win is tru",
              "timedOut": false,
              "duration": 819,
              "state": "passed",
              "speed": "slow",
              "pass": true,
              "fail": false,
              "pending": false,
              "context": null,
              "code": "const responce = await spin(urlSpin, token, id, elbet, lines);\nlet { res } = responce;\nconsole.log(res);\n\nfunction typeofwin() {\n    const totalWin = res.context.win.total;\n    const matrix = res.context.matrix;\n    console.log(matrix);\n    const bet = betLines(res);\n    const typeCoef = totalWin / bet;\n    console.log((typeCoef) + \" - typeCoef\");\n    if (typeCoef < 10) {\n        return \"regular\";\n    } else if (typeCoef >= 10 && typeCoef < 100) {\n        return \"big\";\n    } else if (typeCoef >= 100 && typeCoef < 500) {\n        return \"ultra\";\n    } else if (typeCoef >= 500 && typeCoef <= 1500) {\n        return \"mega\";\n    }\n}\nif (res.context.hasOwnProperty('win')) {\n    const gameTypeWin = res.context.win.type;\n    console.log((gameTypeWin) + '  - gameTypeWin');\n\n    expect(gameTypeWin).to.eql(typeofwin());\n    // console.log(\"Type of win is correct\");\n    logger.info(\"Type of win is correct\");\n} else {\n    console.log(\"spin without wining\");\n}",
              "err": {},
              "uuid": "d961f452-55d5-463e-b926-fdc562e55de6",
              "parentUUID": "32ff7d37-b5b1-4c11-ad76-36f3cf3b6604",
              "isHook": false,
              "skipped": false
            }
          ],
          "suites": [],
          "passes": [
            "d961f452-55d5-463e-b926-fdc562e55de6"
          ],
          "failures": [],
          "pending": [],
          "skipped": [],
          "duration": 819,
          "root": false,
          "rootEmpty": false,
          "_timeout": 30000
        },
        {
          "uuid": "e2747452-990b-4720-80c4-f8479d760cca",
          "title": "Test type of win",
          "fullFile": "/Users/marinaratova/Desktop/JS/mocha-chai-test-project/test/TypeOfWin5Lines.js",
          "file": "/test/TypeOfWin5Lines.js",
          "beforeHooks": [],
          "afterHooks": [],
          "tests": [
            {
              "title": "spintype of win is tru",
              "fullTitle": "Test type of win spintype of win is tru",
              "timedOut": false,
              "duration": 921,
              "state": "passed",
              "speed": "slow",
              "pass": true,
              "fail": false,
              "pending": false,
              "context": null,
              "code": "const responce = await spin(urlSpin, token, id, elbet, lines);\nlet { res } = responce;\nconsole.log(res);\n\nfunction typeofwin() {\n    const totalWin = res.context.win.total;\n    const matrix = res.context.matrix;\n    console.log(matrix);\n    const bet = betLines(res);\n    const typeCoef = totalWin / bet;\n    console.log((typeCoef) + \" - typeCoef\");\n    if (typeCoef < 10) {\n        return \"regular\";\n    } else if (typeCoef >= 10 && typeCoef < 100) {\n        return \"big\";\n    } else if (typeCoef >= 100 && typeCoef < 500) {\n        return \"ultra\";\n    } else if (typeCoef >= 500 && typeCoef <= 1500) {\n        return \"mega\";\n    }\n}\nif (res.context.hasOwnProperty('win')) {\n    const gameTypeWin = res.context.win.type;\n    console.log((gameTypeWin) + '  - gameTypeWin');\n\n    expect(gameTypeWin).to.eql(typeofwin());\n    // console.log(\"Type of win is correct\");\n    logger.info(\"Type of win is correct\");\n} else {\n    console.log(\"spin without wining\");\n}",
              "err": {},
              "uuid": "685f11e4-d247-4c9a-b370-f28eea501d3c",
              "parentUUID": "e2747452-990b-4720-80c4-f8479d760cca",
              "isHook": false,
              "skipped": false
            }
          ],
          "suites": [],
          "passes": [
            "685f11e4-d247-4c9a-b370-f28eea501d3c"
          ],
          "failures": [],
          "pending": [],
          "skipped": [],
          "duration": 921,
          "root": false,
          "rootEmpty": false,
          "_timeout": 30000
        },
        {
          "uuid": "05a52ad4-46d9-496d-ba17-98f8e46e3f02",
          "title": "Test type of win",
          "fullFile": "/Users/marinaratova/Desktop/JS/mocha-chai-test-project/test/TypeOfWin5Lines.js",
          "file": "/test/TypeOfWin5Lines.js",
          "beforeHooks": [],
          "afterHooks": [],
          "tests": [
            {
              "title": "spintype of win is tru",
              "fullTitle": "Test type of win spintype of win is tru",
              "timedOut": false,
              "duration": 818,
              "state": "passed",
              "speed": "slow",
              "pass": true,
              "fail": false,
              "pending": false,
              "context": null,
              "code": "const responce = await spin(urlSpin, token, id, elbet, lines);\nlet { res } = responce;\nconsole.log(res);\n\nfunction typeofwin() {\n    const totalWin = res.context.win.total;\n    const matrix = res.context.matrix;\n    console.log(matrix);\n    const bet = betLines(res);\n    const typeCoef = totalWin / bet;\n    console.log((typeCoef) + \" - typeCoef\");\n    if (typeCoef < 10) {\n        return \"regular\";\n    } else if (typeCoef >= 10 && typeCoef < 100) {\n        return \"big\";\n    } else if (typeCoef >= 100 && typeCoef < 500) {\n        return \"ultra\";\n    } else if (typeCoef >= 500 && typeCoef <= 1500) {\n        return \"mega\";\n    }\n}\nif (res.context.hasOwnProperty('win')) {\n    const gameTypeWin = res.context.win.type;\n    console.log((gameTypeWin) + '  - gameTypeWin');\n\n    expect(gameTypeWin).to.eql(typeofwin());\n    // console.log(\"Type of win is correct\");\n    logger.info(\"Type of win is correct\");\n} else {\n    console.log(\"spin without wining\");\n}",
              "err": {},
              "uuid": "8de2297f-d171-4572-9b22-7278e7b963ac",
              "parentUUID": "05a52ad4-46d9-496d-ba17-98f8e46e3f02",
              "isHook": false,
              "skipped": false
            }
          ],
          "suites": [],
          "passes": [
            "8de2297f-d171-4572-9b22-7278e7b963ac"
          ],
          "failures": [],
          "pending": [],
          "skipped": [],
          "duration": 818,
          "root": false,
          "rootEmpty": false,
          "_timeout": 30000
        },
        {
          "uuid": "16227c2f-3394-4f82-bef4-576f1de9181d",
          "title": "Test type of win",
          "fullFile": "/Users/marinaratova/Desktop/JS/mocha-chai-test-project/test/TypeOfWin5Lines.js",
          "file": "/test/TypeOfWin5Lines.js",
          "beforeHooks": [],
          "afterHooks": [],
          "tests": [
            {
              "title": "spintype of win is tru",
              "fullTitle": "Test type of win spintype of win is tru",
              "timedOut": false,
              "duration": 716,
              "state": "passed",
              "speed": "slow",
              "pass": true,
              "fail": false,
              "pending": false,
              "context": null,
              "code": "const responce = await spin(urlSpin, token, id, elbet, lines);\nlet { res } = responce;\nconsole.log(res);\n\nfunction typeofwin() {\n    const totalWin = res.context.win.total;\n    const matrix = res.context.matrix;\n    console.log(matrix);\n    const bet = betLines(res);\n    const typeCoef = totalWin / bet;\n    console.log((typeCoef) + \" - typeCoef\");\n    if (typeCoef < 10) {\n        return \"regular\";\n    } else if (typeCoef >= 10 && typeCoef < 100) {\n        return \"big\";\n    } else if (typeCoef >= 100 && typeCoef < 500) {\n        return \"ultra\";\n    } else if (typeCoef >= 500 && typeCoef <= 1500) {\n        return \"mega\";\n    }\n}\nif (res.context.hasOwnProperty('win')) {\n    const gameTypeWin = res.context.win.type;\n    console.log((gameTypeWin) + '  - gameTypeWin');\n\n    expect(gameTypeWin).to.eql(typeofwin());\n    // console.log(\"Type of win is correct\");\n    logger.info(\"Type of win is correct\");\n} else {\n    console.log(\"spin without wining\");\n}",
              "err": {},
              "uuid": "1f29325d-dccc-403d-a791-cfb7f4a46969",
              "parentUUID": "16227c2f-3394-4f82-bef4-576f1de9181d",
              "isHook": false,
              "skipped": false
            }
          ],
          "suites": [],
          "passes": [
            "1f29325d-dccc-403d-a791-cfb7f4a46969"
          ],
          "failures": [],
          "pending": [],
          "skipped": [],
          "duration": 716,
          "root": false,
          "rootEmpty": false,
          "_timeout": 30000
        },
        {
          "uuid": "b3c3c2e4-c72b-460e-bf57-4ab6dea8d23b",
          "title": "Test type of win",
          "fullFile": "/Users/marinaratova/Desktop/JS/mocha-chai-test-project/test/TypeOfWin5Lines.js",
          "file": "/test/TypeOfWin5Lines.js",
          "beforeHooks": [],
          "afterHooks": [],
          "tests": [
            {
              "title": "spintype of win is tru",
              "fullTitle": "Test type of win spintype of win is tru",
              "timedOut": false,
              "duration": 715,
              "state": "passed",
              "speed": "slow",
              "pass": true,
              "fail": false,
              "pending": false,
              "context": null,
              "code": "const responce = await spin(urlSpin, token, id, elbet, lines);\nlet { res } = responce;\nconsole.log(res);\n\nfunction typeofwin() {\n    const totalWin = res.context.win.total;\n    const matrix = res.context.matrix;\n    console.log(matrix);\n    const bet = betLines(res);\n    const typeCoef = totalWin / bet;\n    console.log((typeCoef) + \" - typeCoef\");\n    if (typeCoef < 10) {\n        return \"regular\";\n    } else if (typeCoef >= 10 && typeCoef < 100) {\n        return \"big\";\n    } else if (typeCoef >= 100 && typeCoef < 500) {\n        return \"ultra\";\n    } else if (typeCoef >= 500 && typeCoef <= 1500) {\n        return \"mega\";\n    }\n}\nif (res.context.hasOwnProperty('win')) {\n    const gameTypeWin = res.context.win.type;\n    console.log((gameTypeWin) + '  - gameTypeWin');\n\n    expect(gameTypeWin).to.eql(typeofwin());\n    // console.log(\"Type of win is correct\");\n    logger.info(\"Type of win is correct\");\n} else {\n    console.log(\"spin without wining\");\n}",
              "err": {},
              "uuid": "b1626bf6-e0c3-4036-9323-6d2dff087cb1",
              "parentUUID": "b3c3c2e4-c72b-460e-bf57-4ab6dea8d23b",
              "isHook": false,
              "skipped": false
            }
          ],
          "suites": [],
          "passes": [
            "b1626bf6-e0c3-4036-9323-6d2dff087cb1"
          ],
          "failures": [],
          "pending": [],
          "skipped": [],
          "duration": 715,
          "root": false,
          "rootEmpty": false,
          "_timeout": 30000
        },
        {
          "uuid": "d219a0b0-cd74-423f-8553-123b2520bb00",
          "title": "Test type of win",
          "fullFile": "/Users/marinaratova/Desktop/JS/mocha-chai-test-project/test/TypeOfWin5Lines.js",
          "file": "/test/TypeOfWin5Lines.js",
          "beforeHooks": [],
          "afterHooks": [],
          "tests": [
            {
              "title": "spintype of win is tru",
              "fullTitle": "Test type of win spintype of win is tru",
              "timedOut": false,
              "duration": 817,
              "state": "passed",
              "speed": "slow",
              "pass": true,
              "fail": false,
              "pending": false,
              "context": null,
[...]
              "err": {},
              "uuid": "771994b2-0ab5-4627-abcd-c61036fb5ddb",
              "parentUUID": "43d8a208-a6d4-49a3-991d-da8a08b6ad29",
              "isHook": false,
              "skipped": false
            }
          ],
          "suites": [],
          "passes": [
            "771994b2-0ab5-4627-abcd-c61036fb5ddb"
          ],
          "failures": [],
          "pending": [],
          "skipped": [],
          "duration": 746,
          "root": false,
          "rootEmpty": false,
          "_timeout": 30000
        },
        {
          "uuid": "130a9fa5-a225-495a-b540-3e5d3312f262",
          "title": "Test type of win",
          "fullFile": "/Users/marinaratova/Desktop/JS/mocha-chai-test-project/test/TypeOfWin5Lines.js",
          "file": "/test/TypeOfWin5Lines.js",
          "beforeHooks": [],
          "afterHooks": [],
          "tests": [
            {
              "title": "spintype of win is tru",
              "fullTitle": "Test type of win spintype of win is tru",
              "timedOut": false,
              "duration": 851,
              "state": "passed",
              "speed": "slow",
              "pass": true,
              "fail": false,
              "pending": false,
              "context": null,
              "code": "const responce = await spin(urlSpin, token, id, elbet, lines);\nlet { res } = responce;\nconsole.log(res);\n\nfunction typeofwin() {\n    const totalWin = res.context.win.total;\n    const matrix = res.context.matrix;\n    console.log(matrix);\n    const bet = betLines(res);\n    const typeCoef = totalWin / bet;\n    console.log((typeCoef) + \" - typeCoef\");\n    if (typeCoef < 10) {\n        return \"regular\";\n    } else if (typeCoef >= 10 && typeCoef < 100) {\n        return \"big\";\n    } else if (typeCoef >= 100 && typeCoef < 500) {\n        return \"ultra\";\n    } else if (typeCoef >= 500 && typeCoef <= 1500) {\n        return \"mega\";\n    }\n}\nif (res.context.hasOwnProperty('win')) {\n    const gameTypeWin = res.context.win.type;\n    console.log((gameTypeWin) + '  - gameTypeWin');\n\n    expect(gameTypeWin).to.eql(typeofwin());\n    // console.log(\"Type of win is correct\");\n    logger.info(\"Type of win is correct\");\n} else {\n    console.log(\"spin without wining\");\n}",
              "err": {},
              "uuid": "a14b8865-c279-4a61-b5e9-68dba169e541",
              "parentUUID": "130a9fa5-a225-495a-b540-3e5d3312f262",
              "isHook": false,
              "skipped": false
            }
          ],
          "suites": [],
          "passes": [
            "a14b8865-c279-4a61-b5e9-68dba169e541"
          ],
          "failures": [],
          "pending": [],
          "skipped": [],
          "duration": 851,
          "root": false,
          "rootEmpty": false,
          "_timeout": 30000
        },
        {
          "uuid": "b90265bb-a5b7-4d13-975c-932f3f168d7b",
          "title": "Test type of win",
          "fullFile": "/Users/marinaratova/Desktop/JS/mocha-chai-test-project/test/TypeOfWin5Lines.js",
          "file": "/test/TypeOfWin5Lines.js",
          "beforeHooks": [],
          "afterHooks": [],
          "tests": [
            {
              "title": "spintype of win is tru",
              "fullTitle": "Test type of win spintype of win is tru",
              "timedOut": false,
              "duration": 722,
              "state": "passed",
              "speed": "slow",
              "pass": true,
              "fail": false,
              "pending": false,
              "context": null,
              "code": "const responce = await spin(urlSpin, token, id, elbet, lines);\nlet { res } = responce;\nconsole.log(res);\n\nfunction typeofwin() {\n    const totalWin = res.context.win.total;\n    const matrix = res.context.matrix;\n    console.log(matrix);\n    const bet = betLines(res);\n    const typeCoef = totalWin / bet;\n    console.log((typeCoef) + \" - typeCoef\");\n    if (typeCoef < 10) {\n        return \"regular\";\n    } else if (typeCoef >= 10 && typeCoef < 100) {\n        return \"big\";\n    } else if (typeCoef >= 100 && typeCoef < 500) {\n        return \"ultra\";\n    } else if (typeCoef >= 500 && typeCoef <= 1500) {\n        return \"mega\";\n    }\n}\nif (res.context.hasOwnProperty('win')) {\n    const gameTypeWin = res.context.win.type;\n    console.log((gameTypeWin) + '  - gameTypeWin');\n\n    expect(gameTypeWin).to.eql(typeofwin());\n    // console.log(\"Type of win is correct\");\n    logger.info(\"Type of win is correct\");\n} else {\n    console.log(\"spin without wining\");\n}",
              "err": {},
              "uuid": "826f863e-0cc6-49a2-8792-31f6c822bc53",
              "parentUUID": "b90265bb-a5b7-4d13-975c-932f3f168d7b",
              "isHook": false,
              "skipped": false
            }
          ],
          "suites": [],
          "passes": [
            "826f863e-0cc6-49a2-8792-31f6c822bc53"
          ],
          "failures": [],
          "pending": [],
          "skipped": [],
          "duration": 722,
          "root": false,
          "rootEmpty": false,
          "_timeout": 30000
        },
        {
          "uuid": "3716c191-921f-4c84-8220-db7180acd7ff",
          "title": "Test type of win",
          "fullFile": "/Users/marinaratova/Desktop/JS/mocha-chai-test-project/test/TypeOfWin5Lines.js",
          "file": "/test/TypeOfWin5Lines.js",
          "beforeHooks": [],
          "afterHooks": [],
          "tests": [
            {
              "title": "spintype of win is tru",
              "fullTitle": "Test type of win spintype of win is tru",
              "timedOut": false,
              "duration": 775,
              "state": "passed",
              "speed": "slow",
              "pass": true,
              "fail": false,
              "pending": false,
              "context": null,
              "code": "const responce = await spin(urlSpin, token, id, elbet, lines);\nlet { res } = responce;\nconsole.log(res);\n\nfunction typeofwin() {\n    const totalWin = res.context.win.total;\n    const matrix = res.context.matrix;\n    console.log(matrix);\n    const bet = betLines(res);\n    const typeCoef = totalWin / bet;\n    console.log((typeCoef) + \" - typeCoef\");\n    if (typeCoef < 10) {\n        return \"regular\";\n    } else if (typeCoef >= 10 && typeCoef < 100) {\n        return \"big\";\n    } else if (typeCoef >= 100 && typeCoef < 500) {\n        return \"ultra\";\n    } else if (typeCoef >= 500 && typeCoef <= 1500) {\n        return \"mega\";\n    }\n}\nif (res.context.hasOwnProperty('win')) {\n    const gameTypeWin = res.context.win.type;\n    console.log((gameTypeWin) + '  - gameTypeWin');\n\n    expect(gameTypeWin).to.eql(typeofwin());\n    // console.log(\"Type of win is correct\");\n    logger.info(\"Type of win is correct\");\n} else {\n    console.log(\"spin without wining\");\n}",
              "err": {},
              "uuid": "e1c9936e-b10d-49c6-bae0-df8347a29a5f",
              "parentUUID": "3716c191-921f-4c84-8220-db7180acd7ff",
              "isHook": false,
              "skipped": false
            }
          ],
          "suites": [],
          "passes": [
            "e1c9936e-b10d-49c6-bae0-df8347a29a5f"
          ],
          "failures": [],
          "pending": [],
          "skipped": [],
          "duration": 775,
          "root": false,
          "rootEmpty": false,
          "_timeout": 30000
        },
        {
          "uuid": "e8758f04-518c-4d83-b60e-e4a8ef72ac95",
          "title": "Test type of win",
          "fullFile": "/Users/marinaratova/Desktop/JS/mocha-chai-test-project/test/TypeOfWin5Lines.js",
          "file": "/test/TypeOfWin5Lines.js",
          "beforeHooks": [],
          "afterHooks": [],
          "tests": [
            {
              "title": "spintype of win is tru",
              "fullTitle": "Test type of win spintype of win is tru",
              "timedOut": false,
              "duration": 759,
              "state": "passed",
              "speed": "slow",
              "pass": true,
              "fail": false,
              "pending": false,
              "context": null,
              "code": "const responce = await spin(urlSpin, token, id, elbet, lines);\nlet { res } = responce;\nconsole.log(res);\n\nfunction typeofwin() {\n    const totalWin = res.context.win.total;\n    const matrix = res.context.matrix;\n    console.log(matrix);\n    const bet = betLines(res);\n    const typeCoef = totalWin / bet;\n    console.log((typeCoef) + \" - typeCoef\");\n    if (typeCoef < 10) {\n        return \"regular\";\n    } else if (typeCoef >= 10 && typeCoef < 100) {\n        return \"big\";\n    } else if (typeCoef >= 100 && typeCoef < 500) {\n        return \"ultra\";\n    } else if (typeCoef >= 500 && typeCoef <= 1500) {\n        return \"mega\";\n    }\n}\nif (res.context.hasOwnProperty('win')) {\n    const gameTypeWin = res.context.win.type;\n    console.log((gameTypeWin) + '  - gameTypeWin');\n\n    expect(gameTypeWin).to.eql(typeofwin());\n    // console.log(\"Type of win is correct\");\n    logger.info(\"Type of win is correct\");\n} else {\n    console.log(\"spin without wining\");\n}",
              "err": {},
              "uuid": "ee0e1296-1763-45a0-afef-f7b3d45b8eba",
              "parentUUID": "e8758f04-518c-4d83-b60e-e4a8ef72ac95",
              "isHook": false,
              "skipped": false
            }
          ],
          "suites": [],
          "passes": [
            "ee0e1296-1763-45a0-afef-f7b3d45b8eba"
          ],
          "failures": [],
          "pending": [],
          "skipped": [],
          "duration": 759,
          "root": false,
          "rootEmpty": false,
          "_timeout": 30000
        },
        {
          "uuid": "7fcbb77d-67ce-4b10-ad42-c0a5dfbc2c2a",
          "title": "Test type of win",
          "fullFile": "/Users/marinaratova/Desktop/JS/mocha-chai-test-project/test/TypeOfWin5Lines.js",
          "file": "/test/TypeOfWin5Lines.js",
          "beforeHooks": [],
          "afterHooks": [],
          "tests": [
            {
              "title": "spintype of win is tru",
              "fullTitle": "Test type of win spintype of win is tru",
              "timedOut": false,
              "duration": 730,
              "state": "passed",
              "speed": "slow",
              "pass": true,
              "fail": false,
              "pending": false,
              "context": null,
              "code": "const responce = await spin(urlSpin, token, id, elbet, lines);\nlet { res } = responce;\nconsole.log(res);\n\nfunction typeofwin() {\n    const totalWin = res.context.win.total;\n    const matrix = res.context.matrix;\n    console.log(matrix);\n    const bet = betLines(res);\n    const typeCoef = totalWin / bet;\n    console.log((typeCoef) + \" - typeCoef\");\n    if (typeCoef < 10) {\n        return \"regular\";\n    } else if (typeCoef >= 10 && typeCoef < 100) {\n        return \"big\";\n    } else if (typeCoef >= 100 && typeCoef < 500) {\n        return \"ultra\";\n    } else if (typeCoef >= 500 && typeCoef <= 1500) {\n        return \"mega\";\n    }\n}\nif (res.context.hasOwnProperty('win')) {\n    const gameTypeWin = res.context.win.type;\n    console.log((gameTypeWin) + '  - gameTypeWin');\n\n    expect(gameTypeWin).to.eql(typeofwin());\n    // console.log(\"Type of win is correct\");\n    logger.info(\"Type of win is correct\");\n} else {\n    console.log(\"spin without wining\");\n}",
              "err": {},
              "uuid": "2f0ed1e5-fd19-4a12-b252-050ffdb5853c",
              "parentUUID": "7fcbb77d-67ce-4b10-ad42-c0a5dfbc2c2a",
              "isHook": false,
              "skipped": false
            }
          ],
          "suites": [],
          "passes": [
            "2f0ed1e5-fd19-4a12-b252-050ffdb5853c"
          ],
          "failures": [],
          "pending": [],
          "skipped": [],
          "duration": 730,
          "root": false,
          "rootEmpty": false,
          "_timeout": 30000
        },
        {
          "uuid": "21892362-6f7a-4575-8202-893c7fb7a268",
          "title": "Test type of win",
          "fullFile": "/Users/marinaratova/Desktop/JS/mocha-chai-test-project/test/TypeOfWin5Lines.js",
          "file": "/test/TypeOfWin5Lines.js",
          "beforeHooks": [],
          "afterHooks": [],
          "tests": [
            {
              "title": "spintype of win is tru",
              "fullTitle": "Test type of win spintype of win is tru",
              "timedOut": false,
              "duration": 907,
              "state": "passed",
              "speed": "slow",
              "pass": true,
              "fail": false,
              "pending": false,
              "context": null,
              "code": "const responce = await spin(urlSpin, token, id, elbet, lines);\nlet { res } = responce;\nconsole.log(res);\n\nfunction typeofwin() {\n    const totalWin = res.context.win.total;\n    const matrix = res.context.matrix;\n    console.log(matrix);\n    const bet = betLines(res);\n    const typeCoef = totalWin / bet;\n    console.log((typeCoef) + \" - typeCoef\");\n    if (typeCoef < 10) {\n        return \"regular\";\n    } else if (typeCoef >= 10 && typeCoef < 100) {\n        return \"big\";\n    } else if (typeCoef >= 100 && typeCoef < 500) {\n        return \"ultra\";\n    } else if (typeCoef >= 500 && typeCoef <= 1500) {\n        return \"mega\";\n    }\n}\nif (res.context.hasOwnProperty('win')) {\n    const gameTypeWin = res.context.win.type;\n    console.log((gameTypeWin) + '  - gameTypeWin');\n\n    expect(gameTypeWin).to.eql(typeofwin());\n    // console.log(\"Type of win is correct\");\n    logger.info(\"Type of win is correct\");\n} else {\n    console.log(\"spin without wining\");\n}",
              "err": {},
              "uuid": "dfb0934c-b449-4733-bed6-2b4ab535f408",
              "parentUUID": "21892362-6f7a-4575-8202-893c7fb7a268",
              "isHook": false,
              "skipped": false
            }
          ],
          "suites": [],
          "passes": [
            "dfb0934c-b449-4733-bed6-2b4ab535f408"
          ],
          "failures": [],
          "pending": [],
          "skipped": [],
          "duration": 907,
          "root": false,
          "rootEmpty": false,
          "_timeout": 30000
        },
        {
          "uuid": "46cd7c50-01ce-4ec1-8ff9-a65ad68aaf89",
          "title": "Test type of win",
          "fullFile": "/Users/marinaratova/Desktop/JS/mocha-chai-test-project/test/TypeOfWin5Lines.js",
          "file": "/test/TypeOfWin5Lines.js",
          "beforeHooks": [],
          "afterHooks": [],
          "tests": [
            {
              "title": "spintype of win is tru",
              "fullTitle": "Test type of win spintype of win is tru",
              "timedOut": false,
              "duration": 715,
              "state": "passed",
              "speed": "slow",
              "pass": true,
              "fail": false,
              "pending": false,
              "context": null,
              "code": "const responce = await spin(urlSpin, token, id, elbet, lines);\nlet { res } = responce;\nconsole.log(res);\n\nfunction typeofwin() {\n    const totalWin = res.context.win.total;\n    const matrix = res.context.matrix;\n    console.log(matrix);\n    const bet = betLines(res);\n    const typeCoef = totalWin / bet;\n    console.log((typeCoef) + \" - typeCoef\");\n    if (typeCoef < 10) {\n        return \"regular\";\n    } else if (typeCoef >= 10 && typeCoef < 100) {\n        return \"big\";\n    } else if (typeCoef >= 100 && typeCoef < 500) {\n        return \"ultra\";\n    } else if (typeCoef >= 500 && typeCoef <= 1500) {\n        return \"mega\";\n    }\n}\nif (res.context.hasOwnProperty('win')) {\n    const gameTypeWin = res.context.win.type;\n    console.log((gameTypeWin) + '  - gameTypeWin');\n\n    expect(gameTypeWin).to.eql(typeofwin());\n    // console.log(\"Type of win is correct\");\n    logger.info(\"Type of win is correct\");\n} else {\n    console.log(\"spin without wining\");\n}",
              "err": {},
              "uuid": "097f3e25-4c08-4e05-b74f-f79b169a5fe5",
              "parentUUID": "46cd7c50-01ce-4ec1-8ff9-a65ad68aaf89",
              "isHook": false,
              "skipped": false
            }
          ],
          "suites": [],
          "passes": [
            "097f3e25-4c08-4e05-b74f-f79b169a5fe5"
          ],
          "failures": [],
          "pending": [],
          "skipped": [],
          "duration": 715,
          "root": false,
          "rootEmpty": false,
          "_timeout": 30000
        },
        {
          "uuid": "8adf7a1d-bce8-4976-a6cd-c1dded853afb",
          "title": "Test type of win",
          "fullFile": "/Users/marinaratova/Desktop/JS/mocha-chai-test-project/test/TypeOfWin5Lines.js",
          "file": "/test/TypeOfWin5Lines.js",
          "beforeHooks": [],
          "afterHooks": [],
          "tests": [
            {
              "title": "spintype of win is tru",
              "fullTitle": "Test type of win spintype of win is tru",
              "timedOut": false,
              "duration": 921,
              "state": "passed",
              "speed": "slow",
              "pass": true,
              "fail": false,
              "pending": false,
              "context": null,
              "code": "const responce = await spin(urlSpin, token, id, elbet, lines);\nlet { res } = responce;\nconsole.log(res);\n\nfunction typeofwin() {\n    const totalWin = res.context.win.total;\n    const matrix = res.context.matrix;\n    console.log(matrix);\n    const bet = betLines(res);\n    const typeCoef = totalWin / bet;\n    console.log((typeCoef) + \" - typeCoef\");\n    if (typeCoef < 10) {\n        return \"regular\";\n    } else if (typeCoef >= 10 && typeCoef < 100) {\n        return \"big\";\n    } else if (typeCoef >= 100 && typeCoef < 500) {\n        return \"ultra\";\n    } else if (typeCoef >= 500 && typeCoef <= 1500) {\n        return \"mega\";\n    }\n}\nif (res.context.hasOwnProperty('win')) {\n    const gameTypeWin = res.context.win.type;\n    console.log((gameTypeWin) + '  - gameTypeWin');\n\n    expect(gameTypeWin).to.eql(typeofwin());\n    // console.log(\"Type of win is correct\");\n    logger.info(\"Type of win is correct\");\n} else {\n    console.log(\"spin without wining\");\n}",
              "err": {},
              "uuid": "416980b4-a99d-4a5a-9a00-5c029ed5fc55",
              "parentUUID": "8adf7a1d-bce8-4976-a6cd-c1dded853afb",
              "isHook": false,
              "skipped": false
            }
          ],
          "suites": [],
          "passes": [
            "416980b4-a99d-4a5a-9a00-5c029ed5fc55"
          ],
          "failures": [],
          "pending": [],
          "skipped": [],
          "duration": 921,
          "root": false,
          "rootEmpty": false,
          "_timeout": 30000
        }
      ],
      "passes": [],
      "failures": [],
      "pending": [],
      "skipped": [],
      "duration": 0,
      "root": true,
      "rootEmpty": true,
      "_timeout": 30000
    }
  ],
  "meta": {
    "mocha": {
      "version": "7.1.2"
    },
    "mochawesome": {
      "options": {
        "quiet": false,
        "reportFilename": "mochawesome",
        "saveHtml": true,
        "saveJson": true,
        "consoleReporter": "spec",
        "useInlineDiffs": false,
        "code": true
      },
      "version": "6.1.1"
    },
    "marge": {
      "options": null,
      "version": "5.1.0"
    }
  }
}