{
  "stats": {
    "suites": 16,
    "tests": 160,
    "passes": 160,
    "pending": 0,
    "failures": 0,
    "start": "2020-05-04T12:38:34.633Z",
    "end": "2020-05-04T12:38:40.368Z",
    "duration": 5735,
    "testsRegistered": 160,
    "passPercent": 100,
    "pendingPercent": 0,
    "other": 0,
    "hasOther": false,
    "skipped": 0,
    "hasSkipped": false
  },
  "results": [
    {
      "uuid": "4bc8aec7-fbb0-41dd-957e-5451724399a7",
      "title": "",
      "fullFile": "",
      "file": "",
      "beforeHooks": [],
      "afterHooks": [],
      "tests": [],
      "suites": [
        {
          "uuid": "434c1abf-2b5c-4c8b-9a51-0094b2199392",
          "title": "Test FSEW",
          "fullFile": "/Users/marinaratova/Desktop/JS/mocha-chai-test-project/test/testFSEW.js",
          "file": "/test/testFSEW.js",
          "beforeHooks": [
            {
              "title": "\"before all\" hook: Spin",
              "fullTitle": "Test FSEW \"before all\" hook: Spin",
              "timedOut": false,
              "duration": 1098,
              "state": null,
              "speed": null,
              "pass": false,
              "fail": false,
              "pending": false,
              "context": null,
              "code": "if (i >= 15 && nameAction == \"spin\") {\n    try {\n        const res = await spinbeforFSEW();\n        const obj = res.context.freespins.count;\n        console.log(obj.rest);\n        let action = false;\n        nameAction = \"freespin\";\n        data = {...data, ...obj, res, action };\n    } catch (error) {\n        let { code, message } = data.res.status;\n        console.log(code + \"  code\");\n        console.log(message + \"  message\");\n        console.log('!!!!!!ERROR in before block!!!!!! ' + error);\n    }\n} else {\n    try {\n        const res = await freespinEW();\n        expect(res.status.status).to.be.equal(200);\n        const obj = res.context.freespins.count;\n        const fsWin = res.context.freespins.win;\n        const matrix = res.context.matrix;\n        let funcResultExpW = chekExpendingWild(matrix);\n        const balance = res.user.balance;\n        const action = true;\n        nameAction = chekActionSpin(res);\n        const funcResult = checkWin1(res);\n        data = {...data, ...obj, res, matrix, balance, fsWin, action, funcResult, ...funcResultExpW };\n        if (funcResult !== null) {\n            let winLinesWithoutNull = funcResult.allWinLines.filter(winLines => winLines.id !== null);\n            console.log(funcResult.allWinLines);\n            console.log(winLinesWithoutNull);\n            if (funcResult.allWinLines[0].id == null && funcResult.allWinLines[0].amount != 0) {\n                let isWinNull = true;\n                let winLinesNull = funcResult.allWinLines[0];\n                data = {...data, isWinNull, winLinesNull };\n            }\n            data = {...data, winLinesWithoutNull, ...funcResult };\n        }\n        const file = await fs.readFile('db.json', 'utf8');\n        const fileData = JSON.parse(file);\n        globalDate = {...fileData };\n    } catch (error) {\n        console.log('!!!!!!ERROR in before block!!!!!! ' + error);\n    }\n}",
              "err": {},
              "uuid": "fdf4c9b4-4ae9-49f0-9e28-80e8740ea7bf",
              "parentUUID": "434c1abf-2b5c-4c8b-9a51-0094b2199392",
              "isHook": true,
              "skipped": false
            }
          ],
          "afterHooks": [
            {
              "title": "\"after all\" hook: wright",
              "fullTitle": "Test FSEW \"after all\" hook: wright",
              "timedOut": false,
              "duration": 1,
              "state": null,
              "speed": null,
              "pass": false,
              "fail": false,
              "pending": false,
              "context": null,
              "code": "let { rest, res } = data;\nif (rest > 0) {\n    let oldRest = res.context.freespins.count.rest;\n    let oldTotal = res.context.freespins.count.total;\n    let oldFsWin = res.context.freespins.win;\n    let oldBalance = res.user.balance;\n    globalDate = {...globalDate, oldRest, oldTotal, oldFsWin, oldBalance };\n    await fs.writeFile('db.json', JSON.stringify(globalDate));\n    // } else {\n    //     let oldRest = \"15\";\n    //     let oldTotal = \"15\";\n    //     let oldFsWin = res.context.freespins.win;\n    //     let oldBalance = res.user.balance;\n    //     globalDate = { oldRest, oldTotal, oldFsWin, oldBalance };\n    //     await fs.writeFile('db.json', JSON.stringify(globalDate));\n}",
              "err": {},
              "uuid": "0561d190-15b7-40d4-899e-83758579a115",
              "parentUUID": "434c1abf-2b5c-4c8b-9a51-0094b2199392",
              "isHook": true,
              "skipped": false
            }
          ],
          "tests": [
            {
              "title": "check correct add count of FS",
              "fullTitle": "Test FSEW check correct add count of FS",
              "timedOut": false,
              "duration": 0,
              "state": "passed",
              "speed": "fast",
              "pass": true,
              "fail": false,
              "pending": false,
              "context": null,
              "code": "let { action } = data;\nif (action == true) {\n    let { matrix, add, total, oldTotal } = data;\n    const arrScatter = [];\n    matrix.forEach((el) => {\n        let getScatter = el.filter(value => value == 1);\n        if (getScatter.length > 0) {\n            arrScatter.push(...getScatter);\n        }\n    });\n    if (arrScatter.length > 2) {\n        oldTotal = total + 15;\n        add = 15;\n        data = {...data, add, oldTotal };\n        i = i + 15;\n        console.log(add + \" add \");\n        expect(add).to.be.equal(15);\n    } else {\n        console.log(add + \" add\");\n        expect(add).to.equal(+0);\n    }\n}",
              "err": {},
              "uuid": "dccf720f-0f60-40f3-b7c5-d6c8af63d50f",
              "parentUUID": "434c1abf-2b5c-4c8b-9a51-0094b2199392",
              "isHook": false,
              "skipped": false
            },
            {
              "title": "check correct total FS",
              "fullTitle": "Test FSEW check correct total FS",
              "timedOut": false,
              "duration": 0,
              "state": "passed",
              "speed": "fast",
              "pass": true,
              "fail": false,
              "pending": false,
              "context": null,
              "code": "const { rest, add, total, action } = data;\nif (action == true) {\n    const { oldTotal } = globalDate;\n    if (add == 15) {\n        console.log(oldTotal + add + \" oldTotal FS + rest Fs  \" + total + \" total FS\");\n        expect(oldTotal + add).to.equal(total);\n    } else {\n        console.log(oldTotal + \" oldTotal FS  \" + total + \" total FS\");\n        expect(+oldTotal).to.equal(+total);\n    }\n}",
              "err": {},
              "uuid": "623178a8-0469-4c66-a72d-1b70f7aacde7",
              "parentUUID": "434c1abf-2b5c-4c8b-9a51-0094b2199392",
              "isHook": false,
              "skipped": false
            },
            {
              "title": "check rest FS",
              "fullTitle": "Test FSEW check rest FS",
              "timedOut": false,
              "duration": 1,
              "state": "passed",
              "speed": "fast",
              "pass": true,
              "fail": false,
              "pending": false,
              "context": null,
              "code": "const { add, rest, action } = data;\nconst oldRest = globalDate.oldRest;\nif (action == true) {\n    let rightRest = null;\n    if (add > 0) {\n        rightRest = oldRest - 1 + 15;\n    } else {\n        rightRest = oldRest - 1;\n    }\n    expect(rest).to.be.equal(rightRest);\n}",
              "err": {},
              "uuid": "a7d2f81c-4b02-4b1b-8b76-0315c37caaf9",
              "parentUUID": "434c1abf-2b5c-4c8b-9a51-0094b2199392",
              "isHook": false,
              "skipped": false
            },
            {
              "title": "balance is not change",
              "fullTitle": "Test FSEW balance is not change",
              "timedOut": false,
              "duration": 0,
              "state": "passed",
              "speed": "fast",
              "pass": true,
              "fail": false,
              "pending": false,
              "context": null,
              "code": "const { rest, balance, action } = data;\nlet { oldBalance } = globalDate;\nif (action) {\n    if (rest > 0) {\n        console.log(balance + \" balance\" + oldBalance + \" oldBalance\");\n        expect(balance).to.be.equal(oldBalance);\n    }\n}",
              "err": {},
              "uuid": "2b36110a-7c68-43e5-ae7f-592ee2798bf4",
              "parentUUID": "434c1abf-2b5c-4c8b-9a51-0094b2199392",
              "isHook": false,
              "skipped": false
            },
            {
              "title": "check correct wining symbol position in FS",
              "fullTitle": "Test FSEW check correct wining symbol position in FS",
              "timedOut": false,
              "duration": 0,
              "state": "passed",
              "speed": "fast",
              "pass": true,
              "fail": false,
              "pending": false,
              "context": null,
              "code": "let { newMatrix, winLinesWithoutNull, funcResult, action } = data;\nif (action == true) {\n    if (funcResult !== null) {\n        winLinesWithoutNull.forEach((el) => {\n            console.log(el.id + \"  id\");\n            const winPositions = el.positions;\n            console.log(winPositions);\n            console.log(el.amount + \"   amount\");\n            const winSymbol = el.symbol;\n            winPositions.forEach((el) => {\n                const tempSymbols = newMatrix[el[0]][el[1]];\n                if (tempSymbols !== \"2\") {\n                    expect(winSymbol).to.be.equal(tempSymbols);\n                } else {\n                    expect(\"2\").to.be.equal(tempSymbols);\n                    console.log('there is a wild in the pay line');\n                }\n            });\n            console.log([winSymbol] + \" is correct position\");\n        });\n    }\n}",
              "err": {},
              "uuid": "33a30a4c-7ff6-4d43-a991-91a09e121f09",
              "parentUUID": "434c1abf-2b5c-4c8b-9a51-0094b2199392",
              "isHook": false,
              "skipped": false
            },
            {
              "title": "check correct wining symbol position null in FS",
              "fullTitle": "Test FSEW check correct wining symbol position null in FS",
              "timedOut": false,
              "duration": 0,
              "state": "passed",
              "speed": "fast",
              "pass": true,
              "fail": false,
              "pending": false,
              "context": null,
              "code": "let { newMatrix, winLinesNull, isWinNull, funcResult, action } = data;\nif (action == true) {\n    if (funcResult !== null && isWinNull == true) {\n        console.log(winLinesNull);\n        const positionSymbols = winLinesNull.positions;\n        const symbol = 1;\n        positionSymbols.forEach((el) => {\n            const coordinate = el; // [0, 0] coordinate[0] coordinate[1]\n            const tempSymbols = newMatrix[coordinate[0]][coordinate[1]];\n            expect(symbol).to.be.equal(Number(tempSymbols));\n        });\n        console.log(\"position of wining Scatter is corect\");\n    }\n}",
              "err": {},
              "uuid": "00b87853-b005-4c6b-b064-15c3b8e264e9",
              "parentUUID": "434c1abf-2b5c-4c8b-9a51-0094b2199392",
              "isHook": false,
              "skipped": false
            },
            {
              "title": "check correct accrual of winnings in FS(without * 3)",
              "fullTitle": "Test FSEW check correct accrual of winnings in FS(without * 3)",
              "timedOut": false,
              "duration": 0,
              "state": "passed",
              "speed": "fast",
              "pass": true,
              "fail": false,
              "pending": false,
              "context": null,
              "code": "let { res, newMatrix, winLinesWithoutNull, funcResult, action } = data;\nif (action == true && funcResult !== null) {\n    let bet = betLines(res);\n    winLinesWithoutNull.forEach((el) => {\n        const winPositions = el.positions;\n        const winSymbol = el.symbol;\n        const amount = el.amount;\n        function winRight() {\n            return PaytableCoef(winPositions, paytable, winSymbol) * bet;\n        }\n        let rightAmount = winRight();\n        expect(amount).to.be.equal(rightAmount);\n    });\n}",
              "err": {},
              "uuid": "4d9ac27d-b2c4-4c72-b122-1f6a835af1f0",
              "parentUUID": "434c1abf-2b5c-4c8b-9a51-0094b2199392",
              "isHook": false,
              "skipped": false
            },
            {
              "title": "check correct accrual Scatter in FS(without * 3)",
              "fullTitle": "Test FSEW check correct accrual Scatter in FS(without * 3)",
              "timedOut": false,
              "duration": 0,
              "state": "passed",
              "speed": "fast",
              "pass": true,
              "fail": false,
              "pending": false,
              "context": null,
              "code": "let { res, winLinesNull, isWinNull, funcResult, action } = data;\nif (action == true) {\n    if (funcResult !== null && isWinNull == true) {\n        const bet = res.context.bet;\n        const symbol = 1;\n        const amount = winLinesNull.amount;\n        const winPositions = winLinesNull.positions;\n        console.log(winLinesNull);\n        const winRightNull = PaytableCoef(winPositions, paytable, symbol) * bet;\n        expect(amount).to.be.equal(winRightNull);\n        console.log(\"scatter is accrualed correct\" + amount + \" amount\" + winRightNull + \"winRightNull\");\n    }\n}",
              "err": {},
              "uuid": "da9f1131-f13f-4d77-be81-8e18e675a6ae",
              "parentUUID": "434c1abf-2b5c-4c8b-9a51-0094b2199392",
              "isHook": false,
              "skipped": false
            },
            {
              "title": "check correct accrual fsWin",
              "fullTitle": "Test FSEW check correct accrual fsWin",
              "timedOut": false,
              "duration": 0,
              "state": "passed",
              "speed": "fast",
              "pass": true,
              "fail": false,
              "pending": false,
              "context": null,
              "code": "let { fsWin, funcResult, allWinLines, action } = data;\nlet { oldFsWin } = globalDate;\nif (action == true) {\n    if (funcResult !== null) {\n        let sum = 0;\n        allWinLines.forEach((el) => {\n            let amount = el.amount;\n            return sum += amount;\n        });\n        console.log(fsWin + \" fsWin \" + oldFsWin + \" + \" + sum + \" oldFsWin + sum\");\n        expect(fsWin).to.be.equal(oldFsWin + sum);\n    }\n}",
              "err": {},
              "uuid": "29c957c8-e530-4671-90da-616dad636de4",
              "parentUUID": "434c1abf-2b5c-4c8b-9a51-0094b2199392",
              "isHook": false,
              "skipped": false
            },
            {
              "title": "check correct add fsWin to balance",
              "fullTitle": "Test FSEW check correct add fsWin to balance",
              "timedOut": false,
              "duration": 0,
              "state": "passed",
              "speed": "fast",
              "pass": true,
              "fail": false,
              "pending": false,
              "context": null,
              "code": "let { action } = data;\nif (action == true) {\n    const { add, rest, fsWin, balance } = data;\n    let { oldBalance } = globalDate;\n    if (rest == 0 && add == 0) {\n        const rightBalance = oldBalance + fsWin;\n        console.log(\"!!! balance \" + balance);\n        console.log(\"!!! rightBalance \" + rightBalance);\n        console.log(\"!!! fsWin \" + fsWin);\n        expect(balance).to.equal(rightBalance);\n    }\n}",
              "err": {},
              "uuid": "420ba93e-226b-437c-a256-5eb0c36d8518",
              "parentUUID": "434c1abf-2b5c-4c8b-9a51-0094b2199392",
              "isHook": false,
              "skipped": false
            }
          ],
          "suites": [],
          "passes": [
            "dccf720f-0f60-40f3-b7c5-d6c8af63d50f",
            "623178a8-0469-4c66-a72d-1b70f7aacde7",
            "a7d2f81c-4b02-4b1b-8b76-0315c37caaf9",
            "2b36110a-7c68-43e5-ae7f-592ee2798bf4",
            "33a30a4c-7ff6-4d43-a991-91a09e121f09",
            "00b87853-b005-4c6b-b064-15c3b8e264e9",
            "4d9ac27d-b2c4-4c72-b122-1f6a835af1f0",
            "da9f1131-f13f-4d77-be81-8e18e675a6ae",
            "29c957c8-e530-4671-90da-616dad636de4",
            "420ba93e-226b-437c-a256-5eb0c36d8518"
          ],
          "failures": [],
          "pending": [],
          "skipped": [],
          "duration": 1,
          "root": false,
          "rootEmpty": false,
          "_timeout": 30000
        },
        {
          "uuid": "397303f8-76f7-4102-8475-34181ed5996b",
          "title": "Test FSEW",
          "fullFile": "/Users/marinaratova/Desktop/JS/mocha-chai-test-project/test/testFSEW.js",
          "file": "/test/testFSEW.js",
          "beforeHooks": [
            {
              "title": "\"before all\" hook: Spin",
              "fullTitle": "Test FSEW \"before all\" hook: Spin",
              "timedOut": false,
              "duration": 252,
              "state": null,
              "speed": null,
              "pass": false,
              "fail": false,
              "pending": false,
              "context": null,
              "code": "if (i >= 15 && nameAction == \"spin\") {\n    try {\n        const res = await spinbeforFSEW();\n        const obj = res.context.freespins.count;\n        console.log(obj.rest);\n        let action = false;\n        nameAction = \"freespin\";\n        data = {...data, ...obj, res, action };\n    } catch (error) {\n        let { code, message } = data.res.status;\n        console.log(code + \"  code\");\n        console.log(message + \"  message\");\n        console.log('!!!!!!ERROR in before block!!!!!! ' + error);\n    }\n} else {\n    try {\n        const res = await freespinEW();\n        expect(res.status.status).to.be.equal(200);\n        const obj = res.context.freespins.count;\n        const fsWin = res.context.freespins.win;\n        const matrix = res.context.matrix;\n        let funcResultExpW = chekExpendingWild(matrix);\n        const balance = res.user.balance;\n        const action = true;\n        nameAction = chekActionSpin(res);\n        const funcResult = checkWin1(res);\n        data = {...data, ...obj, res, matrix, balance, fsWin, action, funcResult, ...funcResultExpW };\n        if (funcResult !== null) {\n            let winLinesWithoutNull = funcResult.allWinLines.filter(winLines => winLines.id !== null);\n            console.log(funcResult.allWinLines);\n            console.log(winLinesWithoutNull);\n            if (funcResult.allWinLines[0].id == null && funcResult.allWinLines[0].amount != 0) {\n                let isWinNull = true;\n                let winLinesNull = funcResult.allWinLines[0];\n                data = {...data, isWinNull, winLinesNull };\n            }\n            data = {...data, winLinesWithoutNull, ...funcResult };\n        }\n        const file = await fs.readFile('db.json', 'utf8');\n        const fileData = JSON.parse(file);\n        globalDate = {...fileData };\n    } catch (error) {\n        console.log('!!!!!!ERROR in before block!!!!!! ' + error);\n    }\n}",
              "err": {},
              "uuid": "7390832d-dac9-4e01-a642-4f8b1528ad16",
              "parentUUID": "397303f8-76f7-4102-8475-34181ed5996b",
              "isHook": true,
              "skipped": false
            }
          ],
          "afterHooks": [
            {
              "title": "\"after all\" hook: wright",
              "fullTitle": "Test FSEW \"after all\" hook: wright",
              "timedOut": false,
              "duration": 0,
              "state": null,
              "speed": null,
              "pass": false,
              "fail": false,
              "pending": false,
              "context": null,
              "code": "let { rest, res } = data;\nif (rest > 0) {\n    let oldRest = res.context.freespins.count.rest;\n    let oldTotal = res.context.freespins.count.total;\n    let oldFsWin = res.context.freespins.win;\n    let oldBalance = res.user.balance;\n    globalDate = {...globalDate, oldRest, oldTotal, oldFsWin, oldBalance };\n    await fs.writeFile('db.json', JSON.stringify(globalDate));\n    // } else {\n    //     let oldRest = \"15\";\n    //     let oldTotal = \"15\";\n    //     let oldFsWin = res.context.freespins.win;\n    //     let oldBalance = res.user.balance;\n    //     globalDate = { oldRest, oldTotal, oldFsWin, oldBalance };\n    //     await fs.writeFile('db.json', JSON.stringify(globalDate));\n}",
              "err": {},
              "uuid": "ed816726-3e6f-420d-93f4-14d39333df73",
              "parentUUID": "397303f8-76f7-4102-8475-34181ed5996b",
              "isHook": true,
              "skipped": false
            }
          ],
          "tests": [
            {
              "title": "check correct add count of FS",
              "fullTitle": "Test FSEW check correct add count of FS",
              "timedOut": false,
              "duration": 0,
              "state": "passed",
              "speed": "fast",
              "pass": true,
              "fail": false,
              "pending": false,
              "context": null,
              "code": "let { action } = data;\nif (action == true) {\n    let { matrix, add, total, oldTotal } = data;\n    const arrScatter = [];\n    matrix.forEach((el) => {\n        let getScatter = el.filter(value => value == 1);\n        if (getScatter.length > 0) {\n            arrScatter.push(...getScatter);\n        }\n    });\n    if (arrScatter.length > 2) {\n        oldTotal = total + 15;\n        add = 15;\n        data = {...data, add, oldTotal };\n        i = i + 15;\n        console.log(add + \" add \");\n        expect(add).to.be.equal(15);\n    } else {\n        console.log(add + \" add\");\n        expect(add).to.equal(+0);\n    }\n}",
              "err": {},
              "uuid": "9b2c5f7a-b330-40d3-b9a5-ba11b4b43fad",
              "parentUUID": "397303f8-76f7-4102-8475-34181ed5996b",
              "isHook": false,
              "skipped": false
            },
            {
              "title": "check correct total FS",
              "fullTitle": "Test FSEW check correct total FS",
              "timedOut": false,
              "duration": 1,
              "state": "passed",
              "speed": "fast",
              "pass": true,
              "fail": false,
              "pending": false,
              "context": null,
              "code": "const { rest, add, total, action } = data;\nif (action == true) {\n    const { oldTotal } = globalDate;\n    if (add == 15) {\n        console.log(oldTotal + add + \" oldTotal FS + rest Fs  \" + total + \" total FS\");\n        expect(oldTotal + add).to.equal(total);\n    } else {\n        console.log(oldTotal + \" oldTotal FS  \" + total + \" total FS\");\n        expect(+oldTotal).to.equal(+total);\n    }\n}",
              "err": {},
              "uuid": "72e3171d-5841-4462-85be-637efb4fefc8",
              "parentUUID": "397303f8-76f7-4102-8475-34181ed5996b",
              "isHook": false,
              "skipped": false
            },
            {
              "title": "check rest FS",
              "fullTitle": "Test FSEW check rest FS",
              "timedOut": false,
              "duration": 0,
              "state": "passed",
              "speed": "fast",
              "pass": true,
              "fail": false,
              "pending": false,
              "context": null,
              "code": "const { add, rest, action } = data;\nconst oldRest = globalDate.oldRest;\nif (action == true) {\n    let rightRest = null;\n    if (add > 0) {\n        rightRest = oldRest - 1 + 15;\n    } else {\n        rightRest = oldRest - 1;\n    }\n    expect(rest).to.be.equal(rightRest);\n}",
              "err": {},
              "uuid": "dc67444d-0af7-4d28-addb-2a622e06f346",
              "parentUUID": "397303f8-76f7-4102-8475-34181ed5996b",
              "isHook": false,
              "skipped": false
            },
            {
              "title": "balance is not change",
              "fullTitle": "Test FSEW balance is not change",
              "timedOut": false,
              "duration": 1,
              "state": "passed",
              "speed": "fast",
              "pass": true,
              "fail": false,
              "pending": false,
              "context": null,
              "code": "const { rest, balance, action } = data;\nlet { oldBalance } = globalDate;\nif (action) {\n    if (rest > 0) {\n        console.log(balance + \" balance\" + oldBalance + \" oldBalance\");\n        expect(balance).to.be.equal(oldBalance);\n    }\n}",
              "err": {},
              "uuid": "5c7a7ec2-bcc3-4e74-9e93-81e3519cbd71",
              "parentUUID": "397303f8-76f7-4102-8475-34181ed5996b",
              "isHook": false,
              "skipped": false
            },
            {
              "title": "check correct wining symbol position in FS",
              "fullTitle": "Test FSEW check correct wining symbol position in FS",
              "timedOut": false,
              "duration": 0,
              "state": "passed",
              "speed": "fast",
              "pass": true,
              "fail": false,
              "pending": false,
              "context": null,
              "code": "let { newMatrix, winLinesWithoutNull, funcResult, action } = data;\nif (action == true) {\n    if (funcResult !== null) {\n        winLinesWithoutNull.forEach((el) => {\n            console.log(el.id + \"  id\");\n            const winPositions = el.positions;\n            console.log(winPositions);\n            console.log(el.amount + \"   amount\");\n            const winSymbol = el.symbol;\n            winPositions.forEach((el) => {\n                const tempSymbols = newMatrix[el[0]][el[1]];\n                if (tempSymbols !== \"2\") {\n                    expect(winSymbol).to.be.equal(tempSymbols);\n                } else {\n                    expect(\"2\").to.be.equal(tempSymbols);\n                    console.log('there is a wild in the pay line');\n                }\n            });\n            console.log([winSymbol] + \" is correct position\");\n        });\n    }\n}",
              "err": {},
              "uuid": "f2e88051-9262-44d9-a3bc-db1f595aa593",
              "parentUUID": "397303f8-76f7-4102-8475-34181ed5996b",
              "isHook": false,
              "skipped": false
            },
            {
              "title": "check correct wining symbol position null in FS",
              "fullTitle": "Test FSEW check correct wining symbol position null in FS",
              "timedOut": false,
              "duration": 0,
              "state": "passed",
              "speed": "fast",
              "pass": true,
              "fail": false,
              "pending": false,
              "context": null,
              "code": "let { newMatrix, winLinesNull, isWinNull, funcResult, action } = data;\nif (action == true) {\n    if (funcResult !== null && isWinNull == true) {\n        console.log(winLinesNull);\n        const positionSymbols = winLinesNull.positions;\n        const symbol = 1;\n        positionSymbols.forEach((el) => {\n            const coordinate = el; // [0, 0] coordinate[0] coordinate[1]\n            const tempSymbols = newMatrix[coordinate[0]][coordinate[1]];\n            expect(symbol).to.be.equal(Number(tempSymbols));\n        });\n        console.log(\"position of wining Scatter is corect\");\n    }\n}",
              "err": {},
              "uuid": "ab435a94-a81e-47c6-b45d-dd9c625daebf",
              "parentUUID": "397303f8-76f7-4102-8475-34181ed5996b",
              "isHook": false,
              "skipped": false
            },
            {
              "title": "check correct accrual of winnings in FS(without * 3)",
              "fullTitle": "Test FSEW check correct accrual of winnings in FS(without * 3)",
              "timedOut": false,
              "duration": 0,
              "state": "passed",
              "speed": "fast",
              "pass": true,
              "fail": false,
              "pending": false,
              "context": null,
              "code": "let { res, newMatrix, winLinesWithoutNull, funcResult, action } = data;\nif (action == true && funcResult !== null) {\n    let bet = betLines(res);\n    winLinesWithoutNull.forEach((el) => {\n        const winPositions = el.positions;\n        const winSymbol = el.symbol;\n        const amount = el.amount;\n        function winRight() {\n            return PaytableCoef(winPositions, paytable, winSymbol) * bet;\n        }\n        let rightAmount = winRight();\n        expect(amount).to.be.equal(rightAmount);\n    });\n}",
              "err": {},
              "uuid": "8c36a3c0-24a0-4d36-860c-57ee2022dce2",
              "parentUUID": "397303f8-76f7-4102-8475-34181ed5996b",
              "isHook": false,
              "skipped": false
            },
            {
              "title": "check correct accrual Scatter in FS(without * 3)",
              "fullTitle": "Test FSEW check correct accrual Scatter in FS(without * 3)",
              "timedOut": false,
              "duration": 0,
              "state": "passed",
              "speed": "fast",
              "pass": true,
              "fail": false,
              "pending": false,
              "context": null,
              "code": "let { res, winLinesNull, isWinNull, funcResult, action } = data;\nif (action == true) {\n    if (funcResult !== null && isWinNull == true) {\n        const bet = res.context.bet;\n        const symbol = 1;\n        const amount = winLinesNull.amount;\n        const winPositions = winLinesNull.positions;\n        console.log(winLinesNull);\n        const winRightNull = PaytableCoef(winPositions, paytable, symbol) * bet;\n        expect(amount).to.be.equal(winRightNull);\n        console.log(\"scatter is accrualed correct\" + amount + \" amount\" + winRightNull + \"winRightNull\");\n    }\n}",
              "err": {},
              "uuid": "322353dc-0c53-4bbb-af67-6dbee0192c84",
              "parentUUID": "397303f8-76f7-4102-8475-34181ed5996b",
              "isHook": false,
              "skipped": false
            },
            {
              "title": "check correct accrual fsWin",
              "fullTitle": "Test FSEW check correct accrual fsWin",
              "timedOut": false,
              "duration": 0,
              "state": "passed",
              "speed": "fast",
              "pass": true,
              "fail": false,
              "pending": false,
              "context": null,
              "code": "let { fsWin, funcResult, allWinLines, action } = data;\nlet { oldFsWin } = globalDate;\nif (action == true) {\n    if (funcResult !== null) {\n        let sum = 0;\n        allWinLines.forEach((el) => {\n            let amount = el.amount;\n            return sum += amount;\n        });\n        console.log(fsWin + \" fsWin \" + oldFsWin + \" + \" + sum + \" oldFsWin + sum\");\n        expect(fsWin).to.be.equal(oldFsWin + sum);\n    }\n}",
              "err": {},
              "uuid": "36ecd863-e58f-4a67-bccf-b84448857dba",
              "parentUUID": "397303f8-76f7-4102-8475-34181ed5996b",
              "isHook": false,
              "skipped": false
            },
            {
              "title": "check correct add fsWin to balance",
              "fullTitle": "Test FSEW check correct add fsWin to balance",
              "timedOut": false,
              "duration": 0,
              "state": "passed",
              "speed": "fast",
              "pass": true,
              "fail": false,
              "pending": false,
              "context": null,
              "code": "let { action } = data;\nif (action == true) {\n    const { add, rest, fsWin, balance } = data;\n    let { oldBalance } = globalDate;\n    if (rest == 0 && add == 0) {\n        const rightBalance = oldBalance + fsWin;\n        console.log(\"!!! balance \" + balance);\n        console.log(\"!!! rightBalance \" + rightBalance);\n        console.log(\"!!! fsWin \" + fsWin);\n        expect(balance).to.equal(rightBalance);\n    }\n}",
              "err": {},
              "uuid": "52eb22f2-b047-4ba1-aeff-664989d4bffd",
              "parentUUID": "397303f8-76f7-4102-8475-34181ed5996b",
              "isHook": false,
              "skipped": false
            }
          ],
          "suites": [],
          "passes": [
            "9b2c5f7a-b330-40d3-b9a5-ba11b4b43fad",
            "72e3171d-5841-4462-85be-637efb4fefc8",
            "dc67444d-0af7-4d28-addb-2a622e06f346",
            "5c7a7ec2-bcc3-4e74-9e93-81e3519cbd71",
            "f2e88051-9262-44d9-a3bc-db1f595aa593",
            "ab435a94-a81e-47c6-b45d-dd9c625daebf",
            "8c36a3c0-24a0-4d36-860c-57ee2022dce2",
            "322353dc-0c53-4bbb-af67-6dbee0192c84",
            "36ecd863-e58f-4a67-bccf-b84448857dba",
            "52eb22f2-b047-4ba1-aeff-664989d4bffd"
          ],
          "failures": [],
          "pending": [],
          "skipped": [],
          "duration": 2,
          "root": false,
          "rootEmpty": false,
          "_timeout": 30000
        },
        {
          "uuid": "88b5d99f-d4c9-4ab0-bad3-d8613a31dd7c",
          "title": "Test FSEW",
          "fullFile": "/Users/marinaratova/Desktop/JS/mocha-chai-test-project/test/testFSEW.js",
          "file": "/test/testFSEW.js",
          "beforeHooks": [
            {
              "title": "\"before all\" hook: Spin",
              "fullTitle": "Test FSEW \"before all\" hook: Spin",
              "timedOut": false,
              "duration": 245,
              "state": null,
              "speed": null,
              "pass": false,
              "fail": false,
              "pending": false,
              "context": null,
              "code": "if (i >= 15 && nameAction == \"spin\") {\n    try {\n        const res = await spinbeforFSEW();\n        const obj = res.context.freespins.count;\n        console.log(obj.rest);\n        let action = false;\n        nameAction = \"freespin\";\n        data = {...data, ...obj, res, action };\n    } catch (error) {\n        let { code, message } = data.res.status;\n        console.log(code + \"  code\");\n        console.log(message + \"  message\");\n        console.log('!!!!!!ERROR in before block!!!!!! ' + error);\n    }\n} else {\n    try {\n        const res = await freespinEW();\n        expect(res.status.status).to.be.equal(200);\n        const obj = res.context.freespins.count;\n        const fsWin = res.context.freespins.win;\n        const matrix = res.context.matrix;\n        let funcResultExpW = chekExpendingWild(matrix);\n        const balance = res.user.balance;\n        const action = true;\n        nameAction = chekActionSpin(res);\n        const funcResult = checkWin1(res);\n        data = {...data, ...obj, res, matrix, balance, fsWin, action, funcResult, ...funcResultExpW };\n        if (funcResult !== null) {\n            let winLinesWithoutNull = funcResult.allWinLines.filter(winLines => winLines.id !== null);\n            console.log(funcResult.allWinLines);\n            console.log(winLinesWithoutNull);\n            if (funcResult.allWinLines[0].id == null && funcResult.allWinLines[0].amount != 0) {\n                let isWinNull = true;\n                let winLinesNull = funcResult.allWinLines[0];\n                data = {...data, isWinNull, winLinesNull };\n            }\n            data = {...data, winLinesWithoutNull, ...funcResult };\n        }\n        const file = await fs.readFile('db.json', 'utf8');\n        const fileData = JSON.parse(file);\n        globalDate = {...fileData };\n    } catch (error) {\n        console.log('!!!!!!ERROR in before block!!!!!! ' + error);\n    }\n}",
              "err": {},
              "uuid": "be6d20a2-aa10-4b70-9873-ae5cf637e2cd",
              "parentUUID": "88b5d99f-d4c9-4ab0-bad3-d8613a31dd7c",
              "isHook": true,
              "skipped": false
            }
          ],
          "afterHooks": [
            {
              "title": "\"after all\" hook: wright",
              "fullTitle": "Test FSEW \"after all\" hook: wright",
              "timedOut": false,
              "duration": 1,
              "state": null,
              "speed": null,
              "pass": false,
              "fail": false,
              "pending": false,
              "context": null,
              "code": "let { rest, res } = data;\nif (rest > 0) {\n    let oldRest = res.context.freespins.count.rest;\n    let oldTotal = res.context.freespins.count.total;\n    let oldFsWin = res.context.freespins.win;\n    let oldBalance = res.user.balance;\n    globalDate = {...globalDate, oldRest, oldTotal, oldFsWin, oldBalance };\n    await fs.writeFile('db.json', JSON.stringify(globalDate));\n    // } else {\n    //     let oldRest = \"15\";\n    //     let oldTotal = \"15\";\n    //     let oldFsWin = res.context.freespins.win;\n    //     let oldBalance = res.user.balance;\n    //     globalDate = { oldRest, oldTotal, oldFsWin, oldBalance };\n    //     await fs.writeFile('db.json', JSON.stringify(globalDate));\n}",
              "err": {},
              "uuid": "3571eb15-3ab1-4918-810d-7aa809cdbdc5",
              "parentUUID": "88b5d99f-d4c9-4ab0-bad3-d8613a31dd7c",
              "isHook": true,
              "skipped": false
            }
          ],
          "tests": [
            {
              "title": "check correct add count of FS",
              "fullTitle": "Test FSEW check correct add count of FS",
              "timedOut": false,
              "duration": 1,
              "state": "passed",
              "speed": "fast",
              "pass": true,
              "fail": false,
              "pending": false,
              "context": null,
              "code": "let { action } = data;\nif (action == true) {\n    let { matrix, add, total, oldTotal } = data;\n    const arrScatter = [];\n    matrix.forEach((el) => {\n        let getScatter = el.filter(value => value == 1);\n        if (getScatter.length > 0) {\n            arrScatter.push(...getScatter);\n        }\n    });\n    if (arrScatter.length > 2) {\n        oldTotal = total + 15;\n        add = 15;\n        data = {...data, add, oldTotal };\n        i = i + 15;\n        console.log(add + \" add \");\n        expect(add).to.be.equal(15);\n    } else {\n        console.log(add + \" add\");\n        expect(add).to.equal(+0);\n    }\n}",
              "err": {},
              "uuid": "1fb36b55-ad1c-4604-8b0d-5111ce191dcf",
              "parentUUID": "88b5d99f-d4c9-4ab0-bad3-d8613a31dd7c",
              "isHook": false,
              "skipped": false
            },
            {
              "title": "check correct total FS",
              "fullTitle": "Test FSEW check correct total FS",
              "timedOut": false,
              "duration": 0,
              "state": "passed",
              "speed": "fast",
              "pass": true,
              "fail": false,
              "pending": false,
              "context": null,
              "code": "const { rest, add, total, action } = data;\nif (action == true) {\n    const { oldTotal } = globalDate;\n    if (add == 15) {\n        console.log(oldTotal + add + \" oldTotal FS + rest Fs  \" + total + \" total FS\");\n        expect(oldTotal + add).to.equal(total);\n    } else {\n        console.log(oldTotal + \" oldTotal FS  \" + total + \" total FS\");\n        expect(+oldTotal).to.equal(+total);\n    }\n}",
              "err": {},
              "uuid": "2974ade9-c413-4e25-b93d-c8dcbbbe7bbf",
              "parentUUID": "88b5d99f-d4c9-4ab0-bad3-d8613a31dd7c",
              "isHook": false,
              "skipped": false
            },
            {
              "title": "check rest FS",
              "fullTitle": "Test FSEW check rest FS",
              "timedOut": false,
              "duration": 0,
              "state": "passed",
              "speed": "fast",
              "pass": true,
              "fail": false,
              "pending": false,
              "context": null,
              "code": "const { add, rest, action } = data;\nconst oldRest = globalDate.oldRest;\nif (action == true) {\n    let rightRest = null;\n    if (add > 0) {\n        rightRest = oldRest - 1 + 15;\n    } else {\n        rightRest = oldRest - 1;\n    }\n    expect(rest).to.be.equal(rightRest);\n}",
              "err": {},
              "uuid": "f41764cd-b8f4-4e55-a1e5-b0995816c6ec",
              "parentUUID": "88b5d99f-d4c9-4ab0-bad3-d8613a31dd7c",
              "isHook": false,
              "skipped": false
            },
            {
              "title": "balance is not change",
              "fullTitle": "Test FSEW balance is not change",
              "timedOut": false,
              "duration": 1,
              "state": "passed",
              "speed": "fast",
              "pass": true,
              "fail": false,
              "pending": false,
              "context": null,
              "code": "const { rest, balance, action } = data;\nlet { oldBalance } = globalDate;\nif (action) {\n    if (rest > 0) {\n        console.log(balance + \" balance\" + oldBalance + \" oldBalance\");\n        expect(balance).to.be.equal(oldBalance);\n    }\n}",
              "err": {},
              "uuid": "8138ecdf-1493-4ed6-8cdf-e27e1b9ed46e",
              "parentUUID": "88b5d99f-d4c9-4ab0-bad3-d8613a31dd7c",
              "isHook": false,
              "skipped": false
            },
            {
              "title": "check correct wining symbol position in FS",
              "fullTitle": "Test FSEW check correct wining symbol position in FS",
              "timedOut": false,
              "duration": 0,
              "state": "passed",
              "speed": "fast",
              "pass": true,
              "fail": false,
              "pending": false,
              "context": null,
              "code": "let { newMatrix, winLinesWithoutNull, funcResult, action } = data;\nif (action == true) {\n    if (funcResult !== null) {\n        winLinesWithoutNull.forEach((el) => {\n            console.log(el.id + \"  id\");\n            const winPositions = el.positions;\n            console.log(winPositions);\n            console.log(el.amount + \"   amount\");\n            const winSymbol = el.symbol;\n            winPositions.forEach((el) => {\n                const tempSymbols = newMatrix[el[0]][el[1]];\n                if (tempSymbols !== \"2\") {\n                    expect(winSymbol).to.be.equal(tempSymbols);\n                } else {\n                    expect(\"2\").to.be.equal(tempSymbols);\n                    console.log('there is a wild in the pay line');\n                }\n            });\n            console.log([winSymbol] + \" is correct position\");\n        });\n    }\n}",
              "err": {},
              "uuid": "c6500637-68a3-4522-8f13-7ea21b5c0341",
              "parentUUID": "88b5d99f-d4c9-4ab0-bad3-d8613a31dd7c",
              "isHook": false,
              "skipped": false
            },
            {
              "title": "check correct wining symbol position null in FS",
              "fullTitle": "Test FSEW check correct wining symbol position null in FS",
              "timedOut": false,
              "duration": 0,
              "state": "passed",
              "speed": "fast",
              "pass": true,
              "fail": false,
              "pending": false,
              "context": null,
              "code": "let { newMatrix, winLinesNull, isWinNull, funcResult, action } = data;\nif (action == true) {\n    if (funcResult !== null && isWinNull == true) {\n        console.log(winLinesNull);\n        const positionSymbols = winLinesNull.positions;\n        const symbol = 1;\n        positionSymbols.forEach((el) => {\n            const coordinate = el; // [0, 0] coordinate[0] coordinate[1]\n            const tempSymbols = newMatrix[coordinate[0]][coordinate[1]];\n            expect(symbol).to.be.equal(Number(tempSymbols));\n        });\n        console.log(\"position of wining Scatter is corect\");\n    }\n}",
              "err": {},
              "uuid": "c0300511-c4b8-4d5e-8a95-a98a4938c0af",
              "parentUUID": "88b5d99f-d4c9-4ab0-bad3-d8613a31dd7c",
              "isHook": false,
              "skipped": false
            },
            {
              "title": "check correct accrual of winnings in FS(without * 3)",
              "fullTitle": "Test FSEW check correct accrual of winnings in FS(without * 3)",
              "timedOut": false,
              "duration": 0,
              "state": "passed",
              "speed": "fast",
              "pass": true,
              "fail": false,
              "pending": false,
              "context": null,
              "code": "let { res, newMatrix, winLinesWithoutNull, funcResult, action } = data;\nif (action == true && funcResult !== null) {\n    let bet = betLines(res);\n    winLinesWithoutNull.forEach((el) => {\n        const winPositions = el.positions;\n        const winSymbol = el.symbol;\n        const amount = el.amount;\n        function winRight() {\n            return PaytableCoef(winPositions, paytable, winSymbol) * bet;\n        }\n        let rightAmount = winRight();\n        expect(amount).to.be.equal(rightAmount);\n    });\n}",
              "err": {},
              "uuid": "409e05a1-5c5a-49ec-8f5e-98fe0edfeae6",
              "parentUUID": "88b5d99f-d4c9-4ab0-bad3-d8613a31dd7c",
              "isHook": false,
              "skipped": false
            },
            {
              "title": "check correct accrual Scatter in FS(without * 3)",
              "fullTitle": "Test FSEW check correct accrual Scatter in FS(without * 3)",
              "timedOut": false,
              "duration": 0,
              "state": "passed",
              "speed": "fast",
              "pass": true,
              "fail": false,
              "pending": false,
              "context": null,
              "code": "let { res, winLinesNull, isWinNull, funcResult, action } = data;\nif (action == true) {\n    if (funcResult !== null && isWinNull == true) {\n        const bet = res.context.bet;\n        const symbol = 1;\n        const amount = winLinesNull.amount;\n        const winPositions = winLinesNull.positions;\n        console.log(winLinesNull);\n        const winRightNull = PaytableCoef(winPositions, paytable, symbol) * bet;\n        expect(amount).to.be.equal(winRightNull);\n        console.log(\"scatter is accrualed correct\" + amount + \" amount\" + winRightNull + \"winRightNull\");\n    }\n}",
              "err": {},
              "uuid": "45fa129e-d213-4a58-b366-89febd11300a",
              "parentUUID": "88b5d99f-d4c9-4ab0-bad3-d8613a31dd7c",
              "isHook": false,
              "skipped": false
            },
            {
              "title": "check correct accrual fsWin",
              "fullTitle": "Test FSEW check correct accrual fsWin",
              "timedOut": false,
              "duration": 0,
              "state": "passed",
              "speed": "fast",
              "pass": true,
              "fail": false,
              "pending": false,
              "context": null,
              "code": "let { fsWin, funcResult, allWinLines, action } = data;\nlet { oldFsWin } = globalDate;\nif (action == true) {\n    if (funcResult !== null) {\n        let sum = 0;\n        allWinLines.forEach((el) => {\n            let amount = el.amount;\n            return sum += amount;\n        });\n        console.log(fsWin + \" fsWin \" + oldFsWin + \" + \" + sum + \" oldFsWin + sum\");\n        expect(fsWin).to.be.equal(oldFsWin + sum);\n    }\n}",
              "err": {},
              "uuid": "1ce881f8-0f43-40c8-a7ae-ae671ce0e95d",
              "parentUUID": "88b5d99f-d4c9-4ab0-bad3-d8613a31dd7c",
              "isHook": false,
              "skipped": false
            },
            {
              "title": "check correct add fsWin to balance",
              "fullTitle": "Test FSEW check correct add fsWin to balance",
              "timedOut": false,
              "duration": 0,
              "state": "passed",
              "speed": "fast",
              "pass": true,
              "fail": false,
              "pending": false,
              "context": null,
              "code": "let { action } = data;\nif (action == true) {\n    const { add, rest, fsWin, balance } = data;\n    let { oldBalance } = globalDate;\n    if (rest == 0 && add == 0) {\n        const rightBalance = oldBalance + fsWin;\n        console.log(\"!!! balance \" + balance);\n        console.log(\"!!! rightBalance \" + rightBalance);\n        console.log(\"!!! fsWin \" + fsWin);\n        expect(balance).to.equal(rightBalance);\n    }\n}",
              "err": {},
              "uuid": "d6f75e17-40d1-4758-b6a1-f0c63cb6c3d5",
              "parentUUID": "88b5d99f-d4c9-4ab0-bad3-d8613a31dd7c",
              "isHook": false,
              "skipped": false
            }
          ],
          "suites": [],
          "passes": [
            "1fb36b55-ad1c-4604-8b0d-5111ce191dcf",
            "2974ade9-c413-4e25-b93d-c8dcbbbe7bbf",
            "f41764cd-b8f4-4e55-a1e5-b0995816c6ec",
            "8138ecdf-1493-4ed6-8cdf-e27e1b9ed46e",
            "c6500637-68a3-4522-8f13-7ea21b5c0341",
            "c0300511-c4b8-4d5e-8a95-a98a4938c0af",
            "409e05a1-5c5a-49ec-8f5e-98fe0edfeae6",
            "45fa129e-d213-4a58-b366-89febd11300a",
            "1ce881f8-0f43-40c8-a7ae-ae671ce0e95d",
            "d6f75e17-40d1-4758-b6a1-f0c63cb6c3d5"
          ],
          "failures": [],
          "pending": [],
          "skipped": [],
          "duration": 2,
          "root": false,
          "rootEmpty": false,
          "_timeout": 30000
        },
        {
          "uuid": "9736e6dc-6a85-4b79-b351-00945c9a7548",
          "title": "Test FSEW",
          "fullFile": "/Users/marinaratova/Desktop/JS/mocha-chai-test-project/test/testFSEW.js",
          "file": "/test/testFSEW.js",
          "beforeHooks": [
            {
              "title": "\"before all\" hook: Spin",
              "fullTitle": "Test FSEW \"before all\" hook: Spin",
              "timedOut": false,
              "duration": 247,
              "state": null,
              "speed": null,
              "pass": false,
              "fail": false,
              "pending": false,
              "context": null,
              "code": "if (i >= 15 && nameAction == \"spin\") {\n    try {\n        const res = await spinbeforFSEW();\n        const obj = res.context.freespins.count;\n        console.log(obj.rest);\n        let action = false;\n        nameAction = \"freespin\";\n        data = {...data, ...obj, res, action };\n    } catch (error) {\n        let { code, message } = data.res.status;\n        console.log(code + \"  code\");\n        console.log(message + \"  message\");\n        console.log('!!!!!!ERROR in before block!!!!!! ' + error);\n    }\n} else {\n    try {\n        const res = await freespinEW();\n        expect(res.status.status).to.be.equal(200);\n        const obj = res.context.freespins.count;\n        const fsWin = res.context.freespins.win;\n        const matrix = res.context.matrix;\n        let funcResultExpW = chekExpendingWild(matrix);\n        const balance = res.user.balance;\n        const action = true;\n        nameAction = chekActionSpin(res);\n        const funcResult = checkWin1(res);\n        data = {...data, ...obj, res, matrix, balance, fsWin, action, funcResult, ...funcResultExpW };\n        if (funcResult !== null) {\n            let winLinesWithoutNull = funcResult.allWinLines.filter(winLines => winLines.id !== null);\n            console.log(funcResult.allWinLines);\n            console.log(winLinesWithoutNull);\n            if (funcResult.allWinLines[0].id == null && funcResult.allWinLines[0].amount != 0) {\n                let isWinNull = true;\n                let winLinesNull = funcResult.allWinLines[0];\n                data = {...data, isWinNull, winLinesNull };\n            }\n            data = {...data, winLinesWithoutNull, ...funcResult };\n        }\n        const file = await fs.readFile('db.json', 'utf8');\n        const fileData = JSON.parse(file);\n        globalDate = {...fileData };\n    } catch (error) {\n        console.log('!!!!!!ERROR in before block!!!!!! ' + error);\n    }\n}",
              "err": {},
              "uuid": "7738285a-6adc-40dc-ae66-a10f37dececc",
              "parentUUID": "9736e6dc-6a85-4b79-b351-00945c9a7548",
              "isHook": true,
              "skipped": false
            }
          ],
          "afterHooks": [
            {
              "title": "\"after all\" hook: wright",
              "fullTitle": "Test FSEW \"after all\" hook: wright",
              "timedOut": false,
              "duration": 1,
              "state": null,
              "speed": null,
              "pass": false,
              "fail": false,
              "pending": false,
              "context": null,
              "code": "let { rest, res } = data;\nif (rest > 0) {\n    let oldRest = res.context.freespins.count.rest;\n    let oldTotal = res.context.freespins.count.total;\n    let oldFsWin = res.context.freespins.win;\n    let oldBalance = res.user.balance;\n    globalDate = {...globalDate, oldRest, oldTotal, oldFsWin, oldBalance };\n    await fs.writeFile('db.json', JSON.stringify(globalDate));\n    // } else {\n    //     let oldRest = \"15\";\n    //     let oldTotal = \"15\";\n    //     let oldFsWin = res.context.freespins.win;\n    //     let oldBalance = res.user.balance;\n    //     globalDate = { oldRest, oldTotal, oldFsWin, oldBalance };\n    //     await fs.writeFile('db.json', JSON.stringify(globalDate));\n}",
              "err": {},
              "uuid": "22beda65-b899-468e-a6f7-409e2538afdb",
              "parentUUID": "9736e6dc-6a85-4b79-b351-00945c9a7548",
              "isHook": true,
              "skipped": false
            }
          ],
          "tests": [
            {
              "title": "check correct add count of FS",
              "fullTitle": "Test FSEW check correct add count of FS",
              "timedOut": false,
              "duration": 0,
              "state": "passed",
              "speed": "fast",
              "pass": true,
              "fail": false,
              "pending": false,
              "context": null,
              "code": "let { action } = data;\nif (action == true) {\n    let { matrix, add, total, oldTotal } = data;\n    const arrScatter = [];\n    matrix.forEach((el) => {\n        let getScatter = el.filter(value => value == 1);\n        if (getScatter.length > 0) {\n            arrScatter.push(...getScatter);\n        }\n    });\n    if (arrScatter.length > 2) {\n        oldTotal = total + 15;\n        add = 15;\n        data = {...data, add, oldTotal };\n        i = i + 15;\n        console.log(add + \" add \");\n        expect(add).to.be.equal(15);\n    } else {\n        console.log(add + \" add\");\n        expect(add).to.equal(+0);\n    }\n}",
              "err": {},
              "uuid": "6da40b61-2143-4d03-9d65-ceff42ef1fc8",
              "parentUUID": "9736e6dc-6a85-4b79-b351-00945c9a7548",
              "isHook": false,
              "skipped": false
            },
            {
              "title": "check correct total FS",
              "fullTitle": "Test FSEW check correct total FS",
              "timedOut": false,
              "duration": 1,
              "state": "passed",
              "speed": "fast",
              "pass": true,
              "fail": false,
              "pending": false,
              "context": null,
              "code": "const { rest, add, total, action } = data;\nif (action == true) {\n    const { oldTotal } = globalDate;\n    if (add == 15) {\n        console.log(oldTotal + add + \" oldTotal FS + rest Fs  \" + total + \" total FS\");\n        expect(oldTotal + add).to.equal(total);\n    } else {\n        console.log(oldTotal + \" oldTotal FS  \" + total + \" total FS\");\n        expect(+oldTotal).to.equal(+total);\n    }\n}",
              "err": {},
              "uuid": "cbd08b6f-87af-4f3f-9e4c-39216b17b176",
              "parentUUID": "9736e6dc-6a85-4b79-b351-00945c9a7548",
              "isHook": false,
              "skipped": false
            },
            {
              "title": "check rest FS",
              "fullTitle": "Test FSEW check rest FS",
              "timedOut": false,
              "duration": 0,
              "state": "passed",
              "speed": "fast",
              "pass": true,
              "fail": false,
              "pending": false,
              "context": null,
              "code": "const { add, rest, action } = data;\nconst oldRest = globalDate.oldRest;\nif (action == true) {\n    let rightRest = null;\n    if (add > 0) {\n        rightRest = oldRest - 1 + 15;\n    } else {\n        rightRest = oldRest - 1;\n    }\n    expect(rest).to.be.equal(rightRest);\n}",
              "err": {},
              "uuid": "b11040bb-063a-41c7-b540-920f2f1ef9a9",
              "parentUUID": "9736e6dc-6a85-4b79-b351-00945c9a7548",
              "isHook": false,
              "skipped": false
            },
            {
              "title": "balance is not change",
              "fullTitle": "Test FSEW balance is not change",
              "timedOut": false,
              "duration": 1,
              "state": "passed",
              "speed": "fast",
              "pass": true,
              "fail": false,
              "pending": false,
              "context": null,
              "code": "const { rest, balance, action } = data;\nlet { oldBalance } = globalDate;\nif (action) {\n    if (rest > 0) {\n        console.log(balance + \" balance\" + oldBalance + \" oldBalance\");\n        expect(balance).to.be.equal(oldBalance);\n    }\n}",
              "err": {},
              "uuid": "468ba102-66b3-4f55-ad27-d35a7da8fc3f",
              "parentUUID": "9736e6dc-6a85-4b79-b351-00945c9a7548",
              "isHook": false,
              "skipped": false
            },
            {
              "title": "check correct wining symbol position in FS",
              "fullTitle": "Test FSEW check correct wining symbol position in FS",
              "timedOut": false,
              "duration": 1,
              "state": "passed",
              "speed": "fast",
              "pass": true,
              "fail": false,
              "pending": false,
              "context": null,
              "code": "let { newMatrix, winLinesWithoutNull, funcResult, action } = data;\nif (action == true) {\n    if (funcResult !== null) {\n        winLinesWithoutNull.forEach((el) => {\n            console.log(el.id + \"  id\");\n            const winPositions = el.positions;\n            console.log(winPositions);\n            console.log(el.amount + \"   amount\");\n            const winSymbol = el.symbol;\n            winPositions.forEach((el) => {\n                const tempSymbols = newMatrix[el[0]][el[1]];\n                if (tempSymbols !== \"2\") {\n                    expect(winSymbol).to.be.equal(tempSymbols);\n                } else {\n                    expect(\"2\").to.be.equal(tempSymbols);\n                    console.log('there is a wild in the pay line');\n                }\n            });\n            console.log([winSymbol] + \" is correct position\");\n        });\n    }\n}",
              "err": {},
              "uuid": "6632fd68-3674-405e-b9df-1d6225b10450",
              "parentUUID": "9736e6dc-6a85-4b79-b351-00945c9a7548",
              "isHook": false,
              "skipped": false
            },
            {
              "title": "check correct wining symbol position null in FS",
              "fullTitle": "Test FSEW check correct wining symbol position null in FS",
              "timedOut": false,
              "duration": 0,
              "state": "passed",
              "speed": "fast",
              "pass": true,
              "fail": false,
              "pending": false,
              "context": null,
              "code": "let { newMatrix, winLinesNull, isWinNull, funcResult, action } = data;\nif (action == true) {\n    if (funcResult !== null && isWinNull == true) {\n        console.log(winLinesNull);\n        const positionSymbols = winLinesNull.positions;\n        const symbol = 1;\n        positionSymbols.forEach((el) => {\n            const coordinate = el; // [0, 0] coordinate[0] coordinate[1]\n            const tempSymbols = newMatrix[coordinate[0]][coordinate[1]];\n            expect(symbol).to.be.equal(Number(tempSymbols));\n        });\n        console.log(\"position of wining Scatter is corect\");\n    }\n}",
              "err": {},
              "uuid": "78cda073-0e1d-4b77-b2bc-95ddbac8fb30",
              "parentUUID": "9736e6dc-6a85-4b79-b351-00945c9a7548",
              "isHook": false,
              "skipped": false
            },
            {
              "title": "check correct accrual of winnings in FS(without * 3)",
              "fullTitle": "Test FSEW check correct accrual of winnings in FS(without * 3)",
              "timedOut": false,
              "duration": 1,
              "state": "passed",
              "speed": "fast",
              "pass": true,
              "fail": false,
              "pending": false,
              "context": null,
              "code": "let { res, newMatrix, winLinesWithoutNull, funcResult, action } = data;\nif (action == true && funcResult !== null) {\n    let bet = betLines(res);\n    winLinesWithoutNull.forEach((el) => {\n        const winPositions = el.positions;\n        const winSymbol = el.symbol;\n        const amount = el.amount;\n        function winRight() {\n            return PaytableCoef(winPositions, paytable, winSymbol) * bet;\n        }\n        let rightAmount = winRight();\n        expect(amount).to.be.equal(rightAmount);\n    });\n}",
              "err": {},
              "uuid": "f3fe71cf-de8d-4936-9e39-90ec1dfd839b",
              "parentUUID": "9736e6dc-6a85-4b79-b351-00945c9a7548",
              "isHook": false,
              "skipped": false
            },
            {
              "title": "check correct accrual Scatter in FS(without * 3)",
              "fullTitle": "Test FSEW check correct accrual Scatter in FS(without * 3)",
              "timedOut": false,
              "duration": 0,
              "state": "passed",
              "speed": "fast",
              "pass": true,
              "fail": false,
              "pending": false,
              "context": null,
              "code": "let { res, winLinesNull, isWinNull, funcResult, action } = data;\nif (action == true) {\n    if (funcResult !== null && isWinNull == true) {\n        const bet = res.context.bet;\n        const symbol = 1;\n        const amount = winLinesNull.amount;\n        const winPositions = winLinesNull.positions;\n        console.log(winLinesNull);\n        const winRightNull = PaytableCoef(winPositions, paytable, symbol) * bet;\n        expect(amount).to.be.equal(winRightNull);\n        console.log(\"scatter is accrualed correct\" + amount + \" amount\" + winRightNull + \"winRightNull\");\n    }\n}",
              "err": {},
              "uuid": "7bb8ffd8-ed41-4483-87c8-faebd946c1b4",
              "parentUUID": "9736e6dc-6a85-4b79-b351-00945c9a7548",
              "isHook": false,
              "skipped": false
            },
            {
              "title": "check correct accrual fsWin",
              "fullTitle": "Test FSEW check correct accrual fsWin",
              "timedOut": false,
              "duration": 1,
              "state": "passed",
              "speed": "fast",
              "pass": true,
              "fail": false,
              "pending": false,
              "context": null,
              "code": "let { fsWin, funcResult, allWinLines, action } = data;\nlet { oldFsWin } = globalDate;\nif (action == true) {\n    if (funcResult !== null) {\n        let sum = 0;\n        allWinLines.forEach((el) => {\n            let amount = el.amount;\n            return sum += amount;\n        });\n        console.log(fsWin + \" fsWin \" + oldFsWin + \" + \" + sum + \" oldFsWin + sum\");\n        expect(fsWin).to.be.equal(oldFsWin + sum);\n    }\n}",
              "err": {},
              "uuid": "9c7d88b8-ab00-42eb-8cb8-735c3f871c6e",
              "parentUUID": "9736e6dc-6a85-4b79-b351-00945c9a7548",
              "isHook": false,
              "skipped": false
            },
            {
              "title": "check correct add fsWin to balance",
              "fullTitle": "Test FSEW check correct add fsWin to balance",
              "timedOut": false,
              "duration": 0,
              "state": "passed",
              "speed": "fast",
              "pass": true,
              "fail": false,
              "pending": false,
              "context": null,
              "code": "let { action } = data;\nif (action == true) {\n    const { add, rest, fsWin, balance } = data;\n    let { oldBalance } = globalDate;\n    if (rest == 0 && add == 0) {\n        const rightBalance = oldBalance + fsWin;\n        console.log(\"!!! balance \" + balance);\n        console.log(\"!!! rightBalance \" + rightBalance);\n        console.log(\"!!! fsWin \" + fsWin);\n        expect(balance).to.equal(rightBalance);\n    }\n}",
              "err": {},
              "uuid": "098bea51-2b85-4ca4-811c-53a72c45e5cd",
              "parentUUID": "9736e6dc-6a85-4b79-b351-00945c9a7548",
              "isHook": false,
              "skipped": false
            }
          ],
          "suites": [],
          "passes": [
            "6da40b61-2143-4d03-9d65-ceff42ef1fc8",
            "cbd08b6f-87af-4f3f-9e4c-39216b17b176",
            "b11040bb-063a-41c7-b540-920f2f1ef9a9",
            "468ba102-66b3-4f55-ad27-d35a7da8fc3f",
            "6632fd68-3674-405e-b9df-1d6225b10450",
            "78cda073-0e1d-4b77-b2bc-95ddbac8fb30",
            "f3fe71cf-de8d-4936-9e39-90ec1dfd839b",
            "7bb8ffd8-ed41-4483-87c8-faebd946c1b4",
            "9c7d88b8-ab00-42eb-8cb8-735c3f871c6e",
            "098bea51-2b85-4ca4-811c-53a72c45e5cd"
          ],
          "failures": [],
          "pending": [],
          "skipped": [],
          "duration": 5,
          "root": false,
          "rootEmpty": false,
          "_timeout": 30000
        },
        {
          "uuid": "0ba7d480-6010-4b39-a310-e05aa91335d7",
          "title": "Test FSEW",
          "fullFile": "/Users/marinaratova/Desktop/JS/mocha-chai-test-project/test/testFSEW.js",
          "file": "/test/testFSEW.js",
          "beforeHooks": [
            {
              "title": "\"before all\" hook: Spin",
              "fullTitle": "Test FSEW \"before all\" hook: Spin",
              "timedOut": false,
              "duration": 258,
              "state": null,
              "speed": null,
              "pass": false,
              "fail": false,
              "pending": false,
              "context": null,
              "code": "if (i >= 15 && nameAction == \"spin\") {\n    try {\n        const res = await spinbeforFSEW();\n        const obj = res.context.freespins.count;\n        console.log(obj.rest);\n        let action = false;\n        nameAction = \"freespin\";\n        data = {...data, ...obj, res, action };\n    } catch (error) {\n        let { code, message } = data.res.status;\n        console.log(code + \"  code\");\n        console.log(message + \"  message\");\n        console.log('!!!!!!ERROR in before block!!!!!! ' + error);\n    }\n} else {\n    try {\n        const res = await freespinEW();\n        expect(res.status.status).to.be.equal(200);\n        const obj = res.context.freespins.count;\n        const fsWin = res.context.freespins.win;\n        const matrix = res.context.matrix;\n        let funcResultExpW = chekExpendingWild(matrix);\n        const balance = res.user.balance;\n        const action = true;\n        nameAction = chekActionSpin(res);\n        const funcResult = checkWin1(res);\n        data = {...data, ...obj, res, matrix, balance, fsWin, action, funcResult, ...funcResultExpW };\n        if (funcResult !== null) {\n            let winLinesWithoutNull = funcResult.allWinLines.filter(winLines => winLines.id !== null);\n            console.log(funcResult.allWinLines);\n            console.log(winLinesWithoutNull);\n            if (funcResult.allWinLines[0].id == null && funcResult.allWinLines[0].amount != 0) {\n                let isWinNull = true;\n                let winLinesNull = funcResult.allWinLines[0];\n                data = {...data, isWinNull, winLinesNull };\n            }\n            data = {...data, winLinesWithoutNull, ...funcResult };\n        }\n        const file = await fs.readFile('db.json', 'utf8');\n        const fileData = JSON.parse(file);\n        globalDate = {...fileData };\n    } catch (error) {\n        console.log('!!!!!!ERROR in before block!!!!!! ' + error);\n    }\n}",
              "err": {},
              "uuid": "fa3dffda-7bdd-4f01-b99e-29d5fee06a75",
              "parentUUID": "0ba7d480-6010-4b39-a310-e05aa91335d7",
              "isHook": true,
              "skipped": false
            }
          ],
          "afterHooks": [
            {
              "title": "\"after all\" hook: wright",
              "fullTitle": "Test FSEW \"after all\" hook: wright",
              "timedOut": false,
              "duration": 1,
              "state": null,
              "speed": null,
              "pass": false,
              "fail": false,
              "pending": false,
              "context": null,
              "code": "let { rest, res } = data;\nif (rest > 0) {\n    let oldRest = res.context.freespins.count.rest;\n    let oldTotal = res.context.freespins.count.total;\n    let oldFsWin = res.context.freespins.win;\n    let oldBalance = res.user.balance;\n    globalDate = {...globalDate, oldRest, oldTotal, oldFsWin, oldBalance };\n    await fs.writeFile('db.json', JSON.stringify(globalDate));\n    // } else {\n    //     let oldRest = \"15\";\n    //     let oldTotal = \"15\";\n    //     let oldFsWin = res.context.freespins.win;\n    //     let oldBalance = res.user.balance;\n    //     globalDate = { oldRest, oldTotal, oldFsWin, oldBalance };\n    //     await fs.writeFile('db.json', JSON.stringify(globalDate));\n}",
              "err": {},
              "uuid": "6f2fe9c7-41fc-413f-a1b7-71407a9b6e82",
              "parentUUID": "0ba7d480-6010-4b39-a310-e05aa91335d7",
              "isHook": true,
              "skipped": false
            }
          ],
          "tests": [
            {
              "title": "check correct add count of FS",
              "fullTitle": "Test FSEW check correct add count of FS",
              "timedOut": false,
              "duration": 0,
              "state": "passed",
              "speed": "fast",
              "pass": true,
              "fail": false,
              "pending": false,
              "context": null,
              "code": "let { action } = data;\nif (action == true) {\n    let { matrix, add, total, oldTotal } = data;\n    const arrScatter = [];\n    matrix.forEach((el) => {\n        let getScatter = el.filter(value => value == 1);\n        if (getScatter.length > 0) {\n            arrScatter.push(...getScatter);\n        }\n    });\n    if (arrScatter.length > 2) {\n        oldTotal = total + 15;\n        add = 15;\n        data = {...data, add, oldTotal };\n        i = i + 15;\n        console.log(add + \" add \");\n        expect(add).to.be.equal(15);\n    } else {\n        console.log(add + \" add\");\n        expect(add).to.equal(+0);\n    }\n}",
              "err": {},
              "uuid": "81deae9b-3b03-4a53-b027-be4f58a603f0",
              "parentUUID": "0ba7d480-6010-4b39-a310-e05aa91335d7",
              "isHook": false,
              "skipped": false
            },
            {
              "title": "check correct total FS",
              "fullTitle": "Test FSEW check correct total FS",
              "timedOut": false,
              "duration": 0,
              "state": "passed",
              "speed": "fast",
              "pass": true,
              "fail": false,
              "pending": false,
              "context": null,
              "code": "const { rest, add, total, action } = data;\nif (action == true) {\n    const { oldTotal } = globalDate;\n    if (add == 15) {\n        console.log(oldTotal + add + \" oldTotal FS + rest Fs  \" + total + \" total FS\");\n        expect(oldTotal + add).to.equal(total);\n    } else {\n        console.log(oldTotal + \" oldTotal FS  \" + total + \" total FS\");\n        expect(+oldTotal).to.equal(+total);\n    }\n}",
              "err": {},
              "uuid": "52f36b4f-1c8c-4ddc-a39b-2f93337122a2",
              "parentUUID": "0ba7d480-6010-4b39-a310-e05aa91335d7",
              "isHook": false,
              "skipped": false
            },
            {
              "title": "check rest FS",
              "fullTitle": "Test FSEW check rest FS",
              "timedOut": false,
              "duration": 1,
              "state": "passed",
              "speed": "fast",
              "pass": true,
              "fail": false,
              "pending": false,
              "context": null,
              "code": "const { add, rest, action } = data;\nconst oldRest = globalDate.oldRest;\nif (action == true) {\n    let rightRest = null;\n    if (add > 0) {\n        rightRest = oldRest - 1 + 15;\n    } else {\n        rightRest = oldRest - 1;\n    }\n    expect(rest).to.be.equal(rightRest);\n}",
              "err": {},
              "uuid": "a7f9e4db-ae26-414b-be70-51d55c29aaf4",
              "parentUUID": "0ba7d480-6010-4b39-a310-e05aa91335d7",
              "isHook": false,
              "skipped": false
            },
            {
              "title": "balance is not change",
              "fullTitle": "Test FSEW balance is not change",
              "timedOut": false,
              "duration": 0,
              "state": "passed",
              "speed": "fast",
              "pass": true,
              "fail": false,
              "pending": false,
              "context": null,
              "code": "const { rest, balance, action } = data;\nlet { oldBalance } = globalDate;\nif (action) {\n    if (rest > 0) {\n        console.log(balance + \" balance\" + oldBalance + \" oldBalance\");\n        expect(balance).to.be.equal(oldBalance);\n    }\n}",
              "err": {},
              "uuid": "9501788b-c88b-493b-b06a-a3f6c1ef7f18",
              "parentUUID": "0ba7d480-6010-4b39-a310-e05aa91335d7",
              "isHook": false,
              "skipped": false
            },
            {
              "title": "check correct wining symbol position in FS",
              "fullTitle": "Test FSEW check correct wining symbol position in FS",
              "timedOut": false,
              "duration": 3,
              "state": "passed",
              "speed": "fast",
              "pass": true,
              "fail": false,
              "pending": false,
              "context": null,
              "code": "let { newMatrix, winLinesWithoutNull, funcResult, action } = data;\nif (action == true) {\n    if (funcResult !== null) {\n        winLinesWithoutNull.forEach((el) => {\n            console.log(el.id + \"  id\");\n            const winPositions = el.positions;\n            console.log(winPositions);\n            console.log(el.amount + \"   amount\");\n            const winSymbol = el.symbol;\n            winPositions.forEach((el) => {\n                const tempSymbols = newMatrix[el[0]][el[1]];\n                if (tempSymbols !== \"2\") {\n                    expect(winSymbol).to.be.equal(tempSymbols);\n                } else {\n                    expect(\"2\").to.be.equal(tempSymbols);\n                    console.log('there is a wild in the pay line');\n                }\n            });\n            console.log([winSymbol] + \" is correct position\");\n        });\n    }\n}",
              "err": {},
              "uuid": "0498e8ff-453f-4e3a-8aaa-e83a170f7209",
              "parentUUID": "0ba7d480-6010-4b39-a310-e05aa91335d7",
              "isHook": false,
              "skipped": false
            },
            {
              "title": "check correct wining symbol position null in FS",
              "fullTitle": "Test FSEW check correct wining symbol position null in FS",
              "timedOut": false,
              "duration": 0,
              "state": "passed",
              "speed": "fast",
              "pass": true,
              "fail": false,
              "pending": false,
              "context": null,
              "code": "let { newMatrix, winLinesNull, isWinNull, funcResult, action } = data;\nif (action == true) {\n    if (funcResult !== null && isWinNull == true) {\n        console.log(winLinesNull);\n        const positionSymbols = winLinesNull.positions;\n        const symbol = 1;\n        positionSymbols.forEach((el) => {\n            const coordinate = el; // [0, 0] coordinate[0] coordinate[1]\n            const tempSymbols = newMatrix[coordinate[0]][coordinate[1]];\n            expect(symbol).to.be.equal(Number(tempSymbols));\n        });\n        console.log(\"position of wining Scatter is corect\");\n    }\n}",
              "err": {},
              "uuid": "7260898b-fdc6-461d-9145-ab11e267a975",
              "parentUUID": "0ba7d480-6010-4b39-a310-e05aa91335d7",
              "isHook": false,
              "skipped": false
            },
            {
              "title": "check correct accrual of winnings in FS(without * 3)",
              "fullTitle": "Test FSEW check correct accrual of winnings in FS(without * 3)",
              "timedOut": false,
              "duration": 0,
              "state": "passed",
              "speed": "fast",
              "pass": true,
              "fail": false,
              "pending": false,
              "context": null,
              "code": "let { res, newMatrix, winLinesWithoutNull, funcResult, action } = data;\nif (action == true && funcResult !== null) {\n    let bet = betLines(res);\n    winLinesWithoutNull.forEach((el) => {\n        const winPositions = el.positions;\n        const winSymbol = el.symbol;\n        const amount = el.amount;\n        function winRight() {\n            return PaytableCoef(winPositions, paytable, winSymbol) * bet;\n        }\n        let rightAmount = winRight();\n        expect(amount).to.be.equal(rightAmount);\n    });\n}",
              "err": {},
              "uuid": "0cabe143-cbdb-4073-b111-7d53b047c0cf",
              "parentUUID": "0ba7d480-6010-4b39-a310-e05aa91335d7",
              "isHook": false,
              "skipped": false
            },
            {
              "title": "check correct accrual Scatter in FS(without * 3)",
              "fullTitle": "Test FSEW check correct accrual Scatter in FS(without * 3)",
              "timedOut": false,
              "duration": 0,
              "state": "passed",
              "speed": "fast",
              "pass": true,
              "fail": false,
              "pending": false,
              "context": null,
[...]
              "speed": "fast",
              "pass": true,
              "fail": false,
              "pending": false,
              "context": null,
              "code": "let { fsWin, funcResult, allWinLines, action } = data;\nlet { oldFsWin } = globalDate;\nif (action == true) {\n    if (funcResult !== null) {\n        let sum = 0;\n        allWinLines.forEach((el) => {\n            let amount = el.amount;\n            return sum += amount;\n        });\n        console.log(fsWin + \" fsWin \" + oldFsWin + \" + \" + sum + \" oldFsWin + sum\");\n        expect(fsWin).to.be.equal(oldFsWin + sum);\n    }\n}",
              "err": {},
              "uuid": "f339c9c6-b7f4-4811-b51a-dda173010204",
              "parentUUID": "b72403fb-da2d-4836-8b50-ea12def16615",
              "isHook": false,
              "skipped": false
            },
            {
              "title": "check correct add fsWin to balance",
              "fullTitle": "Test FSEW check correct add fsWin to balance",
              "timedOut": false,
              "duration": 0,
              "state": "passed",
              "speed": "fast",
              "pass": true,
              "fail": false,
              "pending": false,
              "context": null,
              "code": "let { action } = data;\nif (action == true) {\n    const { add, rest, fsWin, balance } = data;\n    let { oldBalance } = globalDate;\n    if (rest == 0 && add == 0) {\n        const rightBalance = oldBalance + fsWin;\n        console.log(\"!!! balance \" + balance);\n        console.log(\"!!! rightBalance \" + rightBalance);\n        console.log(\"!!! fsWin \" + fsWin);\n        expect(balance).to.equal(rightBalance);\n    }\n}",
              "err": {},
              "uuid": "8bd86e4e-5326-4666-b318-3ab5eaebaea2",
              "parentUUID": "b72403fb-da2d-4836-8b50-ea12def16615",
              "isHook": false,
              "skipped": false
            }
          ],
          "suites": [],
          "passes": [
            "65021afa-b3f9-4434-a16e-f0e0dd44d959",
            "8b805bf1-8440-4351-99cd-411243001132",
            "edf14d49-5378-4c72-9296-032b3f7407c8",
            "35469301-8975-493e-a0c0-79c3e72518a6",
            "786c3f14-16a0-4155-937f-81deb5da8628",
            "e68a8eeb-55e0-4df1-b50e-28984f120835",
            "2babaa1f-3cfc-4d67-b221-c91f9cb8ab0a",
            "95b9fd3a-1db4-4ad6-9e1f-d6bcd90cb3ba",
            "f339c9c6-b7f4-4811-b51a-dda173010204",
            "8bd86e4e-5326-4666-b318-3ab5eaebaea2"
          ],
          "failures": [],
          "pending": [],
          "skipped": [],
          "duration": 10,
          "root": false,
          "rootEmpty": false,
          "_timeout": 30000
        },
        {
          "uuid": "9d81d4f6-5eb3-47de-8737-0e9100d5d37b",
          "title": "Test FSEW",
          "fullFile": "/Users/marinaratova/Desktop/JS/mocha-chai-test-project/test/testFSEW.js",
          "file": "/test/testFSEW.js",
          "beforeHooks": [
            {
              "title": "\"before all\" hook: Spin",
              "fullTitle": "Test FSEW \"before all\" hook: Spin",
              "timedOut": false,
              "duration": 1046,
              "state": null,
              "speed": null,
              "pass": false,
              "fail": false,
              "pending": false,
              "context": null,
              "code": "if (i >= 15 && nameAction == \"spin\") {\n    try {\n        const res = await spinbeforFSEW();\n        const obj = res.context.freespins.count;\n        console.log(obj.rest);\n        let action = false;\n        nameAction = \"freespin\";\n        data = {...data, ...obj, res, action };\n    } catch (error) {\n        let { code, message } = data.res.status;\n        console.log(code + \"  code\");\n        console.log(message + \"  message\");\n        console.log('!!!!!!ERROR in before block!!!!!! ' + error);\n    }\n} else {\n    try {\n        const res = await freespinEW();\n        expect(res.status.status).to.be.equal(200);\n        const obj = res.context.freespins.count;\n        const fsWin = res.context.freespins.win;\n        const matrix = res.context.matrix;\n        let funcResultExpW = chekExpendingWild(matrix);\n        const balance = res.user.balance;\n        const action = true;\n        nameAction = chekActionSpin(res);\n        const funcResult = checkWin1(res);\n        data = {...data, ...obj, res, matrix, balance, fsWin, action, funcResult, ...funcResultExpW };\n        if (funcResult !== null) {\n            let winLinesWithoutNull = funcResult.allWinLines.filter(winLines => winLines.id !== null);\n            console.log(funcResult.allWinLines);\n            console.log(winLinesWithoutNull);\n            if (funcResult.allWinLines[0].id == null && funcResult.allWinLines[0].amount != 0) {\n                let isWinNull = true;\n                let winLinesNull = funcResult.allWinLines[0];\n                data = {...data, isWinNull, winLinesNull };\n            }\n            data = {...data, winLinesWithoutNull, ...funcResult };\n        }\n        const file = await fs.readFile('db.json', 'utf8');\n        const fileData = JSON.parse(file);\n        globalDate = {...fileData };\n    } catch (error) {\n        console.log('!!!!!!ERROR in before block!!!!!! ' + error);\n    }\n}",
              "err": {},
              "uuid": "2ffcda52-63b0-422f-87e9-d07e9470aee8",
              "parentUUID": "9d81d4f6-5eb3-47de-8737-0e9100d5d37b",
              "isHook": true,
              "skipped": false
            }
          ],
          "afterHooks": [
            {
              "title": "\"after all\" hook: wright",
              "fullTitle": "Test FSEW \"after all\" hook: wright",
              "timedOut": false,
              "duration": 0,
              "state": null,
              "speed": null,
              "pass": false,
              "fail": false,
              "pending": false,
              "context": null,
              "code": "let { rest, res } = data;\nif (rest > 0) {\n    let oldRest = res.context.freespins.count.rest;\n    let oldTotal = res.context.freespins.count.total;\n    let oldFsWin = res.context.freespins.win;\n    let oldBalance = res.user.balance;\n    globalDate = {...globalDate, oldRest, oldTotal, oldFsWin, oldBalance };\n    await fs.writeFile('db.json', JSON.stringify(globalDate));\n    // } else {\n    //     let oldRest = \"15\";\n    //     let oldTotal = \"15\";\n    //     let oldFsWin = res.context.freespins.win;\n    //     let oldBalance = res.user.balance;\n    //     globalDate = { oldRest, oldTotal, oldFsWin, oldBalance };\n    //     await fs.writeFile('db.json', JSON.stringify(globalDate));\n}",
              "err": {},
              "uuid": "dc6bc8cd-3cdb-4f99-a55f-37a36cbf4d22",
              "parentUUID": "9d81d4f6-5eb3-47de-8737-0e9100d5d37b",
              "isHook": true,
              "skipped": false
            }
          ],
          "tests": [
            {
              "title": "check correct add count of FS",
              "fullTitle": "Test FSEW check correct add count of FS",
              "timedOut": false,
              "duration": 0,
              "state": "passed",
              "speed": "fast",
              "pass": true,
              "fail": false,
              "pending": false,
              "context": null,
              "code": "let { action } = data;\nif (action == true) {\n    let { matrix, add, total, oldTotal } = data;\n    const arrScatter = [];\n    matrix.forEach((el) => {\n        let getScatter = el.filter(value => value == 1);\n        if (getScatter.length > 0) {\n            arrScatter.push(...getScatter);\n        }\n    });\n    if (arrScatter.length > 2) {\n        oldTotal = total + 15;\n        add = 15;\n        data = {...data, add, oldTotal };\n        i = i + 15;\n        console.log(add + \" add \");\n        expect(add).to.be.equal(15);\n    } else {\n        console.log(add + \" add\");\n        expect(add).to.equal(+0);\n    }\n}",
              "err": {},
              "uuid": "b5055927-5d48-4208-85d3-e44ccb2b6fc4",
              "parentUUID": "9d81d4f6-5eb3-47de-8737-0e9100d5d37b",
              "isHook": false,
              "skipped": false
            },
            {
              "title": "check correct total FS",
              "fullTitle": "Test FSEW check correct total FS",
              "timedOut": false,
              "duration": 0,
              "state": "passed",
              "speed": "fast",
              "pass": true,
              "fail": false,
              "pending": false,
              "context": null,
              "code": "const { rest, add, total, action } = data;\nif (action == true) {\n    const { oldTotal } = globalDate;\n    if (add == 15) {\n        console.log(oldTotal + add + \" oldTotal FS + rest Fs  \" + total + \" total FS\");\n        expect(oldTotal + add).to.equal(total);\n    } else {\n        console.log(oldTotal + \" oldTotal FS  \" + total + \" total FS\");\n        expect(+oldTotal).to.equal(+total);\n    }\n}",
              "err": {},
              "uuid": "f4c3f83a-450c-4a23-9cdf-1f709d22675b",
              "parentUUID": "9d81d4f6-5eb3-47de-8737-0e9100d5d37b",
              "isHook": false,
              "skipped": false
            },
            {
              "title": "check rest FS",
              "fullTitle": "Test FSEW check rest FS",
              "timedOut": false,
              "duration": 0,
              "state": "passed",
              "speed": "fast",
              "pass": true,
              "fail": false,
              "pending": false,
              "context": null,
              "code": "const { add, rest, action } = data;\nconst oldRest = globalDate.oldRest;\nif (action == true) {\n    let rightRest = null;\n    if (add > 0) {\n        rightRest = oldRest - 1 + 15;\n    } else {\n        rightRest = oldRest - 1;\n    }\n    expect(rest).to.be.equal(rightRest);\n}",
              "err": {},
              "uuid": "2d4d7639-f9b3-4c1e-aa1d-4ffec36db6f8",
              "parentUUID": "9d81d4f6-5eb3-47de-8737-0e9100d5d37b",
              "isHook": false,
              "skipped": false
            },
            {
              "title": "balance is not change",
              "fullTitle": "Test FSEW balance is not change",
              "timedOut": false,
              "duration": 0,
              "state": "passed",
              "speed": "fast",
              "pass": true,
              "fail": false,
              "pending": false,
              "context": null,
              "code": "const { rest, balance, action } = data;\nlet { oldBalance } = globalDate;\nif (action) {\n    if (rest > 0) {\n        console.log(balance + \" balance\" + oldBalance + \" oldBalance\");\n        expect(balance).to.be.equal(oldBalance);\n    }\n}",
              "err": {},
              "uuid": "2d5a676c-b2fd-4b8d-b9aa-e43c7dd2771e",
              "parentUUID": "9d81d4f6-5eb3-47de-8737-0e9100d5d37b",
              "isHook": false,
              "skipped": false
            },
            {
              "title": "check correct wining symbol position in FS",
              "fullTitle": "Test FSEW check correct wining symbol position in FS",
              "timedOut": false,
              "duration": 0,
              "state": "passed",
              "speed": "fast",
              "pass": true,
              "fail": false,
              "pending": false,
              "context": null,
              "code": "let { newMatrix, winLinesWithoutNull, funcResult, action } = data;\nif (action == true) {\n    if (funcResult !== null) {\n        winLinesWithoutNull.forEach((el) => {\n            console.log(el.id + \"  id\");\n            const winPositions = el.positions;\n            console.log(winPositions);\n            console.log(el.amount + \"   amount\");\n            const winSymbol = el.symbol;\n            winPositions.forEach((el) => {\n                const tempSymbols = newMatrix[el[0]][el[1]];\n                if (tempSymbols !== \"2\") {\n                    expect(winSymbol).to.be.equal(tempSymbols);\n                } else {\n                    expect(\"2\").to.be.equal(tempSymbols);\n                    console.log('there is a wild in the pay line');\n                }\n            });\n            console.log([winSymbol] + \" is correct position\");\n        });\n    }\n}",
              "err": {},
              "uuid": "16e14c8e-85f5-485b-bb1a-2a0ce275eafe",
              "parentUUID": "9d81d4f6-5eb3-47de-8737-0e9100d5d37b",
              "isHook": false,
              "skipped": false
            },
            {
              "title": "check correct wining symbol position null in FS",
              "fullTitle": "Test FSEW check correct wining symbol position null in FS",
              "timedOut": false,
              "duration": 0,
              "state": "passed",
              "speed": "fast",
              "pass": true,
              "fail": false,
              "pending": false,
              "context": null,
              "code": "let { newMatrix, winLinesNull, isWinNull, funcResult, action } = data;\nif (action == true) {\n    if (funcResult !== null && isWinNull == true) {\n        console.log(winLinesNull);\n        const positionSymbols = winLinesNull.positions;\n        const symbol = 1;\n        positionSymbols.forEach((el) => {\n            const coordinate = el; // [0, 0] coordinate[0] coordinate[1]\n            const tempSymbols = newMatrix[coordinate[0]][coordinate[1]];\n            expect(symbol).to.be.equal(Number(tempSymbols));\n        });\n        console.log(\"position of wining Scatter is corect\");\n    }\n}",
              "err": {},
              "uuid": "c75cb46d-bc9e-43df-a38b-6fd3a477ff76",
              "parentUUID": "9d81d4f6-5eb3-47de-8737-0e9100d5d37b",
              "isHook": false,
              "skipped": false
            },
            {
              "title": "check correct accrual of winnings in FS(without * 3)",
              "fullTitle": "Test FSEW check correct accrual of winnings in FS(without * 3)",
              "timedOut": false,
              "duration": 0,
              "state": "passed",
              "speed": "fast",
              "pass": true,
              "fail": false,
              "pending": false,
              "context": null,
              "code": "let { res, newMatrix, winLinesWithoutNull, funcResult, action } = data;\nif (action == true && funcResult !== null) {\n    let bet = betLines(res);\n    winLinesWithoutNull.forEach((el) => {\n        const winPositions = el.positions;\n        const winSymbol = el.symbol;\n        const amount = el.amount;\n        function winRight() {\n            return PaytableCoef(winPositions, paytable, winSymbol) * bet;\n        }\n        let rightAmount = winRight();\n        expect(amount).to.be.equal(rightAmount);\n    });\n}",
              "err": {},
              "uuid": "4e5dc2ab-4a96-45bd-814e-ef9a271fe04a",
              "parentUUID": "9d81d4f6-5eb3-47de-8737-0e9100d5d37b",
              "isHook": false,
              "skipped": false
            },
            {
              "title": "check correct accrual Scatter in FS(without * 3)",
              "fullTitle": "Test FSEW check correct accrual Scatter in FS(without * 3)",
              "timedOut": false,
              "duration": 0,
              "state": "passed",
              "speed": "fast",
              "pass": true,
              "fail": false,
              "pending": false,
              "context": null,
              "code": "let { res, winLinesNull, isWinNull, funcResult, action } = data;\nif (action == true) {\n    if (funcResult !== null && isWinNull == true) {\n        const bet = res.context.bet;\n        const symbol = 1;\n        const amount = winLinesNull.amount;\n        const winPositions = winLinesNull.positions;\n        console.log(winLinesNull);\n        const winRightNull = PaytableCoef(winPositions, paytable, symbol) * bet;\n        expect(amount).to.be.equal(winRightNull);\n        console.log(\"scatter is accrualed correct\" + amount + \" amount\" + winRightNull + \"winRightNull\");\n    }\n}",
              "err": {},
              "uuid": "aa13b322-d57a-4a60-b2f7-74a151f5942a",
              "parentUUID": "9d81d4f6-5eb3-47de-8737-0e9100d5d37b",
              "isHook": false,
              "skipped": false
            },
            {
              "title": "check correct accrual fsWin",
              "fullTitle": "Test FSEW check correct accrual fsWin",
              "timedOut": false,
              "duration": 0,
              "state": "passed",
              "speed": "fast",
              "pass": true,
              "fail": false,
              "pending": false,
              "context": null,
              "code": "let { fsWin, funcResult, allWinLines, action } = data;\nlet { oldFsWin } = globalDate;\nif (action == true) {\n    if (funcResult !== null) {\n        let sum = 0;\n        allWinLines.forEach((el) => {\n            let amount = el.amount;\n            return sum += amount;\n        });\n        console.log(fsWin + \" fsWin \" + oldFsWin + \" + \" + sum + \" oldFsWin + sum\");\n        expect(fsWin).to.be.equal(oldFsWin + sum);\n    }\n}",
              "err": {},
              "uuid": "ddcfbcad-5bfd-4ea6-87e6-de9c255dd4aa",
              "parentUUID": "9d81d4f6-5eb3-47de-8737-0e9100d5d37b",
              "isHook": false,
              "skipped": false
            },
            {
              "title": "check correct add fsWin to balance",
              "fullTitle": "Test FSEW check correct add fsWin to balance",
              "timedOut": false,
              "duration": 0,
              "state": "passed",
              "speed": "fast",
              "pass": true,
              "fail": false,
              "pending": false,
              "context": null,
              "code": "let { action } = data;\nif (action == true) {\n    const { add, rest, fsWin, balance } = data;\n    let { oldBalance } = globalDate;\n    if (rest == 0 && add == 0) {\n        const rightBalance = oldBalance + fsWin;\n        console.log(\"!!! balance \" + balance);\n        console.log(\"!!! rightBalance \" + rightBalance);\n        console.log(\"!!! fsWin \" + fsWin);\n        expect(balance).to.equal(rightBalance);\n    }\n}",
              "err": {},
              "uuid": "c630647f-8f27-42f0-b2e7-b13e9c6b1b65",
              "parentUUID": "9d81d4f6-5eb3-47de-8737-0e9100d5d37b",
              "isHook": false,
              "skipped": false
            }
          ],
          "suites": [],
          "passes": [
            "b5055927-5d48-4208-85d3-e44ccb2b6fc4",
            "f4c3f83a-450c-4a23-9cdf-1f709d22675b",
            "2d4d7639-f9b3-4c1e-aa1d-4ffec36db6f8",
            "2d5a676c-b2fd-4b8d-b9aa-e43c7dd2771e",
            "16e14c8e-85f5-485b-bb1a-2a0ce275eafe",
            "c75cb46d-bc9e-43df-a38b-6fd3a477ff76",
            "4e5dc2ab-4a96-45bd-814e-ef9a271fe04a",
            "aa13b322-d57a-4a60-b2f7-74a151f5942a",
            "ddcfbcad-5bfd-4ea6-87e6-de9c255dd4aa",
            "c630647f-8f27-42f0-b2e7-b13e9c6b1b65"
          ],
          "failures": [],
          "pending": [],
          "skipped": [],
          "duration": 0,
          "root": false,
          "rootEmpty": false,
          "_timeout": 30000
        }
      ],
      "passes": [],
      "failures": [],
      "pending": [],
      "skipped": [],
      "duration": 0,
      "root": true,
      "rootEmpty": true,
      "_timeout": 30000
    }
  ],
  "meta": {
    "mocha": {
      "version": "7.1.1"
    },
    "mochawesome": {
      "options": {
        "quiet": false,
        "reportFilename": "mochawesome",
        "saveHtml": true,
        "saveJson": true,
        "consoleReporter": "spec",
        "useInlineDiffs": false,
        "code": true
      },
      "version": "6.1.0"
    },
    "marge": {
      "options": null,
      "version": "5.1.0"
    }
  }
}